Started by user [8mha:////4Gca9mBWBzd/lg33yTkXSgpnBvzEk6UZc4sfjxDCmGChAAAAmR+LCAAAAAAAAP9b85aBtbiIQTGjNKU4P08vOT+vOD8nVc83PyU1x6OyILUoJzMv2y+/JJUBAhiZGBgqihhk0NSjKDWzXb3RdlLBUSYGJk8GtpzUvPSSDB8G5tKinBIGIZ+sxLJE/ZzEvHT94JKizLx0a6BxUmjGOUNodHsLgAzuEgZe/dLi1CL9pMycxBxDYwBvIV7qwgAAAA==[0mbilal fethi
Obtained Jenkinsfile from git https://gitlab.com/bifethi/petcliniks.git
[8mha:////4CNGB/hLBvfy//DSv0vZkW5oajASR9xIYFvwe0kdhar+AAAAoh+LCAAAAAAAAP9tjTEOwjAQBM8BClpKHuFItIiK1krDC0x8GCfWnbEdkooX8TX+gCESFVvtrLSa5wtWKcKBo5UdUu8otU4GP9jS5Mixv3geZcdn2TIl9igbHBs2eJyx4YwwR1SwULBGaj0nRzbDRnX6rmuvydanHMu2V1A5c4MHCFXMWcf8hSnC9jqYxPTz/BXAFEIGsfuclm8zQVqFvQAAAA==[0m[Pipeline] Start of Pipeline
[8mha:////4O++ejJR/SrowDUdL9BFbDpYPsPFkr1RJOlizoT/TT0sAAAApR+LCAAAAAAAAP9tjTEOwjAUQ3+KOrAycohUghExsUZZOEFIQkgb/d8mKe3EibgadyBQiQlLlmxL1nu+oE4RjhQdby12HpP2vA+jK4lPFLtroIm3dOGaMFGwXNpJkrGnpUrKFhaxClYC1hZ1oOTRZdiIVt1VExS65pxj2Q4CKm8GeAAThZxVzN8yR9jeRpMIf5y/AJj7DGxXvP/86jduZBmjwAAAAA==[0m[Pipeline] node
Running on [8mha:////4FzPFQBDtH3BgnhLuCzxV8QNQHBgSwdfiVxt9MuXYcXuAAAAoR+LCAAAAAAAAP9b85aBtbiIQTGjNKU4P08vOT+vOD8nVc83PyU1x6OyILUoJzMv2y+/JJUBAhiZGBgqihhk0NSjKDWzXb3RdlLBUSYGJk8GtpzUvPSSDB8G5tKinBIGIZ+sxLJE/ZzEvHT94JKizLx0a6BxUmjGOUNodHsLgAz2EgZR/eT83ILSktQifY2k0sycEt3MPE19AHHxbH3KAAAA[0mJenkins in /var/lib/jenkins/workspace/dockerImagePipe
[8mha:////4Pa+AHbcBDXXbgRJsGASuhgb1MNstzYcuyvE9Dt4Er6aAAAApR+LCAAAAAAAAP9tjTEOwjAUQ3+KOrAycoh0gA0xsUZZOEFIQkgb/d8mKe3EibgadyBQiQlLlmxL1nu+oE4RjhQdby12HpP2vA+jK4lPFLtroIm3dOGaMFGwXNpJkrGnpUrKFhaxClYC1hZ1oOTRZdiIVt1VExS65pxj2Q4CKm8GeAAThZxVzN8yR9jeRpMIf5y/AJj7DGxXvP/86jfoP95RwAAAAA==[0m[Pipeline] {
[8mha:////4FY58Ti/B1VL8Y8BvJs5j6iz3uUqC7EiW1LLbqpYKcP7AAAApR+LCAAAAAAAAP9tjTEOwjAUQ3+KOrAycoh0gQkxsUZZOEFIQkgb/d8mKe3EibgadyBQiQlLlmxL1nu+oE4RjhQdby12HpP2vA+jK4lPFLtroIm3dOGaMFGwXNpJkrGnpUrKFhaxClYC1hZ1oOTRZdiIVt1VExS65pxj2Q4CKm8GeAAThZxVzN8yR9jeRpMIf5y/AJj7DGxXvP/86jc09154wAAAAA==[0m[Pipeline] stage
[8mha:////4NaDEbanVyM7eXs14wRVRm1j1idd+QAs0WWewNlZ2poHAAAApR+LCAAAAAAAAP9tjTEOwjAUQ3+KOrAycoh0ggUxsUZZOEFIQkgb/d8mKe3EibgadyBQiQlLlmxL1nu+oE4RjhQdby12HpP2vA+jK4lPFLtroIm3dOGaMFGwXNpJkrGnpUrKFhaxClYC1hZ1oOTRZdiIVt1VExS65pxj2Q4CKm8GeAAThZxVzN8yR9jeRpMIf5y/AJj7DGxXvP/86jek7ggRwAAAAA==[0m[Pipeline] { (Declarative: Checkout SCM)
[8mha:////4AHDGmR9S4XVHrUL9o4WRHed4gYCOLSkeXhSFd8nhldtAAAAoh+LCAAAAAAAAP9tjTEOAiEURD9rLGwtPQTbaWGsbAmNJ0AWEZb8zwLrbuWJvJp3kLiJlZNMMm+a93rDOic4UbLcG+wdZu14DKOti0+U+lugiXu6ck2YKRguzSSpM+cFJRUDS1gDKwEbgzpQdmgLbIVXD9UGhba9lFS/o4DGdQM8gYlqLiqVL8wJdvexy4Q/z18BzLEA29ce4gfg7KmOvAAAAA==[0m[Pipeline] checkout
Selected Git installation does not exist. Using Default
The recommended git tool is: NONE
using credential f1d0a3f7-bce7-4490-b79d-88005a3c1905
 > git rev-parse --resolve-git-dir /var/lib/jenkins/workspace/dockerImagePipe/.git # timeout=10
Fetching changes from the remote Git repository
 > git config remote.origin.url https://gitlab.com/bifethi/petcliniks.git # timeout=10
Fetching upstream changes from https://gitlab.com/bifethi/petcliniks.git
 > git --version # timeout=10
 > git --version # 'git version 2.34.1'
using GIT_ASKPASS to set credentials DockerHub access
 > git fetch --tags --force --progress -- https://gitlab.com/bifethi/petcliniks.git +refs/heads/*:refs/remotes/origin/* # timeout=10
 > git rev-parse refs/remotes/origin/main^{commit} # timeout=10
Checking out Revision 97c2ccefde948449db728c58b97adc7d69a79dca (refs/remotes/origin/main)
 > git config core.sparsecheckout # timeout=10
 > git checkout -f 97c2ccefde948449db728c58b97adc7d69a79dca # timeout=10
Commit message: "Update file pom.xml"
 > git rev-list --no-walk 2623317968bfeea4b4014cbd91c1b4f8c03d40b5 # timeout=10
[8mha:////4HEyTv9n4Bpl6VP+T27eFM6LQbszRgqDBg6A/XzVzj4pAAAAoh+LCAAAAAAAAP9tjTEOAiEURD9rLGwtPQTbGRNjZUtoPAGyiLDkfxZYdytP5NW8g8RNrJxkknnTvNcb1jnBiZLl3mDvMGvHYxhtXXyi1N8CTdzTlWvCTMFwaSZJnTkvKKkYWMIaWAnYGNSBskNbYCu8eqg2KLTtpaT6HQU0rhvgCUxUc1GpfGFOsLuPXSb8ef4KYI6xADvU7j9Dg2gqvAAAAA==[0m[Pipeline] }
[8mha:////4MPaEb6kUpZ+qzbsjqPS6Difn1B4/HaQZmN1SLFpkEUoAAAAoh+LCAAAAAAAAP9tjTEOAiEURD9rLGwtPQRbWRhjZUtoPAGyiLDkfxZYdytP5NW8g8RNrJxkknnTvNcb1jnBiZLl3mDvMGvHYxhtXXyi1N8CTdzTlWvCTMFwaSZJnTkvKKkYWMIaWAnYGNSBskNbYCu8eqg2KLTtpaT6HQU0rhvgCUxUc1GpfGFOsLuPXSb8ef4KYI6xADvU7j9J+wGOvAAAAA==[0m[Pipeline] // stage
[8mha:////4FHZEx0M0grQgp29rnwmuUYo6PXVJoJSE65IMgyYIOqUAAAAph+LCAAAAAAAAP9tjTEOwjAQBM9BKWgpeYQDEh2iorXc8AITG+PEugv2haTiRXyNPxCIRMVWOyut5vmCMic4UPKycdgGzHWQXez91ORAqb1EGmRDZ1kTZopOajdosu44oyZ2MEcUsFCwdFhHygE9w0o15m6qaNBXJ07TtldQBHuDBwg1mdkk/sKYYH3tbSb8ef4KYOwYxI6h2G4+x/INtuQqUcEAAAA=[0m[Pipeline] withEnv
[8mha:////4GEIaWiTFun3UzwOy1lVjv9W7HwgxrBO0BGx/H3ItUr8AAAApR+LCAAAAAAAAP9tjTEOwjAUQ3+DOrAycoiUzoiJNerCCUITQtLo/zZJSSdOxNW4Ay2VmPBg2Zas93pDGQOcKBjuNHYWY2t570czJ54pdDdPmTu68pYwkte80bkhpc9rbShpWFUw2AjYamw9RYsmwU44+ZCVl2iqSwrzdhTArBrgCYWYyUmG9C1TgP19VJHwx/kLgKlPwOrDYvXyLD8BobDcwgAAAA==[0m[Pipeline] {
[8mha:////4LrjJmU02Y1uLNTOdvQtLeProBrk1PtY2Ap0yjFhBQzRAAAAph+LCAAAAAAAAP9tjTEOwjAUQ3+LOrAycohUZUVMrFEWThCaEJJG/7dJSjpxIq7GHWipxIQHy7ZkvdcbqhjgRMEwp7GzGFvLej+aObFMobt5yszRlbWEkbxmQmdBSp/XKihpWFWUsOGw1dh6ihZNgh138iFrL9HUlxTm7cihtGqAJxR8JicZ0rdMAfb3UUXCH+cvAKY+Qdk0ix2WZ/UBbwyqm8IAAAA=[0m[Pipeline] stage
[8mha:////4HhEip2DEus7PfDtVgc1rCG1ofkGWmUB0eIYjnt0iwdfAAAAph+LCAAAAAAAAP9tjTEOwjAUQ3+LOrAycohUwIiYukZZOEFoQkgb/V9+UtqJE3E17kBLJSY8WLYl673eUESGE7ETjcXWY6y96ELvpiQG4vYaaBANXURNGClYoeygyNhqqYqShUVZDisJa4t1oOjRJdjIRj90GTS68px42o4Scm/u8IRMTuSkOX3LyLC99SYS/jh/ATB2CfLdfrbD/Cw+y7kUycIAAAA=[0m[Pipeline] { (Verification)
[8mha:////4BpK0k2O5RVgTzOH/F4lP5Fe16oaZjZcVexF8KVXHpzrAAAApB+LCAAAAAAAAP9tjTEOwjAQBC9BFLSUPOIiBB2iSmu54QUmNsaJdWdsh6TiRXyNPxCIRMUWq51t5vmCZYpw5GixNdQ5So3D4Hs7LRw4dhfPA7Z8xoYpsTcozSBZm3pGydnAnKKEhYCVocZzcmQzrEWr7qryimx1ynH6DgJKp2/wgEJM5qxi/sIYYXPtdWL6ef4KYAwZyu3uU/vwBgq0rvS+AAAA[0m[Pipeline] sh
+ whoami
jenkins
[8mha:////4NgD5+gSzFdsG90MSgyYvs8+nT/1w2LO+UnItu+zcu42AAAApB+LCAAAAAAAAP9tjTEOwjAQBC9BFLSUPOIihKgQVVrLDS8wsTFOrDtjOyQVL+Jr/IFAJCq2WO1sM88XLFOEI0eLraHOUWocBt/baeHAsbt4HrDlMzZMib1BaQbJ2tQzSs4G5hQlLASsDDWekyObYS1adVeVV2SrU47TdxBQOn2DBxRiMmcV8xfGCJtrrxPTz/NXAGPIUG53n9qHN0uFte2+AAAA[0m[Pipeline] sh
+ pwd
/var/lib/jenkins/workspace/dockerImagePipe
[8mha:////4KozUG0c+TLdRjQhsNJ4u22xwf27NBrrQ8wHG2I49jvXAAAApR+LCAAAAAAAAP9tjTEOwjAQBC9BFLSUPOIihESDqNJabniBiY1xYt0Z2yGpeBFf4w8EIlGxxWpnm3m+YJkiHDlabA11jlLjMPjeTgsHjt3F84Atn7FhSuwNSjNI1qaeUXI2MKcoYSFgZajxnBzZDGvRqruqvCJbnXKcvoOA0ukbPKAQkzmrmL8wRthce52Yfp6/AhhDyFBu95/avQEeFbpZvgAAAA==[0m[Pipeline] }
[8mha:////4Eo0uoUh4EIZhC+tuvmKm+UXsDZKaPvWkz1pftaCRUePAAAApB+LCAAAAAAAAP9tjTEOwjAQBC9BFLSUPOIiaCgQVVrLDS8wsTFOrDtjOyQVL+Jr/IFAJCq2WO1sM88XLFOEI0eLraHOUWocBt/baeHAsbt4HrDlMzZMib1BaQbJ2tQzSs4G5hQlLASsDDWekyObYS1adVeVV2SrU47TdxBQOn2DBxRiMmcV8xfGCJtrrxPTz/NXAGMIGcrt/lO7Ny324eW+AAAA[0m[Pipeline] // stage
[8mha:////4AifRT9chfzb994eaHnddu6bGSGsjtMpFKqIq69b1dtiAAAApx+LCAAAAAAAAP9tjTEOwjAUQ3+LOrAycohU3ZAQE2uUhROEJoSk0f9tkpJOnIircQdaKjHhwbItWe/1hioGOFEwzGnsLMbWst6PZk4sU+hunjJzdGUtYSSvmdBZkNLntQpKGlYVJWw4bDW2nqJFk2DHnXzI2ks09SWFeTtyKK0a4AkFn8lJhvQtU4D9fVSR8Mf5C4CpT1A2zWKH5Vl9AAkvMTrCAAAA[0m[Pipeline] stage
[8mha:////4JzYeeKdZqMSP7cLoXWWN3My1RjLBsUOTbHISyJp1E9OAAAApx+LCAAAAAAAAP9tjTEOwjAUQ3+LOrAycohUbCDE1DXKwglCE0La6P/yk9JOnIircQdaKjHhwbItWe/1hiIynIidaCy2HmPtRRd6NyUxELfXQINo6CJqwkjBCmUHRcZWS1WULCzKclhJWFusA0WPLsFGNvqhy6DRlefE03aUkHtzhydkciInzelbRobtrTeR8Mf5C4CxS5Dv9rMd5mfxASnCIIrCAAAA[0m[Pipeline] { (Maven Install)
[8mha:////4GI4B6tn/0wMi0AIVxmzBnSF7GrOFm3TdIHd6GflcdgEAAAApx+LCAAAAAAAAP9tjTEOwjAUQ3+LOrAycogU2BDqxBp14QShCSFp9H9JUtKJE3E17kCgEhMeLNuS9Z4vqIKHhrxmVmFvMHSGDW7UObFEvr84SszSmXWEgZxirUotSXWca0tRwayihAWHpcLOUTCoI6y4FXdRO4G6PkWftwOH0sgbPKDgmRyFj98yeVhfRxkIf5y/AJiGCOV2n223+TyrN7xWSV3CAAAA[0m[Pipeline] node
Running on [8mha:////4FzPFQBDtH3BgnhLuCzxV8QNQHBgSwdfiVxt9MuXYcXuAAAAoR+LCAAAAAAAAP9b85aBtbiIQTGjNKU4P08vOT+vOD8nVc83PyU1x6OyILUoJzMv2y+/JJUBAhiZGBgqihhk0NSjKDWzXb3RdlLBUSYGJk8GtpzUvPSSDB8G5tKinBIGIZ+sxLJE/ZzEvHT94JKizLx0a6BxUmjGOUNodHsLgAz2EgZR/eT83ILSktQifY2k0sycEt3MPE19AHHxbH3KAAAA[0mJenkins in /var/lib/jenkins/workspace/dockerImagePipe@2
[8mha:////4Bv35uxxyf62rxuoyijW22rYdN037cTKBGz0Y90Mh8zxAAAAph+LCAAAAAAAAP9tjTEOwjAUQ3+LOrAycogUWBFT1ygLJwhNCGmj/8tPSjtxIq7GHWipxIQHy7ZkvdcbishwInaisdh6jLUXXejdlMRA3F4DDaKhi6gJIwUrlB0UGVstVVGysCjLYSVhbbEOFD26BBvZ6Icug0ZXnhNP21FC7s0dnpDJiZw0p28ZGba33kTCH+cvAMYuQX7Yzbafn8UHbGnGmsIAAAA=[0m[Pipeline] {
[8mha:////4BnUIacYBTrSBmRKpES02xMCYiuAubdfrWJzHRPDDvvSAAAAox+LCAAAAAAAAP9tjTEOwjAQBC9BFLSUPOIi0iIqWisNLzCJMXasO8d2cCpexNf4A4FIVGyx2tlmni9YxwBHDhqtot5QbA16N+p5YebQXx1ntHzBlimyU9io3HCnTgs2nBQsKUpYCdgoah1HQzrBVlh5l5WTpKtzCvN3EFCaboAHFGI2JxnSF6YAu9vYRaaf568AJp+grPefqv0bH7uiub4AAAA=[0m[Pipeline] checkout
Selected Git installation does not exist. Using Default
The recommended git tool is: NONE
using credential f1d0a3f7-bce7-4490-b79d-88005a3c1905
 > git rev-parse --resolve-git-dir /var/lib/jenkins/workspace/dockerImagePipe@2/.git # timeout=10
Fetching changes from the remote Git repository
 > git config remote.origin.url https://gitlab.com/bifethi/petcliniks.git # timeout=10
Fetching upstream changes from https://gitlab.com/bifethi/petcliniks.git
 > git --version # timeout=10
 > git --version # 'git version 2.34.1'
using GIT_ASKPASS to set credentials DockerHub access
 > git fetch --tags --force --progress -- https://gitlab.com/bifethi/petcliniks.git +refs/heads/*:refs/remotes/origin/* # timeout=10
 > git rev-parse refs/remotes/origin/main^{commit} # timeout=10
Checking out Revision 97c2ccefde948449db728c58b97adc7d69a79dca (refs/remotes/origin/main)
 > git config core.sparsecheckout # timeout=10
 > git checkout -f 97c2ccefde948449db728c58b97adc7d69a79dca # timeout=10
Commit message: "Update file pom.xml"
[8mha:////4LD4C3S2pZMFlcEIQOgSlTGnf7EaVt//X+MoN/LgvWlhAAAAph+LCAAAAAAAAP9tjTEOwjAUQ3+LOrAycohUwIiYukZZOEFoQkgb/V9+UtqJE3E17kBLJSY8WLYl673eUESGE7ETjcXWY6y96ELvpiQG4vYaaBANXURNGClYoeygyNhqqYqShUVZDisJa4t1oOjRJdjIRj90GTS68px42o4Scm/u8IRMTuSkOX3LyLC99SYS/jh/ATB2CfL9brbD/Cw+pxeAFsIAAAA=[0m[Pipeline] withEnv
[8mha:////4GCZutovtWkyxFPNWfmzwiwM4aed3dBCeKT6QZkBWQQ0AAAApx+LCAAAAAAAAP9tjTEOwjAUQ3+LOrAycohUAjbE1DXKwglCE0La6P/yk9JOnIircQdaKjHhwbItWe/1hiIynIidaCy2HmPtRRd6NyUxELfXQINo6CJqwkjBCmUHRcZWS1WULCzKclhJWFusA0WPLsFGNvqhy6DRlefE03aUkHtzhydkciInzelbRobtrTeR8Mf5C4CxS5Dv9rMd5mfxAd6e6VPCAAAA[0m[Pipeline] {
[8mha:////4CZm0aS0Y9Qm+w7Vn3U0FfL/MA+GvLeIFG0jyerrLDc4AAAApB+LCAAAAAAAAP9tjTEOwjAQBC9BFLSUPOIiIagQVVrLDS8wsTFOrDtjOyQVL+Jr/IFAJCq2WO1sM88XLFOEI0eLraHOUWocBt/baeHAsbt4HrDlMzZMib1BaQbJ2tQzSs4G5hQlLASsDDWekyObYS1adVeVV2SrU47TdxBQOn2DBxRiMmcV8xfGCJtrrxPTz/NXAGPIUG53n9qHN38C26S+AAAA[0m[Pipeline] isUnix
[8mha:////4Fl82FyXtgdN7/FBuxV81Kx0CoAV8+/BkzdNJOyJJk7EAAAAqB+LCAAAAAAAAP9tjTEOwjAUQ3+LOrAycohUQogFMXWNsnCC0ISQNvq//KS0EyfiatyBlkpMeLBsS9Z7vaGIDCdiJxqLrcdYe9GF3k1JDMTtNdAgGrqImjBSsELZQZGx1VIVJQuLshxWEtYW60DRo0uwkY1+6DJodOU58bQdJeTe3OEJmZzISXP6lpFhe+tNJPxx/gJg7BLku/1sh/lZfABWKho3wgAAAA==[0m[Pipeline] withEnv
[8mha:////4DC9cxMfPN4AUlbPRbvaQKSdgdf2p9FFPndtTPvJAKmJAAAAqB+LCAAAAAAAAP9tjTEOwjAUQ3+LOrAycohUYoABMXWNsnCC0ISQNvq//KS0EyfiatyBlkpMeLBsS9Z7vaGIDCdiJxqLrcdYe9GF3k1JDMTtNdAgGrqImjBSsELZQZGx1VIVJQuLshxWEtYW60DRo0uwkY1+6DJodOU58bQdJeTe3OEJmZzISXP6lpFhe+tNJPxx/gJg7BLku/1sh/lZfAAyQCqkwgAAAA==[0m[Pipeline] {
[8mha:////4OiGMJam/CISzf7Mi4A5yCHCM36BlWnD2kz49CoX2QDLAAAApR+LCAAAAAAAAP9tjTEOwjAQBC9BFLSUPOIi0YCEqNJabniBiY1xYt0Z2yGpeBFf4w8EIlGxxWpnm3m+YJkiHDlabA11jlLjMPjeTgsHjt3F84Atn7FhSuwNSjNI1qaeUXI2MKcoYSFgZajxnBzZDGvRqruqvCJbnXKcvoOA0ukbPKAQkzmrmL8wRthce52Yfp6/AhhDhnK7+9Q+vAGvZp0gvgAAAA==[0m[Pipeline] sh
+ docker inspect -f . maven:3.6.3
.
[8mha:////4DQfxnYuoXfLhi12AQ/S12TV5XbpdN9RvYlSvMAfOoFeAAAApR+LCAAAAAAAAP9tjTEOwjAQBC9BFLSUPOIi0SCEqNJabniBiY1xYt0Z2yGpeBFf4w8EIlGxxWpnm3m+YJkiHDlabA11jlLjMPjeTgsHjt3F84Atn7FhSuwNSjNI1qaeUXI2MKcoYSFgZajxnBzZDGvRqruqvCJbnXKcvoOA0ukbPKAQkzmrmL8wRthce52Yfp6/AhhDyFBu95/avQGMKkS1vgAAAA==[0m[Pipeline] }
[8mha:////4J60kifHPho6NI7hVu7buflBOziBY8E53m9JWaJd21r/AAAApR+LCAAAAAAAAP9tjTEOwjAQBC9BFLSUPOKCQKJBqWgtN7zAJMY4se6C7eBUvIiv8QcsIlGxxWpnm3m9YRk81OwNdpp6S6GxOLjR5IWJfX91nLDjCzZMgZ1GqZPkVp9mlBw1zClKWAhYaWocB0smwlp06qEqp8hU5+jzdxRQ2vYOTyhENkfl4xcmD5vb2Aamn+evAKZhiFDut7l2hw9mQDtDvgAAAA==[0m[Pipeline] // withEnv
[8mha:////4OAjFcAxd7pElaEKJloC8+g3i7H7+mBu+cXl5bW1jTJfAAAAqB+LCAAAAAAAAP9tjT0OwjAUg1+LOrAycohU/GyoE2vUhROEJoSk0XslSUknTsTVuAOBSkx4sGxL1vd8QRU8NOQ1swp7g6EzbHCjzokl8v3FUWKWzqwjDOQUa1VqSarjXFuKCmYVJSw4LBV2joJBHWHFrbiL2gnU9Sn6vB04lEbe4AEFz+QofPyWycP6OspA+OP8BcA0RCi3+2y7zedZvQFaEWiMwgAAAA==[0m[Pipeline] withDockerContainer
Jenkins does not seem to be running inside a container
$ docker run -t -d -u 114:123 -w /var/lib/jenkins/workspace/dockerImagePipe@2 -v /var/lib/jenkins/workspace/dockerImagePipe@2:/var/lib/jenkins/workspace/dockerImagePipe@2:rw,z -v /var/lib/jenkins/workspace/dockerImagePipe@2@tmp:/var/lib/jenkins/workspace/dockerImagePipe@2@tmp:rw,z -e ******** -e ******** -e ******** -e ******** -e ******** -e ******** -e ******** -e ******** -e ******** -e ******** -e ******** -e ******** -e ******** -e ******** -e ******** -e ******** -e ******** -e ******** -e ******** -e ******** -e ******** -e ******** -e ******** -e ******** -e ******** -e ******** -e ******** -e ******** -e ******** -e ******** -e ******** -e ******** maven:3.6.3 cat
$ docker top 2ec8f00d495f490493558a719287abebf6fff7b633f756275dac93d99724040a -eo pid,comm
[8mha:////4EG3XGPhP0uMjVLik3oYYzcrsBdRCcyMhrhkFhvwR1XeAAAAph+LCAAAAAAAAP9tjTEOwjAUQ3+LOrAycohUwIiYukZZOEFoQkgb/V9+UtqJE3E17kBLJSY8WLYl673eUESGE7ETjcXWY6y96ELvpiQG4vYaaBANXURNGClYoeygyNhqqYqShUVZDisJa4t1oOjRJdjIRj90GTS68px42o4Scm/u8IRMTuSkOX3LyLC99SYS/jh/ATB2CfLDbrb9/Cw+2YMO4MIAAAA=[0m[Pipeline] {
[8mha:////4JZYG01LrlMrwIDRm5IH0QVWUrEs7aEGWrZU8TP/db9MAAAAox+LCAAAAAAAAP9tjTEOwjAQBC9BFLSUPOIikRJR0VppeIFJjLFj3Tm2g1PxIr7GHwhEomKL1c4283zBOgY4ctBoFfWGYmvQu1HPCzOH/uo4o+ULtkyRncJG5YY7dVqw4aRgSVHCSsBGUes4GtIJtsLKu6ycJF2dU5i/g4DSdAM8oBCzOcmQvjAF2N3GLjL9PH8FMPkEZb3/VO3favo5XL4AAAA=[0m[Pipeline] sh
+ mvn clean install checkstyle:checkstyle pmd:pmd findbugs:findbugs
[INFO] Scanning for projects...
[WARNING] 
[WARNING] Some problems were encountered while building the effective model for org.springframework.samples:spring-petclinic:jar:2.3.1.BUILD-SNAPSHOT
[WARNING] 'build.plugins.plugin.(groupId:artifactId)' must be unique but found duplicate declaration of plugin org.apache.maven.plugins:maven-checkstyle-plugin @ line 271, column 15
[WARNING] 
[WARNING] It is highly recommended to fix these problems because they threaten the stability of your build.
[WARNING] 
[WARNING] For this reason, future Maven versions might no longer support building such malformed projects.
[WARNING] 
Downloading from spring-snapshots: https://repo.spring.io/snapshot/org/apache/maven/plugins/maven-deploy-plugin/2.8.2/maven-deploy-plugin-2.8.2.pom
Downloading from spring-milestones: https://repo.spring.io/milestone/org/apache/maven/plugins/maven-deploy-plugin/2.8.2/maven-deploy-plugin-2.8.2.pom
Downloading from central: https://repo.maven.apache.org/maven2/org/apache/maven/plugins/maven-deploy-plugin/2.8.2/maven-deploy-plugin-2.8.2.pom
Progress (1): 2.8/7.1 kBProgress (1): 5.5/7.1 kBProgress (1): 7.1 kB                        Downloaded from central: https://repo.maven.apache.org/maven2/org/apache/maven/plugins/maven-deploy-plugin/2.8.2/maven-deploy-plugin-2.8.2.pom (7.1 kB at 21 kB/s)
Downloading from spring-snapshots: https://repo.spring.io/snapshot/org/apache/maven/plugins/maven-deploy-plugin/2.8.2/maven-deploy-plugin-2.8.2.jar
Downloading from spring-milestones: https://repo.spring.io/milestone/org/apache/maven/plugins/maven-deploy-plugin/2.8.2/maven-deploy-plugin-2.8.2.jar
Downloading from central: https://repo.maven.apache.org/maven2/org/apache/maven/plugins/maven-deploy-plugin/2.8.2/maven-deploy-plugin-2.8.2.jar
Progress (1): 2.8/34 kBProgress (1): 5.5/34 kBProgress (1): 8.3/34 kBProgress (1): 11/34 kB Progress (1): 14/34 kBProgress (1): 17/34 kBProgress (1): 19/34 kBProgress (1): 22/34 kBProgress (1): 25/34 kBProgress (1): 28/34 kBProgress (1): 30/34 kBProgress (1): 33/34 kBProgress (1): 34 kB                      Downloaded from central: https://repo.maven.apache.org/maven2/org/apache/maven/plugins/maven-deploy-plugin/2.8.2/maven-deploy-plugin-2.8.2.jar (34 kB at 758 kB/s)
Downloading from spring-snapshots: https://repo.spring.io/snapshot/org/apache/maven/plugins/maven-site-plugin/3.3/maven-site-plugin-3.3.pom
Downloading from spring-milestones: https://repo.spring.io/milestone/org/apache/maven/plugins/maven-site-plugin/3.3/maven-site-plugin-3.3.pom
Downloading from central: https://repo.maven.apache.org/maven2/org/apache/maven/plugins/maven-site-plugin/3.3/maven-site-plugin-3.3.pom
Progress (1): 2.8/21 kBProgress (1): 5.5/21 kBProgress (1): 8.3/21 kBProgress (1): 11/21 kB Progress (1): 14/21 kBProgress (1): 17/21 kBProgress (1): 19/21 kBProgress (1): 21 kB                      Downloaded from central: https://repo.maven.apache.org/maven2/org/apache/maven/plugins/maven-site-plugin/3.3/maven-site-plugin-3.3.pom (21 kB at 578 kB/s)
Downloading from spring-snapshots: https://repo.spring.io/snapshot/org/apache/maven/plugins/maven-plugins/24/maven-plugins-24.pom
Downloading from spring-milestones: https://repo.spring.io/milestone/org/apache/maven/plugins/maven-plugins/24/maven-plugins-24.pom
Downloading from central: https://repo.maven.apache.org/maven2/org/apache/maven/plugins/maven-plugins/24/maven-plugins-24.pom
Progress (1): 4.1/11 kBProgress (1): 8.2/11 kBProgress (1): 11 kB                       Downloaded from central: https://repo.maven.apache.org/maven2/org/apache/maven/plugins/maven-plugins/24/maven-plugins-24.pom (11 kB at 309 kB/s)
Downloading from spring-snapshots: https://repo.spring.io/snapshot/org/apache/maven/plugins/maven-site-plugin/3.3/maven-site-plugin-3.3.jar
Downloading from spring-milestones: https://repo.spring.io/milestone/org/apache/maven/plugins/maven-site-plugin/3.3/maven-site-plugin-3.3.jar
Downloading from central: https://repo.maven.apache.org/maven2/org/apache/maven/plugins/maven-site-plugin/3.3/maven-site-plugin-3.3.jar
Progress (1): 4.1/124 kBProgress (1): 8.2/124 kBProgress (1): 12/124 kB Progress (1): 16/124 kBProgress (1): 20/124 kBProgress (1): 25/124 kBProgress (1): 29/124 kBProgress (1): 33/124 kBProgress (1): 37/124 kBProgress (1): 41/124 kBProgress (1): 45/124 kBProgress (1): 49/124 kBProgress (1): 53/124 kBProgress (1): 57/124 kBProgress (1): 61/124 kBProgress (1): 66/124 kBProgress (1): 70/124 kBProgress (1): 74/124 kBProgress (1): 78/124 kBProgress (1): 82/124 kBProgress (1): 86/124 kBProgress (1): 90/124 kBProgress (1): 94/124 kBProgress (1): 98/124 kBProgress (1): 102/124 kBProgress (1): 106/124 kBProgress (1): 111/124 kBProgress (1): 115/124 kBProgress (1): 119/124 kBProgress (1): 123/124 kBProgress (1): 124 kB                        Downloaded from central: https://repo.maven.apache.org/maven2/org/apache/maven/plugins/maven-site-plugin/3.3/maven-site-plugin-3.3.jar (124 kB at 3.0 MB/s)
Downloading from spring-snapshots: https://repo.spring.io/snapshot/org/codehaus/mojo/build-helper-maven-plugin/3.1.0/build-helper-maven-plugin-3.1.0.pom
Downloading from spring-milestones: https://repo.spring.io/milestone/org/codehaus/mojo/build-helper-maven-plugin/3.1.0/build-helper-maven-plugin-3.1.0.pom
Downloading from central: https://repo.maven.apache.org/maven2/org/codehaus/mojo/build-helper-maven-plugin/3.1.0/build-helper-maven-plugin-3.1.0.pom
Progress (1): 4.1/5.8 kBProgress (1): 5.8 kB                        Downloaded from central: https://repo.maven.apache.org/maven2/org/codehaus/mojo/build-helper-maven-plugin/3.1.0/build-helper-maven-plugin-3.1.0.pom (5.8 kB at 123 kB/s)
Downloading from spring-snapshots: https://repo.spring.io/snapshot/org/codehaus/mojo/mojo-parent/50/mojo-parent-50.pom
Downloading from spring-milestones: https://repo.spring.io/milestone/org/codehaus/mojo/mojo-parent/50/mojo-parent-50.pom
Downloading from central: https://repo.maven.apache.org/maven2/org/codehaus/mojo/mojo-parent/50/mojo-parent-50.pom
Progress (1): 4.1/34 kBProgress (1): 8.2/34 kBProgress (1): 12/34 kB Progress (1): 16/34 kBProgress (1): 20/34 kBProgress (1): 24/34 kBProgress (1): 28/34 kBProgress (1): 32/34 kBProgress (1): 34 kB                      Downloaded from central: https://repo.maven.apache.org/maven2/org/codehaus/mojo/mojo-parent/50/mojo-parent-50.pom (34 kB at 1.2 MB/s)
Downloading from spring-snapshots: https://repo.spring.io/snapshot/org/codehaus/mojo/build-helper-maven-plugin/3.1.0/build-helper-maven-plugin-3.1.0.jar
Downloading from spring-milestones: https://repo.spring.io/milestone/org/codehaus/mojo/build-helper-maven-plugin/3.1.0/build-helper-maven-plugin-3.1.0.jar
Downloading from central: https://repo.maven.apache.org/maven2/org/codehaus/mojo/build-helper-maven-plugin/3.1.0/build-helper-maven-plugin-3.1.0.jar
Progress (1): 4.1/67 kBProgress (1): 8.2/67 kBProgress (1): 12/67 kB Progress (1): 16/67 kBProgress (1): 20/67 kBProgress (1): 25/67 kBProgress (1): 29/67 kBProgress (1): 33/67 kBProgress (1): 37/67 kBProgress (1): 41/67 kBProgress (1): 45/67 kBProgress (1): 49/67 kBProgress (1): 53/67 kBProgress (1): 57/67 kBProgress (1): 61/67 kBProgress (1): 66/67 kBProgress (1): 67 kB                      Downloaded from central: https://repo.maven.apache.org/maven2/org/codehaus/mojo/build-helper-maven-plugin/3.1.0/build-helper-maven-plugin-3.1.0.jar (67 kB at 1.7 MB/s)
Downloading from spring-snapshots: https://repo.spring.io/snapshot/org/codehaus/mojo/exec-maven-plugin/1.6.0/exec-maven-plugin-1.6.0.pom
Downloading from spring-milestones: https://repo.spring.io/milestone/org/codehaus/mojo/exec-maven-plugin/1.6.0/exec-maven-plugin-1.6.0.pom
Downloading from central: https://repo.maven.apache.org/maven2/org/codehaus/mojo/exec-maven-plugin/1.6.0/exec-maven-plugin-1.6.0.pom
Progress (1): 4.1/13 kBProgress (1): 8.2/13 kBProgress (1): 12/13 kB Progress (1): 13 kB                      Downloaded from central: https://repo.maven.apache.org/maven2/org/codehaus/mojo/exec-maven-plugin/1.6.0/exec-maven-plugin-1.6.0.pom (13 kB at 482 kB/s)
Downloading from spring-snapshots: https://repo.spring.io/snapshot/org/codehaus/mojo/exec-maven-plugin/1.6.0/exec-maven-plugin-1.6.0.jar
Downloading from spring-milestones: https://repo.spring.io/milestone/org/codehaus/mojo/exec-maven-plugin/1.6.0/exec-maven-plugin-1.6.0.jar
Downloading from central: https://repo.maven.apache.org/maven2/org/codehaus/mojo/exec-maven-plugin/1.6.0/exec-maven-plugin-1.6.0.jar
Progress (1): 4.1/58 kBProgress (1): 8.2/58 kBProgress (1): 12/58 kB Progress (1): 16/58 kBProgress (1): 20/58 kBProgress (1): 24/58 kBProgress (1): 28/58 kBProgress (1): 32/58 kBProgress (1): 36/58 kBProgress (1): 40/58 kBProgress (1): 44/58 kBProgress (1): 49/58 kBProgress (1): 53/58 kBProgress (1): 57/58 kBProgress (1): 58 kB                      Downloaded from central: https://repo.maven.apache.org/maven2/org/codehaus/mojo/exec-maven-plugin/1.6.0/exec-maven-plugin-1.6.0.jar (58 kB at 1.9 MB/s)
Downloading from spring-snapshots: https://repo.spring.io/snapshot/org/codehaus/mojo/flatten-maven-plugin/1.2.2/flatten-maven-plugin-1.2.2.pom
Downloading from spring-milestones: https://repo.spring.io/milestone/org/codehaus/mojo/flatten-maven-plugin/1.2.2/flatten-maven-plugin-1.2.2.pom
Downloading from central: https://repo.maven.apache.org/maven2/org/codehaus/mojo/flatten-maven-plugin/1.2.2/flatten-maven-plugin-1.2.2.pom
Progress (1): 4.1/9.7 kBProgress (1): 8.2/9.7 kBProgress (1): 9.7 kB                        Downloaded from central: https://repo.maven.apache.org/maven2/org/codehaus/mojo/flatten-maven-plugin/1.2.2/flatten-maven-plugin-1.2.2.pom (9.7 kB at 304 kB/s)
Downloading from spring-snapshots: https://repo.spring.io/snapshot/org/codehaus/mojo/flatten-maven-plugin/1.2.2/flatten-maven-plugin-1.2.2.jar
Downloading from spring-milestones: https://repo.spring.io/milestone/org/codehaus/mojo/flatten-maven-plugin/1.2.2/flatten-maven-plugin-1.2.2.jar
Downloading from central: https://repo.maven.apache.org/maven2/org/codehaus/mojo/flatten-maven-plugin/1.2.2/flatten-maven-plugin-1.2.2.jar
Progress (1): 4.1/110 kBProgress (1): 8.2/110 kBProgress (1): 12/110 kB Progress (1): 16/110 kBProgress (1): 20/110 kBProgress (1): 25/110 kBProgress (1): 29/110 kBProgress (1): 33/110 kBProgress (1): 35/110 kBProgress (1): 40/110 kBProgress (1): 44/110 kBProgress (1): 48/110 kBProgress (1): 52/110 kBProgress (1): 56/110 kBProgress (1): 60/110 kBProgress (1): 64/110 kBProgress (1): 68/110 kBProgress (1): 72/110 kBProgress (1): 76/110 kBProgress (1): 81/110 kBProgress (1): 85/110 kBProgress (1): 89/110 kBProgress (1): 93/110 kBProgress (1): 97/110 kBProgress (1): 101/110 kBProgress (1): 105/110 kBProgress (1): 109/110 kBProgress (1): 110 kB                        Downloaded from central: https://repo.maven.apache.org/maven2/org/codehaus/mojo/flatten-maven-plugin/1.2.2/flatten-maven-plugin-1.2.2.jar (110 kB at 3.3 MB/s)
Downloading from spring-snapshots: https://repo.spring.io/snapshot/org/flywaydb/flyway-maven-plugin/6.4.4/flyway-maven-plugin-6.4.4.pom
Downloading from spring-milestones: https://repo.spring.io/milestone/org/flywaydb/flyway-maven-plugin/6.4.4/flyway-maven-plugin-6.4.4.pom
Downloading from central: https://repo.maven.apache.org/maven2/org/flywaydb/flyway-maven-plugin/6.4.4/flyway-maven-plugin-6.4.4.pom
Progress (1): 4.1/4.5 kBProgress (1): 4.5 kB                        Downloaded from central: https://repo.maven.apache.org/maven2/org/flywaydb/flyway-maven-plugin/6.4.4/flyway-maven-plugin-6.4.4.pom (4.5 kB at 181 kB/s)
Downloading from spring-snapshots: https://repo.spring.io/snapshot/org/flywaydb/flyway-parent/6.4.4/flyway-parent-6.4.4.pom
Downloading from spring-milestones: https://repo.spring.io/milestone/org/flywaydb/flyway-parent/6.4.4/flyway-parent-6.4.4.pom
Downloading from central: https://repo.maven.apache.org/maven2/org/flywaydb/flyway-parent/6.4.4/flyway-parent-6.4.4.pom
Progress (1): 4.1/25 kBProgress (1): 8.2/25 kBProgress (1): 12/25 kB Progress (1): 16/25 kBProgress (1): 20/25 kBProgress (1): 25/25 kBProgress (1): 25 kB                      Downloaded from central: https://repo.maven.apache.org/maven2/org/flywaydb/flyway-parent/6.4.4/flyway-parent-6.4.4.pom (25 kB at 941 kB/s)
Downloading from spring-snapshots: https://repo.spring.io/snapshot/org/flywaydb/flyway-maven-plugin/6.4.4/flyway-maven-plugin-6.4.4.jar
Downloading from spring-milestones: https://repo.spring.io/milestone/org/flywaydb/flyway-maven-plugin/6.4.4/flyway-maven-plugin-6.4.4.jar
Downloading from central: https://repo.maven.apache.org/maven2/org/flywaydb/flyway-maven-plugin/6.4.4/flyway-maven-plugin-6.4.4.jar
Progress (1): 4.1/109 kBProgress (1): 8.2/109 kBProgress (1): 12/109 kB Progress (1): 16/109 kBProgress (1): 20/109 kBProgress (1): 25/109 kBProgress (1): 29/109 kBProgress (1): 33/109 kBProgress (1): 37/109 kBProgress (1): 41/109 kBProgress (1): 45/109 kBProgress (1): 49/109 kBProgress (1): 53/109 kBProgress (1): 57/109 kBProgress (1): 61/109 kBProgress (1): 66/109 kBProgress (1): 70/109 kBProgress (1): 74/109 kBProgress (1): 78/109 kBProgress (1): 82/109 kBProgress (1): 86/109 kBProgress (1): 90/109 kBProgress (1): 94/109 kBProgress (1): 98/109 kBProgress (1): 102/109 kBProgress (1): 106/109 kBProgress (1): 109 kB                        Downloaded from central: https://repo.maven.apache.org/maven2/org/flywaydb/flyway-maven-plugin/6.4.4/flyway-maven-plugin-6.4.4.jar (109 kB at 3.2 MB/s)
Downloading from spring-snapshots: https://repo.spring.io/snapshot/org/apache/johnzon/johnzon-maven-plugin/1.2.7/johnzon-maven-plugin-1.2.7.pom
Downloading from spring-milestones: https://repo.spring.io/milestone/org/apache/johnzon/johnzon-maven-plugin/1.2.7/johnzon-maven-plugin-1.2.7.pom
Downloading from central: https://repo.maven.apache.org/maven2/org/apache/johnzon/johnzon-maven-plugin/1.2.7/johnzon-maven-plugin-1.2.7.pom
Progress (1): 3.6 kB                    Downloaded from central: https://repo.maven.apache.org/maven2/org/apache/johnzon/johnzon-maven-plugin/1.2.7/johnzon-maven-plugin-1.2.7.pom (3.6 kB at 116 kB/s)
Downloading from spring-snapshots: https://repo.spring.io/snapshot/org/apache/johnzon/johnzon/1.2.7/johnzon-1.2.7.pom
Downloading from spring-milestones: https://repo.spring.io/milestone/org/apache/johnzon/johnzon/1.2.7/johnzon-1.2.7.pom
Downloading from central: https://repo.maven.apache.org/maven2/org/apache/johnzon/johnzon/1.2.7/johnzon-1.2.7.pom
Progress (1): 4.1/27 kBProgress (1): 8.2/27 kBProgress (1): 12/27 kB Progress (1): 16/27 kBProgress (1): 20/27 kBProgress (1): 24/27 kBProgress (1): 27 kB                      Downloaded from central: https://repo.maven.apache.org/maven2/org/apache/johnzon/johnzon/1.2.7/johnzon-1.2.7.pom (27 kB at 1.1 MB/s)
Downloading from spring-snapshots: https://repo.spring.io/snapshot/org/apache/johnzon/johnzon-maven-plugin/1.2.7/johnzon-maven-plugin-1.2.7.jar
Downloading from spring-milestones: https://repo.spring.io/milestone/org/apache/johnzon/johnzon-maven-plugin/1.2.7/johnzon-maven-plugin-1.2.7.jar
Downloading from central: https://repo.maven.apache.org/maven2/org/apache/johnzon/johnzon-maven-plugin/1.2.7/johnzon-maven-plugin-1.2.7.jar
Progress (1): 4.1/26 kBProgress (1): 8.2/26 kBProgress (1): 12/26 kB Progress (1): 16/26 kBProgress (1): 20/26 kBProgress (1): 25/26 kBProgress (1): 26 kB                      Downloaded from central: https://repo.maven.apache.org/maven2/org/apache/johnzon/johnzon-maven-plugin/1.2.7/johnzon-maven-plugin-1.2.7.jar (26 kB at 764 kB/s)
Downloading from spring-snapshots: https://repo.spring.io/snapshot/org/jooq/jooq-codegen-maven/3.13.2/jooq-codegen-maven-3.13.2.pom
Downloading from spring-milestones: https://repo.spring.io/milestone/org/jooq/jooq-codegen-maven/3.13.2/jooq-codegen-maven-3.13.2.pom
Downloading from central: https://repo.maven.apache.org/maven2/org/jooq/jooq-codegen-maven/3.13.2/jooq-codegen-maven-3.13.2.pom
Progress (1): 3.4 kB                    Downloaded from central: https://repo.maven.apache.org/maven2/org/jooq/jooq-codegen-maven/3.13.2/jooq-codegen-maven-3.13.2.pom (3.4 kB at 130 kB/s)
Downloading from spring-snapshots: https://repo.spring.io/snapshot/org/jooq/jooq-parent/3.13.2/jooq-parent-3.13.2.pom
Downloading from spring-milestones: https://repo.spring.io/milestone/org/jooq/jooq-parent/3.13.2/jooq-parent-3.13.2.pom
Downloading from central: https://repo.maven.apache.org/maven2/org/jooq/jooq-parent/3.13.2/jooq-parent-3.13.2.pom
Progress (1): 4.1/21 kBProgress (1): 8.2/21 kBProgress (1): 12/21 kB Progress (1): 16/21 kBProgress (1): 20/21 kBProgress (1): 21 kB                      Downloaded from central: https://repo.maven.apache.org/maven2/org/jooq/jooq-parent/3.13.2/jooq-parent-3.13.2.pom (21 kB at 882 kB/s)
Downloading from spring-snapshots: https://repo.spring.io/snapshot/org/jooq/jooq-codegen-maven/3.13.2/jooq-codegen-maven-3.13.2.jar
Downloading from spring-milestones: https://repo.spring.io/milestone/org/jooq/jooq-codegen-maven/3.13.2/jooq-codegen-maven-3.13.2.jar
Downloading from central: https://repo.maven.apache.org/maven2/org/jooq/jooq-codegen-maven/3.13.2/jooq-codegen-maven-3.13.2.jar
Progress (1): 4.1/17 kBProgress (1): 8.2/17 kBProgress (1): 12/17 kB Progress (1): 16/17 kBProgress (1): 17 kB                      Downloaded from central: https://repo.maven.apache.org/maven2/org/jooq/jooq-codegen-maven/3.13.2/jooq-codegen-maven-3.13.2.jar (17 kB at 689 kB/s)
Downloading from spring-snapshots: https://repo.spring.io/snapshot/org/jetbrains/kotlin/kotlin-maven-plugin/1.3.72/kotlin-maven-plugin-1.3.72.pom
Downloading from spring-milestones: https://repo.spring.io/milestone/org/jetbrains/kotlin/kotlin-maven-plugin/1.3.72/kotlin-maven-plugin-1.3.72.pom
Downloading from central: https://repo.maven.apache.org/maven2/org/jetbrains/kotlin/kotlin-maven-plugin/1.3.72/kotlin-maven-plugin-1.3.72.pom
Progress (1): 4.1/5.9 kBProgress (1): 5.9 kB                        Downloaded from central: https://repo.maven.apache.org/maven2/org/jetbrains/kotlin/kotlin-maven-plugin/1.3.72/kotlin-maven-plugin-1.3.72.pom (5.9 kB at 244 kB/s)
Downloading from spring-snapshots: https://repo.spring.io/snapshot/org/jetbrains/kotlin/kotlin-project/1.3.72/kotlin-project-1.3.72.pom
Downloading from spring-milestones: https://repo.spring.io/milestone/org/jetbrains/kotlin/kotlin-project/1.3.72/kotlin-project-1.3.72.pom
Downloading from central: https://repo.maven.apache.org/maven2/org/jetbrains/kotlin/kotlin-project/1.3.72/kotlin-project-1.3.72.pom
Progress (1): 4.1/10 kBProgress (1): 8.2/10 kBProgress (1): 10 kB                       Downloaded from central: https://repo.maven.apache.org/maven2/org/jetbrains/kotlin/kotlin-project/1.3.72/kotlin-project-1.3.72.pom (10 kB at 347 kB/s)
Downloading from spring-snapshots: https://repo.spring.io/snapshot/org/jetbrains/kotlin/kotlin-maven-plugin/1.3.72/kotlin-maven-plugin-1.3.72.jar
Downloading from spring-milestones: https://repo.spring.io/milestone/org/jetbrains/kotlin/kotlin-maven-plugin/1.3.72/kotlin-maven-plugin-1.3.72.jar
Downloading from central: https://repo.maven.apache.org/maven2/org/jetbrains/kotlin/kotlin-maven-plugin/1.3.72/kotlin-maven-plugin-1.3.72.jar
Progress (1): 4.1/80 kBProgress (1): 8.2/80 kBProgress (1): 12/80 kB Progress (1): 16/80 kBProgress (1): 20/80 kBProgress (1): 25/80 kBProgress (1): 29/80 kBProgress (1): 33/80 kBProgress (1): 37/80 kBProgress (1): 41/80 kBProgress (1): 45/80 kBProgress (1): 49/80 kBProgress (1): 53/80 kBProgress (1): 57/80 kBProgress (1): 61/80 kBProgress (1): 66/80 kBProgress (1): 70/80 kBProgress (1): 74/80 kBProgress (1): 78/80 kBProgress (1): 80 kB                      Downloaded from central: https://repo.maven.apache.org/maven2/org/jetbrains/kotlin/kotlin-maven-plugin/1.3.72/kotlin-maven-plugin-1.3.72.jar (80 kB at 2.6 MB/s)
Downloading from spring-snapshots: https://repo.spring.io/snapshot/org/apache/maven/plugins/maven-antrun-plugin/1.8/maven-antrun-plugin-1.8.pom
Downloading from spring-milestones: https://repo.spring.io/milestone/org/apache/maven/plugins/maven-antrun-plugin/1.8/maven-antrun-plugin-1.8.pom
Downloading from central: https://repo.maven.apache.org/maven2/org/apache/maven/plugins/maven-antrun-plugin/1.8/maven-antrun-plugin-1.8.pom
Progress (1): 3.3 kB                    Downloaded from central: https://repo.maven.apache.org/maven2/org/apache/maven/plugins/maven-antrun-plugin/1.8/maven-antrun-plugin-1.8.pom (3.3 kB at 144 kB/s)
Downloading from spring-snapshots: https://repo.spring.io/snapshot/org/apache/maven/plugins/maven-plugins/27/maven-plugins-27.pom
Downloading from spring-milestones: https://repo.spring.io/milestone/org/apache/maven/plugins/maven-plugins/27/maven-plugins-27.pom
Downloading from central: https://repo.maven.apache.org/maven2/org/apache/maven/plugins/maven-plugins/27/maven-plugins-27.pom
Progress (1): 4.1/11 kBProgress (1): 8.2/11 kBProgress (1): 11 kB                       Downloaded from central: https://repo.maven.apache.org/maven2/org/apache/maven/plugins/maven-plugins/27/maven-plugins-27.pom (11 kB at 455 kB/s)
Downloading from spring-snapshots: https://repo.spring.io/snapshot/org/apache/maven/plugins/maven-antrun-plugin/1.8/maven-antrun-plugin-1.8.jar
Downloading from spring-milestones: https://repo.spring.io/milestone/org/apache/maven/plugins/maven-antrun-plugin/1.8/maven-antrun-plugin-1.8.jar
Downloading from central: https://repo.maven.apache.org/maven2/org/apache/maven/plugins/maven-antrun-plugin/1.8/maven-antrun-plugin-1.8.jar
Progress (1): 4.1/36 kBProgress (1): 8.2/36 kBProgress (1): 12/36 kB Progress (1): 16/36 kBProgress (1): 20/36 kBProgress (1): 25/36 kBProgress (1): 29/36 kBProgress (1): 33/36 kBProgress (1): 36 kB                      Downloaded from central: https://repo.maven.apache.org/maven2/org/apache/maven/plugins/maven-antrun-plugin/1.8/maven-antrun-plugin-1.8.jar (36 kB at 1.3 MB/s)
Downloading from spring-snapshots: https://repo.spring.io/snapshot/org/apache/maven/plugins/maven-assembly-plugin/3.3.0/maven-assembly-plugin-3.3.0.pom
Downloading from spring-milestones: https://repo.spring.io/milestone/org/apache/maven/plugins/maven-assembly-plugin/3.3.0/maven-assembly-plugin-3.3.0.pom
Downloading from central: https://repo.maven.apache.org/maven2/org/apache/maven/plugins/maven-assembly-plugin/3.3.0/maven-assembly-plugin-3.3.0.pom
Progress (1): 4.1/16 kBProgress (1): 8.2/16 kBProgress (1): 12/16 kB Progress (1): 16 kB                      Downloaded from central: https://repo.maven.apache.org/maven2/org/apache/maven/plugins/maven-assembly-plugin/3.3.0/maven-assembly-plugin-3.3.0.pom (16 kB at 656 kB/s)
Downloading from spring-snapshots: https://repo.spring.io/snapshot/org/apache/maven/plugins/maven-assembly-plugin/3.3.0/maven-assembly-plugin-3.3.0.jar
Downloading from spring-milestones: https://repo.spring.io/milestone/org/apache/maven/plugins/maven-assembly-plugin/3.3.0/maven-assembly-plugin-3.3.0.jar
Downloading from central: https://repo.maven.apache.org/maven2/org/apache/maven/plugins/maven-assembly-plugin/3.3.0/maven-assembly-plugin-3.3.0.jar
Progress (1): 4.1/242 kBProgress (1): 8.2/242 kBProgress (1): 12/242 kB Progress (1): 16/242 kBProgress (1): 20/242 kBProgress (1): 24/242 kBProgress (1): 28/242 kBProgress (1): 32/242 kBProgress (1): 36/242 kBProgress (1): 40/242 kBProgress (1): 44/242 kBProgress (1): 49/242 kBProgress (1): 53/242 kBProgress (1): 57/242 kBProgress (1): 61/242 kBProgress (1): 65/242 kBProgress (1): 69/242 kBProgress (1): 73/242 kBProgress (1): 77/242 kBProgress (1): 81/242 kBProgress (1): 85/242 kBProgress (1): 90/242 kBProgress (1): 94/242 kBProgress (1): 98/242 kBProgress (1): 102/242 kBProgress (1): 106/242 kBProgress (1): 110/242 kBProgress (1): 114/242 kBProgress (1): 118/242 kBProgress (1): 122/242 kBProgress (1): 126/242 kBProgress (1): 130/242 kBProgress (1): 135/242 kBProgress (1): 139/242 kBProgress (1): 143/242 kBProgress (1): 147/242 kBProgress (1): 151/242 kBProgress (1): 155/242 kBProgress (1): 159/242 kBProgress (1): 163/242 kBProgress (1): 167/242 kBProgress (1): 171/242 kBProgress (1): 176/242 kBProgress (1): 180/242 kBProgress (1): 184/242 kBProgress (1): 188/242 kBProgress (1): 192/242 kBProgress (1): 196/242 kBProgress (1): 200/242 kBProgress (1): 204/242 kBProgress (1): 208/242 kBProgress (1): 212/242 kBProgress (1): 217/242 kBProgress (1): 221/242 kBProgress (1): 225/242 kBProgress (1): 229/242 kBProgress (1): 233/242 kBProgress (1): 237/242 kBProgress (1): 241/242 kBProgress (1): 242 kB                        Downloaded from central: https://repo.maven.apache.org/maven2/org/apache/maven/plugins/maven-assembly-plugin/3.3.0/maven-assembly-plugin-3.3.0.jar (242 kB at 6.4 MB/s)
Downloading from spring-snapshots: https://repo.spring.io/snapshot/org/apache/maven/plugins/maven-dependency-plugin/3.1.2/maven-dependency-plugin-3.1.2.pom
Downloading from spring-milestones: https://repo.spring.io/milestone/org/apache/maven/plugins/maven-dependency-plugin/3.1.2/maven-dependency-plugin-3.1.2.pom
Downloading from central: https://repo.maven.apache.org/maven2/org/apache/maven/plugins/maven-dependency-plugin/3.1.2/maven-dependency-plugin-3.1.2.pom
Progress (1): 4.1/16 kBProgress (1): 8.2/16 kBProgress (1): 12/16 kB Progress (1): 16/16 kBProgress (1): 16 kB                      Downloaded from central: https://repo.maven.apache.org/maven2/org/apache/maven/plugins/maven-dependency-plugin/3.1.2/maven-dependency-plugin-3.1.2.pom (16 kB at 648 kB/s)
Downloading from spring-snapshots: https://repo.spring.io/snapshot/org/apache/maven/plugins/maven-dependency-plugin/3.1.2/maven-dependency-plugin-3.1.2.jar
Downloading from spring-milestones: https://repo.spring.io/milestone/org/apache/maven/plugins/maven-dependency-plugin/3.1.2/maven-dependency-plugin-3.1.2.jar
Downloading from central: https://repo.maven.apache.org/maven2/org/apache/maven/plugins/maven-dependency-plugin/3.1.2/maven-dependency-plugin-3.1.2.jar
Progress (1): 4.1/172 kBProgress (1): 8.2/172 kBProgress (1): 12/172 kB Progress (1): 16/172 kBProgress (1): 20/172 kBProgress (1): 25/172 kBProgress (1): 29/172 kBProgress (1): 33/172 kBProgress (1): 37/172 kBProgress (1): 41/172 kBProgress (1): 45/172 kBProgress (1): 49/172 kBProgress (1): 53/172 kBProgress (1): 57/172 kBProgress (1): 61/172 kBProgress (1): 66/172 kBProgress (1): 70/172 kBProgress (1): 74/172 kBProgress (1): 78/172 kBProgress (1): 82/172 kBProgress (1): 86/172 kBProgress (1): 90/172 kBProgress (1): 94/172 kBProgress (1): 98/172 kBProgress (1): 102/172 kBProgress (1): 106/172 kBProgress (1): 111/172 kBProgress (1): 115/172 kBProgress (1): 119/172 kBProgress (1): 123/172 kBProgress (1): 127/172 kBProgress (1): 131/172 kBProgress (1): 135/172 kBProgress (1): 139/172 kBProgress (1): 143/172 kBProgress (1): 147/172 kBProgress (1): 152/172 kBProgress (1): 156/172 kBProgress (1): 160/172 kBProgress (1): 164/172 kBProgress (1): 168/172 kBProgress (1): 172/172 kBProgress (1): 172 kB                        Downloaded from central: https://repo.maven.apache.org/maven2/org/apache/maven/plugins/maven-dependency-plugin/3.1.2/maven-dependency-plugin-3.1.2.jar (172 kB at 674 kB/s)
Downloading from spring-snapshots: https://repo.spring.io/snapshot/org/apache/maven/plugins/maven-release-plugin/2.5.3/maven-release-plugin-2.5.3.pom
Downloading from spring-milestones: https://repo.spring.io/milestone/org/apache/maven/plugins/maven-release-plugin/2.5.3/maven-release-plugin-2.5.3.pom
Downloading from central: https://repo.maven.apache.org/maven2/org/apache/maven/plugins/maven-release-plugin/2.5.3/maven-release-plugin-2.5.3.pom
Progress (1): 4.1/11 kBProgress (1): 8.2/11 kBProgress (1): 11 kB                       Downloaded from central: https://repo.maven.apache.org/maven2/org/apache/maven/plugins/maven-release-plugin/2.5.3/maven-release-plugin-2.5.3.pom (11 kB at 482 kB/s)
Downloading from spring-snapshots: https://repo.spring.io/snapshot/org/apache/maven/release/maven-release/2.5.3/maven-release-2.5.3.pom
Downloading from spring-milestones: https://repo.spring.io/milestone/org/apache/maven/release/maven-release/2.5.3/maven-release-2.5.3.pom
Downloading from central: https://repo.maven.apache.org/maven2/org/apache/maven/release/maven-release/2.5.3/maven-release-2.5.3.pom
Progress (1): 4.1/5.0 kBProgress (1): 5.0 kB                        Downloaded from central: https://repo.maven.apache.org/maven2/org/apache/maven/release/maven-release/2.5.3/maven-release-2.5.3.pom (5.0 kB at 228 kB/s)
Downloading from spring-snapshots: https://repo.spring.io/snapshot/org/apache/maven/plugins/maven-release-plugin/2.5.3/maven-release-plugin-2.5.3.jar
Downloading from spring-milestones: https://repo.spring.io/milestone/org/apache/maven/plugins/maven-release-plugin/2.5.3/maven-release-plugin-2.5.3.jar
Downloading from central: https://repo.maven.apache.org/maven2/org/apache/maven/plugins/maven-release-plugin/2.5.3/maven-release-plugin-2.5.3.jar
Progress (1): 4.1/53 kBProgress (1): 8.2/53 kBProgress (1): 12/53 kB Progress (1): 16/53 kBProgress (1): 20/53 kBProgress (1): 25/53 kBProgress (1): 29/53 kBProgress (1): 33/53 kBProgress (1): 37/53 kBProgress (1): 41/53 kBProgress (1): 45/53 kBProgress (1): 49/53 kBProgress (1): 53 kB                      Downloaded from central: https://repo.maven.apache.org/maven2/org/apache/maven/plugins/maven-release-plugin/2.5.3/maven-release-plugin-2.5.3.jar (53 kB at 2.2 MB/s)
Downloading from spring-snapshots: https://repo.spring.io/snapshot/org/apache/maven/plugins/maven-enforcer-plugin/3.0.0-M3/maven-enforcer-plugin-3.0.0-M3.pom
Downloading from spring-milestones: https://repo.spring.io/milestone/org/apache/maven/plugins/maven-enforcer-plugin/3.0.0-M3/maven-enforcer-plugin-3.0.0-M3.pom
Downloading from central: https://repo.maven.apache.org/maven2/org/apache/maven/plugins/maven-enforcer-plugin/3.0.0-M3/maven-enforcer-plugin-3.0.0-M3.pom
Progress (1): 4.1/7.3 kBProgress (1): 7.3 kB                        Downloaded from central: https://repo.maven.apache.org/maven2/org/apache/maven/plugins/maven-enforcer-plugin/3.0.0-M3/maven-enforcer-plugin-3.0.0-M3.pom (7.3 kB at 306 kB/s)
Downloading from spring-snapshots: https://repo.spring.io/snapshot/org/apache/maven/enforcer/enforcer/3.0.0-M3/enforcer-3.0.0-M3.pom
Downloading from spring-milestones: https://repo.spring.io/milestone/org/apache/maven/enforcer/enforcer/3.0.0-M3/enforcer-3.0.0-M3.pom
Downloading from central: https://repo.maven.apache.org/maven2/org/apache/maven/enforcer/enforcer/3.0.0-M3/enforcer-3.0.0-M3.pom
Progress (1): 4.1/7.8 kBProgress (1): 7.8 kB                        Downloaded from central: https://repo.maven.apache.org/maven2/org/apache/maven/enforcer/enforcer/3.0.0-M3/enforcer-3.0.0-M3.pom (7.8 kB at 339 kB/s)
Downloading from spring-snapshots: https://repo.spring.io/snapshot/org/apache/maven/plugins/maven-enforcer-plugin/3.0.0-M3/maven-enforcer-plugin-3.0.0-M3.jar
Downloading from spring-milestones: https://repo.spring.io/milestone/org/apache/maven/plugins/maven-enforcer-plugin/3.0.0-M3/maven-enforcer-plugin-3.0.0-M3.jar
Downloading from central: https://repo.maven.apache.org/maven2/org/apache/maven/plugins/maven-enforcer-plugin/3.0.0-M3/maven-enforcer-plugin-3.0.0-M3.jar
Progress (1): 4.1/27 kBProgress (1): 8.2/27 kBProgress (1): 12/27 kB Progress (1): 16/27 kBProgress (1): 20/27 kBProgress (1): 25/27 kBProgress (1): 27 kB                      Downloaded from central: https://repo.maven.apache.org/maven2/org/apache/maven/plugins/maven-enforcer-plugin/3.0.0-M3/maven-enforcer-plugin-3.0.0-M3.jar (27 kB at 1.0 MB/s)
Downloading from spring-snapshots: https://repo.spring.io/snapshot/org/apache/maven/plugins/maven-failsafe-plugin/2.22.2/maven-failsafe-plugin-2.22.2.pom
Downloading from spring-milestones: https://repo.spring.io/milestone/org/apache/maven/plugins/maven-failsafe-plugin/2.22.2/maven-failsafe-plugin-2.22.2.pom
Downloading from central: https://repo.maven.apache.org/maven2/org/apache/maven/plugins/maven-failsafe-plugin/2.22.2/maven-failsafe-plugin-2.22.2.pom
Progress (1): 4.1/12 kBProgress (1): 8.2/12 kBProgress (1): 12 kB                       Downloaded from central: https://repo.maven.apache.org/maven2/org/apache/maven/plugins/maven-failsafe-plugin/2.22.2/maven-failsafe-plugin-2.22.2.pom (12 kB at 494 kB/s)
Downloading from spring-snapshots: https://repo.spring.io/snapshot/org/apache/maven/plugins/maven-failsafe-plugin/2.22.2/maven-failsafe-plugin-2.22.2.jar
Downloading from spring-milestones: https://repo.spring.io/milestone/org/apache/maven/plugins/maven-failsafe-plugin/2.22.2/maven-failsafe-plugin-2.22.2.jar
Downloading from central: https://repo.maven.apache.org/maven2/org/apache/maven/plugins/maven-failsafe-plugin/2.22.2/maven-failsafe-plugin-2.22.2.jar
Progress (1): 4.1/294 kBProgress (1): 8.2/294 kBProgress (1): 12/294 kB Progress (1): 16/294 kBProgress (1): 20/294 kBProgress (1): 24/294 kBProgress (1): 28/294 kBProgress (1): 32/294 kBProgress (1): 36/294 kBProgress (1): 40/294 kBProgress (1): 44/294 kBProgress (1): 49/294 kBProgress (1): 53/294 kBProgress (1): 57/294 kBProgress (1): 61/294 kBProgress (1): 65/294 kBProgress (1): 69/294 kBProgress (1): 73/294 kBProgress (1): 77/294 kBProgress (1): 81/294 kBProgress (1): 85/294 kBProgress (1): 90/294 kBProgress (1): 94/294 kBProgress (1): 98/294 kBProgress (1): 102/294 kBProgress (1): 106/294 kBProgress (1): 110/294 kBProgress (1): 114/294 kBProgress (1): 118/294 kBProgress (1): 122/294 kBProgress (1): 126/294 kBProgress (1): 130/294 kBProgress (1): 135/294 kBProgress (1): 139/294 kBProgress (1): 143/294 kBProgress (1): 147/294 kBProgress (1): 151/294 kBProgress (1): 155/294 kBProgress (1): 159/294 kBProgress (1): 163/294 kBProgress (1): 167/294 kBProgress (1): 171/294 kBProgress (1): 176/294 kBProgress (1): 180/294 kBProgress (1): 184/294 kBProgress (1): 188/294 kBProgress (1): 192/294 kBProgress (1): 196/294 kBProgress (1): 200/294 kBProgress (1): 204/294 kBProgress (1): 208/294 kBProgress (1): 212/294 kBProgress (1): 217/294 kBProgress (1): 221/294 kBProgress (1): 225/294 kBProgress (1): 229/294 kBProgress (1): 233/294 kBProgress (1): 237/294 kBProgress (1): 241/294 kBProgress (1): 245/294 kBProgress (1): 249/294 kBProgress (1): 253/294 kBProgress (1): 257/294 kBProgress (1): 262/294 kBProgress (1): 266/294 kBProgress (1): 270/294 kBProgress (1): 274/294 kBProgress (1): 278/294 kBProgress (1): 282/294 kBProgress (1): 286/294 kBProgress (1): 290/294 kBProgress (1): 294 kB                        Downloaded from central: https://repo.maven.apache.org/maven2/org/apache/maven/plugins/maven-failsafe-plugin/2.22.2/maven-failsafe-plugin-2.22.2.jar (294 kB at 7.9 MB/s)
Downloading from spring-snapshots: https://repo.spring.io/snapshot/org/apache/maven/plugins/maven-help-plugin/3.2.0/maven-help-plugin-3.2.0.pom
Downloading from spring-milestones: https://repo.spring.io/milestone/org/apache/maven/plugins/maven-help-plugin/3.2.0/maven-help-plugin-3.2.0.pom
Downloading from central: https://repo.maven.apache.org/maven2/org/apache/maven/plugins/maven-help-plugin/3.2.0/maven-help-plugin-3.2.0.pom
Progress (1): 4.1/11 kBProgress (1): 8.2/11 kBProgress (1): 11 kB                       Downloaded from central: https://repo.maven.apache.org/maven2/org/apache/maven/plugins/maven-help-plugin/3.2.0/maven-help-plugin-3.2.0.pom (11 kB at 470 kB/s)
Downloading from spring-snapshots: https://repo.spring.io/snapshot/org/apache/maven/plugins/maven-help-plugin/3.2.0/maven-help-plugin-3.2.0.jar
Downloading from spring-milestones: https://repo.spring.io/milestone/org/apache/maven/plugins/maven-help-plugin/3.2.0/maven-help-plugin-3.2.0.jar
Downloading from central: https://repo.maven.apache.org/maven2/org/apache/maven/plugins/maven-help-plugin/3.2.0/maven-help-plugin-3.2.0.jar
Progress (1): 4.1/86 kBProgress (1): 8.2/86 kBProgress (1): 12/86 kB Progress (1): 16/86 kBProgress (1): 20/86 kBProgress (1): 25/86 kBProgress (1): 29/86 kBProgress (1): 33/86 kBProgress (1): 37/86 kBProgress (1): 41/86 kBProgress (1): 45/86 kBProgress (1): 49/86 kBProgress (1): 53/86 kBProgress (1): 57/86 kBProgress (1): 61/86 kBProgress (1): 64/86 kBProgress (1): 68/86 kBProgress (1): 72/86 kBProgress (1): 76/86 kBProgress (1): 80/86 kBProgress (1): 85/86 kBProgress (1): 86 kB                      Downloaded from central: https://repo.maven.apache.org/maven2/org/apache/maven/plugins/maven-help-plugin/3.2.0/maven-help-plugin-3.2.0.jar (86 kB at 3.1 MB/s)
Downloading from spring-snapshots: https://repo.spring.io/snapshot/org/apache/maven/plugins/maven-invoker-plugin/3.2.1/maven-invoker-plugin-3.2.1.pom
Downloading from spring-milestones: https://repo.spring.io/milestone/org/apache/maven/plugins/maven-invoker-plugin/3.2.1/maven-invoker-plugin-3.2.1.pom
Downloading from central: https://repo.maven.apache.org/maven2/org/apache/maven/plugins/maven-invoker-plugin/3.2.1/maven-invoker-plugin-3.2.1.pom
Progress (1): 4.1/14 kBProgress (1): 8.2/14 kBProgress (1): 12/14 kB Progress (1): 14 kB                      Downloaded from central: https://repo.maven.apache.org/maven2/org/apache/maven/plugins/maven-invoker-plugin/3.2.1/maven-invoker-plugin-3.2.1.pom (14 kB at 564 kB/s)
Downloading from spring-snapshots: https://repo.spring.io/snapshot/org/apache/maven/plugins/maven-invoker-plugin/3.2.1/maven-invoker-plugin-3.2.1.jar
Downloading from spring-milestones: https://repo.spring.io/milestone/org/apache/maven/plugins/maven-invoker-plugin/3.2.1/maven-invoker-plugin-3.2.1.jar
Downloading from central: https://repo.maven.apache.org/maven2/org/apache/maven/plugins/maven-invoker-plugin/3.2.1/maven-invoker-plugin-3.2.1.jar
Progress (1): 4.1/127 kBProgress (1): 8.2/127 kBProgress (1): 12/127 kB Progress (1): 16/127 kBProgress (1): 20/127 kBProgress (1): 25/127 kBProgress (1): 29/127 kBProgress (1): 33/127 kBProgress (1): 37/127 kBProgress (1): 41/127 kBProgress (1): 45/127 kBProgress (1): 49/127 kBProgress (1): 53/127 kBProgress (1): 57/127 kBProgress (1): 61/127 kBProgress (1): 66/127 kBProgress (1): 70/127 kBProgress (1): 74/127 kBProgress (1): 78/127 kBProgress (1): 82/127 kBProgress (1): 86/127 kBProgress (1): 90/127 kBProgress (1): 94/127 kBProgress (1): 98/127 kBProgress (1): 102/127 kBProgress (1): 106/127 kBProgress (1): 111/127 kBProgress (1): 115/127 kBProgress (1): 119/127 kBProgress (1): 123/127 kBProgress (1): 127 kB                        Downloaded from central: https://repo.maven.apache.org/maven2/org/apache/maven/plugins/maven-invoker-plugin/3.2.1/maven-invoker-plugin-3.2.1.jar (127 kB at 4.0 MB/s)
Downloading from spring-snapshots: https://repo.spring.io/snapshot/org/apache/maven/plugins/maven-javadoc-plugin/3.2.0/maven-javadoc-plugin-3.2.0.pom
Downloading from spring-milestones: https://repo.spring.io/milestone/org/apache/maven/plugins/maven-javadoc-plugin/3.2.0/maven-javadoc-plugin-3.2.0.pom
Downloading from central: https://repo.maven.apache.org/maven2/org/apache/maven/plugins/maven-javadoc-plugin/3.2.0/maven-javadoc-plugin-3.2.0.pom
Progress (1): 4.1/20 kBProgress (1): 8.2/20 kBProgress (1): 12/20 kB Progress (1): 16/20 kBProgress (1): 20 kB                      Downloaded from central: https://repo.maven.apache.org/maven2/org/apache/maven/plugins/maven-javadoc-plugin/3.2.0/maven-javadoc-plugin-3.2.0.pom (20 kB at 780 kB/s)
Downloading from spring-snapshots: https://repo.spring.io/snapshot/org/apache/maven/plugins/maven-javadoc-plugin/3.2.0/maven-javadoc-plugin-3.2.0.jar
Downloading from spring-milestones: https://repo.spring.io/milestone/org/apache/maven/plugins/maven-javadoc-plugin/3.2.0/maven-javadoc-plugin-3.2.0.jar
Downloading from central: https://repo.maven.apache.org/maven2/org/apache/maven/plugins/maven-javadoc-plugin/3.2.0/maven-javadoc-plugin-3.2.0.jar
Progress (1): 4.1/492 kBProgress (1): 8.2/492 kBProgress (1): 12/492 kB Progress (1): 16/492 kBProgress (1): 20/492 kBProgress (1): 25/492 kBProgress (1): 29/492 kBProgress (1): 33/492 kBProgress (1): 37/492 kBProgress (1): 41/492 kBProgress (1): 45/492 kBProgress (1): 49/492 kBProgress (1): 53/492 kBProgress (1): 57/492 kBProgress (1): 61/492 kBProgress (1): 65/492 kBProgress (1): 69/492 kBProgress (1): 73/492 kBProgress (1): 77/492 kBProgress (1): 81/492 kBProgress (1): 85/492 kBProgress (1): 89/492 kBProgress (1): 93/492 kBProgress (1): 97/492 kBProgress (1): 101/492 kBProgress (1): 105/492 kBProgress (1): 110/492 kBProgress (1): 114/492 kBProgress (1): 118/492 kBProgress (1): 122/492 kBProgress (1): 126/492 kBProgress (1): 130/492 kBProgress (1): 134/492 kBProgress (1): 138/492 kBProgress (1): 142/492 kBProgress (1): 146/492 kBProgress (1): 151/492 kBProgress (1): 155/492 kBProgress (1): 159/492 kBProgress (1): 163/492 kBProgress (1): 167/492 kBProgress (1): 171/492 kBProgress (1): 175/492 kBProgress (1): 179/492 kBProgress (1): 183/492 kBProgress (1): 187/492 kBProgress (1): 191/492 kBProgress (1): 196/492 kBProgress (1): 200/492 kBProgress (1): 204/492 kBProgress (1): 208/492 kBProgress (1): 212/492 kBProgress (1): 216/492 kBProgress (1): 220/492 kBProgress (1): 224/492 kBProgress (1): 228/492 kBProgress (1): 232/492 kBProgress (1): 237/492 kBProgress (1): 241/492 kBProgress (1): 245/492 kBProgress (1): 249/492 kBProgress (1): 253/492 kBProgress (1): 257/492 kBProgress (1): 261/492 kBProgress (1): 265/492 kBProgress (1): 269/492 kBProgress (1): 273/492 kBProgress (1): 278/492 kBProgress (1): 282/492 kBProgress (1): 286/492 kBProgress (1): 290/492 kBProgress (1): 294/492 kBProgress (1): 298/492 kBProgress (1): 302/492 kBProgress (1): 306/492 kBProgress (1): 310/492 kBProgress (1): 314/492 kBProgress (1): 318/492 kBProgress (1): 323/492 kBProgress (1): 327/492 kBProgress (1): 331/492 kBProgress (1): 335/492 kBProgress (1): 339/492 kBProgress (1): 343/492 kBProgress (1): 347/492 kBProgress (1): 351/492 kBProgress (1): 355/492 kBProgress (1): 359/492 kBProgress (1): 364/492 kBProgress (1): 368/492 kBProgress (1): 372/492 kBProgress (1): 376/492 kBProgress (1): 380/492 kBProgress (1): 384/492 kBProgress (1): 388/492 kBProgress (1): 392/492 kBProgress (1): 396/492 kBProgress (1): 400/492 kBProgress (1): 404/492 kBProgress (1): 409/492 kBProgress (1): 413/492 kBProgress (1): 417/492 kBProgress (1): 421/492 kBProgress (1): 425/492 kBProgress (1): 429/492 kBProgress (1): 433/492 kBProgress (1): 437/492 kBProgress (1): 441/492 kBProgress (1): 445/492 kBProgress (1): 450/492 kBProgress (1): 454/492 kBProgress (1): 458/492 kBProgress (1): 462/492 kBProgress (1): 466/492 kBProgress (1): 470/492 kBProgress (1): 474/492 kBProgress (1): 478/492 kBProgress (1): 482/492 kBProgress (1): 486/492 kBProgress (1): 491/492 kBProgress (1): 492 kB                        Downloaded from central: https://repo.maven.apache.org/maven2/org/apache/maven/plugins/maven-javadoc-plugin/3.2.0/maven-javadoc-plugin-3.2.0.jar (492 kB at 11 MB/s)
Downloading from spring-snapshots: https://repo.spring.io/snapshot/org/apache/maven/plugins/maven-shade-plugin/3.2.2/maven-shade-plugin-3.2.2.pom
Downloading from spring-milestones: https://repo.spring.io/milestone/org/apache/maven/plugins/maven-shade-plugin/3.2.2/maven-shade-plugin-3.2.2.pom
Downloading from central: https://repo.maven.apache.org/maven2/org/apache/maven/plugins/maven-shade-plugin/3.2.2/maven-shade-plugin-3.2.2.pom
Progress (1): 4.1/10 kBProgress (1): 8.2/10 kBProgress (1): 10 kB                       Downloaded from central: https://repo.maven.apache.org/maven2/org/apache/maven/plugins/maven-shade-plugin/3.2.2/maven-shade-plugin-3.2.2.pom (10 kB at 453 kB/s)
Downloading from spring-snapshots: https://repo.spring.io/snapshot/org/apache/maven/plugins/maven-shade-plugin/3.2.2/maven-shade-plugin-3.2.2.jar
Downloading from spring-milestones: https://repo.spring.io/milestone/org/apache/maven/plugins/maven-shade-plugin/3.2.2/maven-shade-plugin-3.2.2.jar
Downloading from central: https://repo.maven.apache.org/maven2/org/apache/maven/plugins/maven-shade-plugin/3.2.2/maven-shade-plugin-3.2.2.jar
Progress (1): 4.1/131 kBProgress (1): 8.2/131 kBProgress (1): 12/131 kB Progress (1): 16/131 kBProgress (1): 20/131 kBProgress (1): 25/131 kBProgress (1): 29/131 kBProgress (1): 33/131 kBProgress (1): 37/131 kBProgress (1): 41/131 kBProgress (1): 45/131 kBProgress (1): 49/131 kBProgress (1): 53/131 kBProgress (1): 57/131 kBProgress (1): 61/131 kBProgress (1): 66/131 kBProgress (1): 70/131 kBProgress (1): 74/131 kBProgress (1): 78/131 kBProgress (1): 82/131 kBProgress (1): 86/131 kBProgress (1): 90/131 kBProgress (1): 94/131 kBProgress (1): 98/131 kBProgress (1): 102/131 kBProgress (1): 106/131 kBProgress (1): 110/131 kBProgress (1): 114/131 kBProgress (1): 118/131 kBProgress (1): 122/131 kBProgress (1): 127/131 kBProgress (1): 131/131 kBProgress (1): 131 kB                        Downloaded from central: https://repo.maven.apache.org/maven2/org/apache/maven/plugins/maven-shade-plugin/3.2.2/maven-shade-plugin-3.2.2.jar (131 kB at 4.5 MB/s)
Downloading from spring-snapshots: https://repo.spring.io/snapshot/org/apache/maven/plugins/maven-source-plugin/3.2.1/maven-source-plugin-3.2.1.pom
Downloading from spring-milestones: https://repo.spring.io/milestone/org/apache/maven/plugins/maven-source-plugin/3.2.1/maven-source-plugin-3.2.1.pom
Downloading from central: https://repo.maven.apache.org/maven2/org/apache/maven/plugins/maven-source-plugin/3.2.1/maven-source-plugin-3.2.1.pom
Progress (1): 4.1/6.9 kBProgress (1): 6.9 kB                        Downloaded from central: https://repo.maven.apache.org/maven2/org/apache/maven/plugins/maven-source-plugin/3.2.1/maven-source-plugin-3.2.1.pom (6.9 kB at 277 kB/s)
Downloading from spring-snapshots: https://repo.spring.io/snapshot/org/apache/maven/plugins/maven-source-plugin/3.2.1/maven-source-plugin-3.2.1.jar
Downloading from spring-milestones: https://repo.spring.io/milestone/org/apache/maven/plugins/maven-source-plugin/3.2.1/maven-source-plugin-3.2.1.jar
Downloading from central: https://repo.maven.apache.org/maven2/org/apache/maven/plugins/maven-source-plugin/3.2.1/maven-source-plugin-3.2.1.jar
Progress (1): 4.1/32 kBProgress (1): 8.2/32 kBProgress (1): 12/32 kB Progress (1): 16/32 kBProgress (1): 20/32 kBProgress (1): 25/32 kBProgress (1): 29/32 kBProgress (1): 32 kB                      Downloaded from central: https://repo.maven.apache.org/maven2/org/apache/maven/plugins/maven-source-plugin/3.2.1/maven-source-plugin-3.2.1.jar (32 kB at 1.1 MB/s)
Downloading from spring-snapshots: https://repo.spring.io/snapshot/org/apache/maven/plugins/maven-war-plugin/3.2.3/maven-war-plugin-3.2.3.pom
Downloading from spring-milestones: https://repo.spring.io/milestone/org/apache/maven/plugins/maven-war-plugin/3.2.3/maven-war-plugin-3.2.3.pom
Downloading from central: https://repo.maven.apache.org/maven2/org/apache/maven/plugins/maven-war-plugin/3.2.3/maven-war-plugin-3.2.3.pom
Progress (1): 4.1/9.6 kBProgress (1): 8.2/9.6 kBProgress (1): 9.6 kB                        Downloaded from central: https://repo.maven.apache.org/maven2/org/apache/maven/plugins/maven-war-plugin/3.2.3/maven-war-plugin-3.2.3.pom (9.6 kB at 400 kB/s)
Downloading from spring-snapshots: https://repo.spring.io/snapshot/org/apache/maven/plugins/maven-war-plugin/3.2.3/maven-war-plugin-3.2.3.jar
Downloading from spring-milestones: https://repo.spring.io/milestone/org/apache/maven/plugins/maven-war-plugin/3.2.3/maven-war-plugin-3.2.3.jar
Downloading from central: https://repo.maven.apache.org/maven2/org/apache/maven/plugins/maven-war-plugin/3.2.3/maven-war-plugin-3.2.3.jar
Progress (1): 4.1/91 kBProgress (1): 8.2/91 kBProgress (1): 12/91 kB Progress (1): 16/91 kBProgress (1): 20/91 kBProgress (1): 25/91 kBProgress (1): 29/91 kBProgress (1): 33/91 kBProgress (1): 37/91 kBProgress (1): 41/91 kBProgress (1): 45/91 kBProgress (1): 49/91 kBProgress (1): 53/91 kBProgress (1): 57/91 kBProgress (1): 61/91 kBProgress (1): 66/91 kBProgress (1): 70/91 kBProgress (1): 74/91 kBProgress (1): 78/91 kBProgress (1): 82/91 kBProgress (1): 86/91 kBProgress (1): 90/91 kBProgress (1): 91 kB                      Downloaded from central: https://repo.maven.apache.org/maven2/org/apache/maven/plugins/maven-war-plugin/3.2.3/maven-war-plugin-3.2.3.jar (91 kB at 3.4 MB/s)
Downloading from spring-snapshots: https://repo.spring.io/snapshot/org/codehaus/mojo/versions-maven-plugin/2.7/versions-maven-plugin-2.7.pom
Downloading from spring-milestones: https://repo.spring.io/milestone/org/codehaus/mojo/versions-maven-plugin/2.7/versions-maven-plugin-2.7.pom
Downloading from central: https://repo.maven.apache.org/maven2/org/codehaus/mojo/versions-maven-plugin/2.7/versions-maven-plugin-2.7.pom
Progress (1): 4.1/17 kBProgress (1): 8.2/17 kBProgress (1): 12/17 kB Progress (1): 16/17 kBProgress (1): 17 kB                      Downloaded from central: https://repo.maven.apache.org/maven2/org/codehaus/mojo/versions-maven-plugin/2.7/versions-maven-plugin-2.7.pom (17 kB at 654 kB/s)
Downloading from spring-snapshots: https://repo.spring.io/snapshot/org/codehaus/mojo/versions-maven-plugin/2.7/versions-maven-plugin-2.7.jar
Downloading from spring-milestones: https://repo.spring.io/milestone/org/codehaus/mojo/versions-maven-plugin/2.7/versions-maven-plugin-2.7.jar
Downloading from central: https://repo.maven.apache.org/maven2/org/codehaus/mojo/versions-maven-plugin/2.7/versions-maven-plugin-2.7.jar
Progress (1): 4.1/310 kBProgress (1): 8.2/310 kBProgress (1): 12/310 kB Progress (1): 16/310 kBProgress (1): 20/310 kBProgress (1): 24/310 kBProgress (1): 28/310 kBProgress (1): 32/310 kBProgress (1): 36/310 kBProgress (1): 40/310 kBProgress (1): 44/310 kBProgress (1): 49/310 kBProgress (1): 53/310 kBProgress (1): 57/310 kBProgress (1): 61/310 kBProgress (1): 65/310 kBProgress (1): 69/310 kBProgress (1): 73/310 kBProgress (1): 77/310 kBProgress (1): 81/310 kBProgress (1): 85/310 kBProgress (1): 90/310 kBProgress (1): 94/310 kBProgress (1): 98/310 kBProgress (1): 102/310 kBProgress (1): 106/310 kBProgress (1): 110/310 kBProgress (1): 114/310 kBProgress (1): 118/310 kBProgress (1): 122/310 kBProgress (1): 126/310 kBProgress (1): 130/310 kBProgress (1): 135/310 kBProgress (1): 139/310 kBProgress (1): 143/310 kBProgress (1): 147/310 kBProgress (1): 151/310 kBProgress (1): 155/310 kBProgress (1): 159/310 kBProgress (1): 163/310 kBProgress (1): 167/310 kBProgress (1): 171/310 kBProgress (1): 176/310 kBProgress (1): 180/310 kBProgress (1): 184/310 kBProgress (1): 188/310 kBProgress (1): 192/310 kBProgress (1): 196/310 kBProgress (1): 200/310 kBProgress (1): 204/310 kBProgress (1): 208/310 kBProgress (1): 212/310 kBProgress (1): 217/310 kBProgress (1): 221/310 kBProgress (1): 225/310 kBProgress (1): 229/310 kBProgress (1): 233/310 kBProgress (1): 237/310 kBProgress (1): 241/310 kBProgress (1): 245/310 kBProgress (1): 249/310 kBProgress (1): 253/310 kBProgress (1): 257/310 kBProgress (1): 261/310 kBProgress (1): 265/310 kBProgress (1): 269/310 kBProgress (1): 273/310 kBProgress (1): 277/310 kBProgress (1): 282/310 kBProgress (1): 286/310 kBProgress (1): 290/310 kBProgress (1): 294/310 kBProgress (1): 298/310 kBProgress (1): 302/310 kBProgress (1): 306/310 kBProgress (1): 310/310 kBProgress (1): 310 kB                        Downloaded from central: https://repo.maven.apache.org/maven2/org/codehaus/mojo/versions-maven-plugin/2.7/versions-maven-plugin-2.7.jar (310 kB at 6.7 MB/s)
Downloading from spring-snapshots: https://repo.spring.io/snapshot/org/codehaus/mojo/xml-maven-plugin/1.0.2/xml-maven-plugin-1.0.2.pom
Downloading from spring-milestones: https://repo.spring.io/milestone/org/codehaus/mojo/xml-maven-plugin/1.0.2/xml-maven-plugin-1.0.2.pom
Downloading from central: https://repo.maven.apache.org/maven2/org/codehaus/mojo/xml-maven-plugin/1.0.2/xml-maven-plugin-1.0.2.pom
Progress (1): 4.1/8.6 kBProgress (1): 8.2/8.6 kBProgress (1): 8.6 kB                        Downloaded from central: https://repo.maven.apache.org/maven2/org/codehaus/mojo/xml-maven-plugin/1.0.2/xml-maven-plugin-1.0.2.pom (8.6 kB at 372 kB/s)
Downloading from spring-snapshots: https://repo.spring.io/snapshot/org/codehaus/mojo/xml-maven-plugin/1.0.2/xml-maven-plugin-1.0.2.jar
Downloading from spring-milestones: https://repo.spring.io/milestone/org/codehaus/mojo/xml-maven-plugin/1.0.2/xml-maven-plugin-1.0.2.jar
Downloading from central: https://repo.maven.apache.org/maven2/org/codehaus/mojo/xml-maven-plugin/1.0.2/xml-maven-plugin-1.0.2.jar
Progress (1): 4.1/64 kBProgress (1): 8.2/64 kBProgress (1): 12/64 kB Progress (1): 16/64 kBProgress (1): 20/64 kBProgress (1): 25/64 kBProgress (1): 29/64 kBProgress (1): 33/64 kBProgress (1): 37/64 kBProgress (1): 41/64 kBProgress (1): 45/64 kBProgress (1): 49/64 kBProgress (1): 53/64 kBProgress (1): 57/64 kBProgress (1): 61/64 kBProgress (1): 64 kB                      Downloaded from central: https://repo.maven.apache.org/maven2/org/codehaus/mojo/xml-maven-plugin/1.0.2/xml-maven-plugin-1.0.2.jar (64 kB at 2.6 MB/s)
Downloading from spring-snapshots: https://repo.spring.io/snapshot/org/apache/maven/plugins/maven-metadata.xml
Downloading from spring-milestones: https://repo.spring.io/milestone/org/apache/maven/plugins/maven-metadata.xml
Downloading from central: https://repo.maven.apache.org/maven2/org/apache/maven/plugins/maven-metadata.xml
Downloading from spring-snapshots: https://repo.spring.io/snapshot/org/codehaus/mojo/maven-metadata.xml
Progress (1): 4.1/14 kBProgress (1): 8.2/14 kBProgress (1): 12/14 kB Progress (1): 14 kB                      Downloaded from central: https://repo.maven.apache.org/maven2/org/apache/maven/plugins/maven-metadata.xml (14 kB at 549 kB/s)
Downloading from spring-milestones: https://repo.spring.io/milestone/org/codehaus/mojo/maven-metadata.xml
Downloading from central: https://repo.maven.apache.org/maven2/org/codehaus/mojo/maven-metadata.xml
Progress (1): 4.1/21 kBProgress (1): 8.2/21 kBProgress (1): 12/21 kB Progress (1): 16/21 kBProgress (1): 20/21 kBProgress (1): 21 kB                      Downloaded from central: https://repo.maven.apache.org/maven2/org/codehaus/mojo/maven-metadata.xml (21 kB at 764 kB/s)
Downloading from spring-snapshots: https://repo.spring.io/snapshot/org/codehaus/mojo/findbugs-maven-plugin/maven-metadata.xml
Downloading from spring-milestones: https://repo.spring.io/milestone/org/codehaus/mojo/findbugs-maven-plugin/maven-metadata.xml
Downloading from central: https://repo.maven.apache.org/maven2/org/codehaus/mojo/findbugs-maven-plugin/maven-metadata.xml
Progress (1): 1.1 kB                    Downloaded from central: https://repo.maven.apache.org/maven2/org/codehaus/mojo/findbugs-maven-plugin/maven-metadata.xml (1.1 kB at 40 kB/s)
Downloading from spring-snapshots: https://repo.spring.io/snapshot/org/codehaus/mojo/findbugs-maven-plugin/3.0.5/findbugs-maven-plugin-3.0.5.pom
Downloading from spring-milestones: https://repo.spring.io/milestone/org/codehaus/mojo/findbugs-maven-plugin/3.0.5/findbugs-maven-plugin-3.0.5.pom
Downloading from central: https://repo.maven.apache.org/maven2/org/codehaus/mojo/findbugs-maven-plugin/3.0.5/findbugs-maven-plugin-3.0.5.pom
Progress (1): 4.1/23 kBProgress (1): 8.2/23 kBProgress (1): 12/23 kB Progress (1): 16/23 kBProgress (1): 20/23 kBProgress (1): 23 kB                      Downloaded from central: https://repo.maven.apache.org/maven2/org/codehaus/mojo/findbugs-maven-plugin/3.0.5/findbugs-maven-plugin-3.0.5.pom (23 kB at 932 kB/s)
Downloading from spring-snapshots: https://repo.spring.io/snapshot/org/codehaus/mojo/findbugs-maven-plugin/3.0.5/findbugs-maven-plugin-3.0.5.jar
Downloading from spring-milestones: https://repo.spring.io/milestone/org/codehaus/mojo/findbugs-maven-plugin/3.0.5/findbugs-maven-plugin-3.0.5.jar
Downloading from central: https://repo.maven.apache.org/maven2/org/codehaus/mojo/findbugs-maven-plugin/3.0.5/findbugs-maven-plugin-3.0.5.jar
Progress (1): 4.1/145 kBProgress (1): 8.2/145 kBProgress (1): 12/145 kB Progress (1): 16/145 kBProgress (1): 20/145 kBProgress (1): 25/145 kBProgress (1): 29/145 kBProgress (1): 33/145 kBProgress (1): 37/145 kBProgress (1): 41/145 kBProgress (1): 45/145 kBProgress (1): 49/145 kBProgress (1): 53/145 kBProgress (1): 57/145 kBProgress (1): 61/145 kBProgress (1): 66/145 kBProgress (1): 70/145 kBProgress (1): 74/145 kBProgress (1): 78/145 kBProgress (1): 82/145 kBProgress (1): 86/145 kBProgress (1): 90/145 kBProgress (1): 94/145 kBProgress (1): 98/145 kBProgress (1): 102/145 kBProgress (1): 106/145 kBProgress (1): 111/145 kBProgress (1): 115/145 kBProgress (1): 119/145 kBProgress (1): 123/145 kBProgress (1): 127/145 kBProgress (1): 131/145 kBProgress (1): 135/145 kBProgress (1): 139/145 kBProgress (1): 143/145 kBProgress (1): 145 kB                        Downloaded from central: https://repo.maven.apache.org/maven2/org/codehaus/mojo/findbugs-maven-plugin/3.0.5/findbugs-maven-plugin-3.0.5.jar (145 kB at 5.2 MB/s)
[INFO] 
[INFO] ------------< org.springframework.samples:spring-petclinic >------------
[INFO] Building petclinic 2.3.1.BUILD-SNAPSHOT
[INFO] --------------------------------[ jar ]---------------------------------
[INFO] 
[INFO] --- maven-clean-plugin:3.1.0:clean (default-clean) @ spring-petclinic ---
[INFO] Deleting /var/lib/jenkins/workspace/dockerImagePipe@2/target
[INFO] 
[INFO] --- spring-javaformat-maven-plugin:0.0.22:validate (default) @ spring-petclinic ---
[INFO] 
[INFO] --- jacoco-maven-plugin:0.8.5:prepare-agent (default) @ spring-petclinic ---
[INFO] argLine set to -javaagent:/var/lib/jenkins/workspace/dockerImagePipe@2/?/.m2/repository/org/jacoco/org.jacoco.agent/0.8.5/org.jacoco.agent-0.8.5-runtime.jar=destfile=/var/lib/jenkins/workspace/dockerImagePipe@2/target/jacoco.exec,excludes=sun/util/resources/cldr/provider/**:java/**
[INFO] 
[INFO] --- git-commit-id-plugin:3.0.1:revision (default) @ spring-petclinic ---
[INFO] dotGitDirectory /var/lib/jenkins/workspace/dockerImagePipe@2/.git
[INFO] Collected git.build.user.name with value 
[INFO] Collected git.build.user.email with value 
[INFO] Using environment variable based branch name. CI_COMMIT_REF_NAME = null
[INFO] Detected that running on CI environment, but using repository branch, no GIT_BRANCH detected.
[INFO] Collected git.branch with value 97c2ccefde948449db728c58b97adc7d69a79dca
[INFO] --always = true
[INFO] --dirty = -dirty
[INFO] --abbrev = 7
[INFO] Tag refs [[]]
[INFO] Created map: [{}]
[INFO] evalCommit is [97c2ccefde948449db728c58b97adc7d69a79dca]
[INFO] Collected git.commit.id.describe with value 97c2cce
[INFO] Collected git.commit.id.describe-short with value 97c2cce
[INFO] Collected git.commit.id with value 97c2ccefde948449db728c58b97adc7d69a79dca
[INFO] Collected git.commit.id.abbrev with value 97c2cce
[INFO] Collected git.dirty with value false
[INFO] Collected git.commit.user.name with value bilal
[INFO] Collected git.commit.user.email with value bilal13.fethi@gmail.com
[INFO] Collected git.commit.message.full with value Update file pom.xml
[INFO] Collected git.commit.message.short with value Update file pom.xml
[INFO] Collected git.commit.time with value 2024-04-18T19:30:25+0000
[INFO] Collected git.remote.origin.url with value https://gitlab.com/bifethi/petcliniks.git
[INFO] Collected git.tags with value 
[INFO] evalCommit is [97c2ccefde948449db728c58b97adc7d69a79dca]
[INFO] Tag refs [[]]
[INFO] Created map: [{}]
[INFO] Collected git.closest.tag.name with value 
[INFO] evalCommit is [97c2ccefde948449db728c58b97adc7d69a79dca]
[INFO] Tag refs [[]]
[INFO] Created map: [{}]
[INFO] Collected git.closest.tag.commit.count with value 
[INFO] Collected git.total.commit.count with value 20
[INFO] Collected git.local.branch.ahead with value NO_REMOTE
[INFO] Collected git.local.branch.behind with value NO_REMOTE
[INFO] Collected git.build.time with value 2024-04-18T19:31:34+0000
[INFO] Collected git.build.version with value 2.3.1.BUILD-SNAPSHOT
[INFO] Collected git.build.host with value 2ec8f00d495f
[INFO] Collected git.build.number with value 
[INFO] Collected git.build.number.unique with value 
[INFO] including property git.tags in results
[INFO] including property git.build.version in results
[INFO] including property git.branch in results
[INFO] including property git.build.host in results
[INFO] including property git.build.number in results
[INFO] including property git.commit.id in results
[INFO] including property git.commit.user.email in results
[INFO] including property git.build.number.unique in results
[INFO] including property git.local.branch.behind in results
[INFO] including property git.build.user.name in results
[INFO] including property git.dirty in results
[INFO] including property git.closest.tag.commit.count in results
[INFO] including property git.commit.user.name in results
[INFO] including property git.commit.id.abbrev in results
[INFO] including property git.commit.id.describe-short in results
[INFO] including property git.total.commit.count in results
[INFO] including property git.commit.id.describe in results
[INFO] including property git.build.user.email in results
[INFO] including property git.commit.message.short in results
[INFO] including property git.closest.tag.name in results
[INFO] including property git.local.branch.ahead in results
[INFO] including property git.commit.time in results
[INFO] including property git.build.time in results
[INFO] including property git.commit.message.full in results
[INFO] including property git.remote.origin.url in results
[INFO] Writing properties file to [/var/lib/jenkins/workspace/dockerImagePipe@2/target/classes/git.properties] (for module petclinic)...
[INFO] 
[INFO] --- spring-boot-maven-plugin:2.3.1.RELEASE:build-info (default) @ spring-petclinic ---
[INFO] 
[INFO] --- wro4j-maven-plugin:1.8.0:run (default) @ spring-petclinic ---
[INFO] /var/lib/jenkins/workspace/dockerImagePipe@2/src/main/less
[INFO] Executing the mojo: 
[INFO] Wro4j Model path: /var/lib/jenkins/workspace/dockerImagePipe@2/src/main/wro/wro.xml
[INFO] targetGroups: null
[INFO] minimize: true
[INFO] ignoreMissingResources: null
[INFO] parallelProcessing: false
[INFO] buildDirectory: /var/lib/jenkins/workspace/dockerImagePipe@2/target
[INFO] destinationFolder: /var/lib/jenkins/workspace/dockerImagePipe@2/target
[INFO] cssDestinationFolder: /var/lib/jenkins/workspace/dockerImagePipe@2/target/classes/static/resources/css
[INFO] The following groups will be processed: [petclinic]
[INFO] folder: /var/lib/jenkins/workspace/dockerImagePipe@2/target/classes/static/resources/css
[INFO] processing group: petclinic.css
[WARNING] Less warnings are:
[WARNING] 10:1 Cannot link source map. Css result location is not know and could not be deduced from input less source..
[INFO] file size: petclinic.css -> 152399 bytes
[INFO] /var/lib/jenkins/workspace/dockerImagePipe@2/target/classes/static/resources/css/petclinic.css (152399 bytes)
[INFO] folder: /var/lib/jenkins/workspace/dockerImagePipe@2/target
[INFO] processing group: petclinic.js
[INFO] 
[INFO] --- maven-resources-plugin:3.1.0:resources (default-resources) @ spring-petclinic ---
[INFO] Using 'UTF-8' encoding to copy filtered resources.
[INFO] Copying 2 resources
[INFO] Copying 39 resources
[INFO] 
[INFO] --- maven-compiler-plugin:3.8.1:compile (default-compile) @ spring-petclinic ---
[INFO] Changes detected - recompiling the module!
[INFO] Compiling 25 source files to /var/lib/jenkins/workspace/dockerImagePipe@2/target/classes
[INFO] 
[INFO] --- maven-resources-plugin:3.1.0:testResources (default-testResources) @ spring-petclinic ---
[INFO] Using 'UTF-8' encoding to copy filtered resources.
[INFO] skip non existing resourceDirectory /var/lib/jenkins/workspace/dockerImagePipe@2/src/test/resources
[INFO] 
[INFO] --- maven-compiler-plugin:3.8.1:testCompile (default-testCompile) @ spring-petclinic ---
[INFO] Changes detected - recompiling the module!
[INFO] Compiling 11 source files to /var/lib/jenkins/workspace/dockerImagePipe@2/target/test-classes
[INFO] 
[INFO] --- maven-surefire-plugin:2.22.2:test (default-test) @ spring-petclinic ---
[INFO] 
[INFO] -------------------------------------------------------
[INFO]  T E S T S
[INFO] -------------------------------------------------------
java.lang.instrument.IllegalClassFormatException: Error while instrumenting javax/sql/DataSource.
	at org.jacoco.agent.rt.internal_43f5073.CoverageTransformer.transform(CoverageTransformer.java:94)
	at java.instrument/java.lang.instrument.ClassFileTransformer.transform(ClassFileTransformer.java:244)
	at java.instrument/sun.instrument.TransformerManager.transform(TransformerManager.java:188)
	at java.instrument/sun.instrument.InstrumentationImpl.transform(InstrumentationImpl.java:565)
	at java.base/java.lang.ClassLoader.defineClass2(Native Method)
	at java.base/java.lang.ClassLoader.defineClass(ClassLoader.java:1101)
	at java.base/java.security.SecureClassLoader.defineClass(SecureClassLoader.java:182)
	at java.base/jdk.internal.loader.BuiltinClassLoader.defineClass(BuiltinClassLoader.java:814)
	at java.base/jdk.internal.loader.BuiltinClassLoader.findClassInModuleOrNull(BuiltinClassLoader.java:735)
	at java.base/jdk.internal.loader.BuiltinClassLoader.loadClassOrNull(BuiltinClassLoader.java:660)
	at java.base/jdk.internal.loader.BuiltinClassLoader.loadClassOrNull(BuiltinClassLoader.java:695)
	at java.base/jdk.internal.loader.BuiltinClassLoader.loadClassOrNull(BuiltinClassLoader.java:664)
	at java.base/jdk.internal.loader.BuiltinClassLoader.loadClass(BuiltinClassLoader.java:634)
	at java.base/jdk.internal.loader.ClassLoaders$AppClassLoader.loadClass(ClassLoaders.java:182)
	at java.base/java.lang.ClassLoader.loadClass(ClassLoader.java:519)
	at java.base/java.lang.Class.getDeclaredMethods0(Native Method)
	at java.base/java.lang.Class.privateGetDeclaredMethods(Class.java:3334)
	at java.base/java.lang.Class.getMethodsRecursive(Class.java:3475)
	at java.base/java.lang.Class.getMethod0(Class.java:3461)
	at java.base/java.lang.Class.getMethod(Class.java:2193)
	at java.base/java.lang.Class.getEnumConstantsShared(Class.java:3757)
	at java.base/java.lang.Class.enumConstantDirectory(Class.java:3788)
	at java.base/java.lang.Enum.valueOf(Enum.java:267)
	at java.base/sun.reflect.annotation.AnnotationParser.parseEnumValue(AnnotationParser.java:484)
	at java.base/sun.reflect.annotation.AnnotationParser.parseMemberValue(AnnotationParser.java:348)
	at java.base/java.lang.reflect.Method.getDefaultValue(Method.java:674)
	at java.base/sun.reflect.annotation.AnnotationType.<init>(AnnotationType.java:132)
	at java.base/sun.reflect.annotation.AnnotationType.getInstance(AnnotationType.java:85)
	at java.base/sun.reflect.annotation.AnnotationParser.parseAnnotation2(AnnotationParser.java:267)
	at java.base/sun.reflect.annotation.AnnotationParser.parseAnnotations2(AnnotationParser.java:121)
	at java.base/sun.reflect.annotation.AnnotationParser.parseAnnotations(AnnotationParser.java:73)
	at java.base/java.lang.Class.createAnnotationData(Class.java:3997)
	at java.base/java.lang.Class.annotationData(Class.java:3986)
	at java.base/java.lang.Class.getDeclaredAnnotation(Class.java:3925)
	at org.junit.platform.commons.util.AnnotationUtils.findAnnotation(AnnotationUtils.java:128)
	at org.junit.platform.commons.util.AnnotationUtils.findMetaAnnotation(AnnotationUtils.java:176)
	at org.junit.platform.commons.util.AnnotationUtils.findAnnotation(AnnotationUtils.java:134)
	at org.junit.platform.commons.util.AnnotationUtils.findAnnotation(AnnotationUtils.java:115)
	at org.junit.jupiter.engine.descriptor.DisplayNameUtils.determineDisplayName(DisplayNameUtils.java:56)
	at org.junit.jupiter.engine.descriptor.JupiterTestDescriptor.<init>(JupiterTestDescriptor.java:69)
	at org.junit.jupiter.engine.descriptor.ClassBasedTestDescriptor.<init>(ClassBasedTestDescriptor.java:94)
	at org.junit.jupiter.engine.descriptor.ClassTestDescriptor.<init>(ClassTestDescriptor.java:50)
	at org.junit.jupiter.engine.discovery.ClassSelectorResolver.newClassTestDescriptor(ClassSelectorResolver.java:119)
	at org.junit.jupiter.engine.discovery.ClassSelectorResolver.lambda$resolve$0(ClassSelectorResolver.java:71)
	at org.junit.platform.engine.support.discovery.EngineDiscoveryRequestResolution$DefaultContext.createAndAdd(EngineDiscoveryRequestResolution.java:246)
	at org.junit.platform.engine.support.discovery.EngineDiscoveryRequestResolution$DefaultContext.addToParent(EngineDiscoveryRequestResolution.java:209)
	at org.junit.jupiter.engine.discovery.ClassSelectorResolver.resolve(ClassSelectorResolver.java:71)
	at org.junit.platform.engine.support.discovery.EngineDiscoveryRequestResolution.lambda$resolve$2(EngineDiscoveryRequestResolution.java:134)
	at java.base/java.util.stream.ReferencePipeline$3$1.accept(ReferencePipeline.java:197)
	at java.base/java.util.ArrayList$ArrayListSpliterator.tryAdvance(ArrayList.java:1602)
	at java.base/java.util.stream.ReferencePipeline.forEachWithCancel(ReferencePipeline.java:129)
	at java.base/java.util.stream.AbstractPipeline.copyIntoWithCancel(AbstractPipeline.java:502)
	at java.base/java.util.stream.AbstractPipeline.copyInto(AbstractPipeline.java:488)
	at java.base/java.util.stream.AbstractPipeline.wrapAndCopyInto(AbstractPipeline.java:474)
	at java.base/java.util.stream.FindOps$FindOp.evaluateSequential(FindOps.java:150)
	at java.base/java.util.stream.AbstractPipeline.evaluate(AbstractPipeline.java:234)
	at java.base/java.util.stream.ReferencePipeline.findFirst(ReferencePipeline.java:647)
	at org.junit.platform.engine.support.discovery.EngineDiscoveryRequestResolution.resolve(EngineDiscoveryRequestResolution.java:185)
	at org.junit.platform.engine.support.discovery.EngineDiscoveryRequestResolution.resolve(EngineDiscoveryRequestResolution.java:125)
	at org.junit.platform.engine.support.discovery.EngineDiscoveryRequestResolution.resolveCompletely(EngineDiscoveryRequestResolution.java:91)
	at org.junit.platform.engine.support.discovery.EngineDiscoveryRequestResolution.run(EngineDiscoveryRequestResolution.java:82)
	at org.junit.platform.engine.support.discovery.EngineDiscoveryRequestResolver.resolve(EngineDiscoveryRequestResolver.java:113)
	at org.junit.jupiter.engine.discovery.DiscoverySelectorResolver.resolveSelectors(DiscoverySelectorResolver.java:45)
	at org.junit.jupiter.engine.JupiterTestEngine.discover(JupiterTestEngine.java:69)
	at org.junit.platform.launcher.core.DefaultLauncher.discoverEngineRoot(DefaultLauncher.java:168)
	at org.junit.platform.launcher.core.DefaultLauncher.discoverRoot(DefaultLauncher.java:155)
	at org.junit.platform.launcher.core.DefaultLauncher.discover(DefaultLauncher.java:120)
	at org.apache.maven.surefire.junitplatform.TestPlanScannerFilter.accept(TestPlanScannerFilter.java:56)
	at org.apache.maven.surefire.util.DefaultScanResult.applyFilter(DefaultScanResult.java:102)
	at org.apache.maven.surefire.junitplatform.JUnitPlatformProvider.scanClasspath(JUnitPlatformProvider.java:143)
	at org.apache.maven.surefire.junitplatform.JUnitPlatformProvider.invoke(JUnitPlatformProvider.java:124)
	at org.apache.maven.surefire.booter.ForkedBooter.invokeProviderInSameClassLoader(ForkedBooter.java:384)
	at org.apache.maven.surefire.booter.ForkedBooter.runSuitesInProcess(ForkedBooter.java:345)
	at org.apache.maven.surefire.booter.ForkedBooter.execute(ForkedBooter.java:126)
	at org.apache.maven.surefire.booter.ForkedBooter.main(ForkedBooter.java:418)
Caused by: java.io.IOException: Error while instrumenting javax/sql/DataSource.
	at org.jacoco.agent.rt.internal_43f5073.core.instr.Instrumenter.instrumentError(Instrumenter.java:159)
	at org.jacoco.agent.rt.internal_43f5073.core.instr.Instrumenter.instrument(Instrumenter.java:109)
	at org.jacoco.agent.rt.internal_43f5073.CoverageTransformer.transform(CoverageTransformer.java:92)
	... 74 more
Caused by: java.lang.IllegalArgumentException: Unsupported class file major version 60
	at org.jacoco.agent.rt.internal_43f5073.asm.ClassReader.<init>(ClassReader.java:195)
	at org.jacoco.agent.rt.internal_43f5073.asm.ClassReader.<init>(ClassReader.java:176)
	at org.jacoco.agent.rt.internal_43f5073.asm.ClassReader.<init>(ClassReader.java:162)
	at org.jacoco.agent.rt.internal_43f5073.core.internal.instr.InstrSupport.classReaderFor(InstrSupport.java:280)
	at org.jacoco.agent.rt.internal_43f5073.core.instr.Instrumenter.instrument(Instrumenter.java:75)
	at org.jacoco.agent.rt.internal_43f5073.core.instr.Instrumenter.instrument(Instrumenter.java:107)
	... 75 more
java.lang.instrument.IllegalClassFormatException: Error while instrumenting javax/sql/CommonDataSource.
	at org.jacoco.agent.rt.internal_43f5073.CoverageTransformer.transform(CoverageTransformer.java:94)
	at java.instrument/java.lang.instrument.ClassFileTransformer.transform(ClassFileTransformer.java:244)
	at java.instrument/sun.instrument.TransformerManager.transform(TransformerManager.java:188)
	at java.instrument/sun.instrument.InstrumentationImpl.transform(InstrumentationImpl.java:565)
	at java.base/java.lang.ClassLoader.defineClass2(Native Method)
	at java.base/java.lang.ClassLoader.defineClass(ClassLoader.java:1101)
	at java.base/java.security.SecureClassLoader.defineClass(SecureClassLoader.java:182)
	at java.base/jdk.internal.loader.BuiltinClassLoader.defineClass(BuiltinClassLoader.java:814)
	at java.base/jdk.internal.loader.BuiltinClassLoader.findClassInModuleOrNull(BuiltinClassLoader.java:735)
	at java.base/jdk.internal.loader.BuiltinClassLoader.loadClassOrNull(BuiltinClassLoader.java:660)
	at java.base/jdk.internal.loader.BuiltinClassLoader.loadClass(BuiltinClassLoader.java:634)
	at java.base/java.lang.ClassLoader.loadClass(ClassLoader.java:519)
	at java.base/java.lang.ClassLoader.defineClass2(Native Method)
	at java.base/java.lang.ClassLoader.defineClass(ClassLoader.java:1101)
	at java.base/java.security.SecureClassLoader.defineClass(SecureClassLoader.java:182)
	at java.base/jdk.internal.loader.BuiltinClassLoader.defineClass(BuiltinClassLoader.java:814)
	at java.base/jdk.internal.loader.BuiltinClassLoader.findClassInModuleOrNull(BuiltinClassLoader.java:735)
	at java.base/jdk.internal.loader.BuiltinClassLoader.loadClassOrNull(BuiltinClassLoader.java:660)
	at java.base/jdk.internal.loader.BuiltinClassLoader.loadClassOrNull(BuiltinClassLoader.java:695)
	at java.base/jdk.internal.loader.BuiltinClassLoader.loadClassOrNull(BuiltinClassLoader.java:664)
	at java.base/jdk.internal.loader.BuiltinClassLoader.loadClass(BuiltinClassLoader.java:634)
	at java.base/jdk.internal.loader.ClassLoaders$AppClassLoader.loadClass(ClassLoaders.java:182)
	at java.base/java.lang.ClassLoader.loadClass(ClassLoader.java:519)
	at java.base/java.lang.Class.getDeclaredMethods0(Native Method)
	at java.base/java.lang.Class.privateGetDeclaredMethods(Class.java:3334)
	at java.base/java.lang.Class.getMethodsRecursive(Class.java:3475)
	at java.base/java.lang.Class.getMethod0(Class.java:3461)
	at java.base/java.lang.Class.getMethod(Class.java:2193)
	at java.base/java.lang.Class.getEnumConstantsShared(Class.java:3757)
	at java.base/java.lang.Class.enumConstantDirectory(Class.java:3788)
	at java.base/java.lang.Enum.valueOf(Enum.java:267)
	at java.base/sun.reflect.annotation.AnnotationParser.parseEnumValue(AnnotationParser.java:484)
	at java.base/sun.reflect.annotation.AnnotationParser.parseMemberValue(AnnotationParser.java:348)
	at java.base/java.lang.reflect.Method.getDefaultValue(Method.java:674)
	at java.base/sun.reflect.annotation.AnnotationType.<init>(AnnotationType.java:132)
	at java.base/sun.reflect.annotation.AnnotationType.getInstance(AnnotationType.java:85)
	at java.base/sun.reflect.annotation.AnnotationParser.parseAnnotation2(AnnotationParser.java:267)
	at java.base/sun.reflect.annotation.AnnotationParser.parseAnnotations2(AnnotationParser.java:121)
	at java.base/sun.reflect.annotation.AnnotationParser.parseAnnotations(AnnotationParser.java:73)
	at java.base/java.lang.Class.createAnnotationData(Class.java:3997)
	at java.base/java.lang.Class.annotationData(Class.java:3986)
	at java.base/java.lang.Class.getDeclaredAnnotation(Class.java:3925)
	at org.junit.platform.commons.util.AnnotationUtils.findAnnotation(AnnotationUtils.java:128)
	at org.junit.platform.commons.util.AnnotationUtils.findMetaAnnotation(AnnotationUtils.java:176)
	at org.junit.platform.commons.util.AnnotationUtils.findAnnotation(AnnotationUtils.java:134)
	at org.junit.platform.commons.util.AnnotationUtils.findAnnotation(AnnotationUtils.java:115)
	at org.junit.jupiter.engine.descriptor.DisplayNameUtils.determineDisplayName(DisplayNameUtils.java:56)
	at org.junit.jupiter.engine.descriptor.JupiterTestDescriptor.<init>(JupiterTestDescriptor.java:69)
	at org.junit.jupiter.engine.descriptor.ClassBasedTestDescriptor.<init>(ClassBasedTestDescriptor.java:94)
	at org.junit.jupiter.engine.descriptor.ClassTestDescriptor.<init>(ClassTestDescriptor.java:50)
	at org.junit.jupiter.engine.discovery.ClassSelectorResolver.newClassTestDescriptor(ClassSelectorResolver.java:119)
	at org.junit.jupiter.engine.discovery.ClassSelectorResolver.lambda$resolve$0(ClassSelectorResolver.java:71)
	at org.junit.platform.engine.support.discovery.EngineDiscoveryRequestResolution$DefaultContext.createAndAdd(EngineDiscoveryRequestResolution.java:246)
	at org.junit.platform.engine.support.discovery.EngineDiscoveryRequestResolution$DefaultContext.addToParent(EngineDiscoveryRequestResolution.java:209)
	at org.junit.jupiter.engine.discovery.ClassSelectorResolver.resolve(ClassSelectorResolver.java:71)
	at org.junit.platform.engine.support.discovery.EngineDiscoveryRequestResolution.lambda$resolve$2(EngineDiscoveryRequestResolution.java:134)
	at java.base/java.util.stream.ReferencePipeline$3$1.accept(ReferencePipeline.java:197)
	at java.base/java.util.ArrayList$ArrayListSpliterator.tryAdvance(ArrayList.java:1602)
	at java.base/java.util.stream.ReferencePipeline.forEachWithCancel(ReferencePipeline.java:129)
	at java.base/java.util.stream.AbstractPipeline.copyIntoWithCancel(AbstractPipeline.java:502)
	at java.base/java.util.stream.AbstractPipeline.copyInto(AbstractPipeline.java:488)
	at java.base/java.util.stream.AbstractPipeline.wrapAndCopyInto(AbstractPipeline.java:474)
	at java.base/java.util.stream.FindOps$FindOp.evaluateSequential(FindOps.java:150)
	at java.base/java.util.stream.AbstractPipeline.evaluate(AbstractPipeline.java:234)
	at java.base/java.util.stream.ReferencePipeline.findFirst(ReferencePipeline.java:647)
	at org.junit.platform.engine.support.discovery.EngineDiscoveryRequestResolution.resolve(EngineDiscoveryRequestResolution.java:185)
	at org.junit.platform.engine.support.discovery.EngineDiscoveryRequestResolution.resolve(EngineDiscoveryRequestResolution.java:125)
	at org.junit.platform.engine.support.discovery.EngineDiscoveryRequestResolution.resolveCompletely(EngineDiscoveryRequestResolution.java:91)
	at org.junit.platform.engine.support.discovery.EngineDiscoveryRequestResolution.run(EngineDiscoveryRequestResolution.java:82)
	at org.junit.platform.engine.support.discovery.EngineDiscoveryRequestResolver.resolve(EngineDiscoveryRequestResolver.java:113)
	at org.junit.jupiter.engine.discovery.DiscoverySelectorResolver.resolveSelectors(DiscoverySelectorResolver.java:45)
	at org.junit.jupiter.engine.JupiterTestEngine.discover(JupiterTestEngine.java:69)
	at org.junit.platform.launcher.core.DefaultLauncher.discoverEngineRoot(DefaultLauncher.java:168)
	at org.junit.platform.launcher.core.DefaultLauncher.discoverRoot(DefaultLauncher.java:155)
	at org.junit.platform.launcher.core.DefaultLauncher.discover(DefaultLauncher.java:120)
	at org.apache.maven.surefire.junitplatform.TestPlanScannerFilter.accept(TestPlanScannerFilter.java:56)
	at org.apache.maven.surefire.util.DefaultScanResult.applyFilter(DefaultScanResult.java:102)
	at org.apache.maven.surefire.junitplatform.JUnitPlatformProvider.scanClasspath(JUnitPlatformProvider.java:143)
	at org.apache.maven.surefire.junitplatform.JUnitPlatformProvider.invoke(JUnitPlatformProvider.java:124)
	at org.apache.maven.surefire.booter.ForkedBooter.invokeProviderInSameClassLoader(ForkedBooter.java:384)
	at org.apache.maven.surefire.booter.ForkedBooter.runSuitesInProcess(ForkedBooter.java:345)
	at org.apache.maven.surefire.booter.ForkedBooter.execute(ForkedBooter.java:126)
	at org.apache.maven.surefire.booter.ForkedBooter.main(ForkedBooter.java:418)
Caused by: java.io.IOException: Error while instrumenting javax/sql/CommonDataSource.
	at org.jacoco.agent.rt.internal_43f5073.core.instr.Instrumenter.instrumentError(Instrumenter.java:159)
	at org.jacoco.agent.rt.internal_43f5073.core.instr.Instrumenter.instrument(Instrumenter.java:109)
	at org.jacoco.agent.rt.internal_43f5073.CoverageTransformer.transform(CoverageTransformer.java:92)
	... 82 more
Caused by: java.lang.IllegalArgumentException: Unsupported class file major version 60
	at org.jacoco.agent.rt.internal_43f5073.asm.ClassReader.<init>(ClassReader.java:195)
	at org.jacoco.agent.rt.internal_43f5073.asm.ClassReader.<init>(ClassReader.java:176)
	at org.jacoco.agent.rt.internal_43f5073.asm.ClassReader.<init>(ClassReader.java:162)
	at org.jacoco.agent.rt.internal_43f5073.core.internal.instr.InstrSupport.classReaderFor(InstrSupport.java:280)
	at org.jacoco.agent.rt.internal_43f5073.core.instr.Instrumenter.instrument(Instrumenter.java:75)
	at org.jacoco.agent.rt.internal_43f5073.core.instr.Instrumenter.instrument(Instrumenter.java:107)
	... 83 more
[INFO] Running org.springframework.samples.petclinic.PetclinicIntegrationTests
19:31:47.484 [main] DEBUG org.springframework.test.context.BootstrapUtils - Instantiating CacheAwareContextLoaderDelegate from class [org.springframework.test.context.cache.DefaultCacheAwareContextLoaderDelegate]
19:31:47.558 [main] DEBUG org.springframework.test.context.BootstrapUtils - Instantiating BootstrapContext using constructor [public org.springframework.test.context.support.DefaultBootstrapContext(java.lang.Class,org.springframework.test.context.CacheAwareContextLoaderDelegate)]
19:31:47.709 [main] DEBUG org.springframework.test.context.BootstrapUtils - Instantiating TestContextBootstrapper for test class [org.springframework.samples.petclinic.PetclinicIntegrationTests] from class [org.springframework.boot.test.context.SpringBootTestContextBootstrapper]
19:31:47.773 [main] INFO org.springframework.boot.test.context.SpringBootTestContextBootstrapper - Neither @ContextConfiguration nor @ContextHierarchy found for test class [org.springframework.samples.petclinic.PetclinicIntegrationTests], using SpringBootContextLoader
19:31:47.790 [main] DEBUG org.springframework.test.context.support.AbstractContextLoader - Did not detect default resource location for test class [org.springframework.samples.petclinic.PetclinicIntegrationTests]: class path resource [org/springframework/samples/petclinic/PetclinicIntegrationTests-context.xml] does not exist
19:31:47.791 [main] DEBUG org.springframework.test.context.support.AbstractContextLoader - Did not detect default resource location for test class [org.springframework.samples.petclinic.PetclinicIntegrationTests]: class path resource [org/springframework/samples/petclinic/PetclinicIntegrationTestsContext.groovy] does not exist
19:31:47.792 [main] INFO org.springframework.test.context.support.AbstractContextLoader - Could not detect default resource locations for test class [org.springframework.samples.petclinic.PetclinicIntegrationTests]: no resource found for suffixes {-context.xml, Context.groovy}.
19:31:47.793 [main] INFO org.springframework.test.context.support.AnnotationConfigContextLoaderUtils - Could not detect default configuration classes for test class [org.springframework.samples.petclinic.PetclinicIntegrationTests]: PetclinicIntegrationTests does not declare any static, non-private, non-final, nested classes annotated with @Configuration.
19:31:47.966 [main] DEBUG org.springframework.test.context.support.ActiveProfilesUtils - Could not find an 'annotation declaring class' for annotation type [org.springframework.test.context.ActiveProfiles] and class [org.springframework.samples.petclinic.PetclinicIntegrationTests]
19:31:48.168 [main] DEBUG org.springframework.context.annotation.ClassPathScanningCandidateComponentProvider - Identified candidate component class: file [/var/lib/jenkins/workspace/dockerImagePipe@2/target/classes/org/springframework/samples/petclinic/PetClinicApplication.class]
19:31:48.171 [main] INFO org.springframework.boot.test.context.SpringBootTestContextBootstrapper - Found @SpringBootConfiguration org.springframework.samples.petclinic.PetClinicApplication for test class org.springframework.samples.petclinic.PetclinicIntegrationTests
19:31:48.405 [main] DEBUG org.springframework.boot.test.context.SpringBootTestContextBootstrapper - @TestExecutionListeners is not present for class [org.springframework.samples.petclinic.PetclinicIntegrationTests]: using defaults.
19:31:48.411 [main] INFO org.springframework.boot.test.context.SpringBootTestContextBootstrapper - Loaded default TestExecutionListener class names from location [META-INF/spring.factories]: [org.springframework.boot.test.mock.mockito.MockitoTestExecutionListener, org.springframework.boot.test.mock.mockito.ResetMocksTestExecutionListener, org.springframework.boot.test.autoconfigure.restdocs.RestDocsTestExecutionListener, org.springframework.boot.test.autoconfigure.web.client.MockRestServiceServerResetTestExecutionListener, org.springframework.boot.test.autoconfigure.web.servlet.MockMvcPrintOnlyOnFailureTestExecutionListener, org.springframework.boot.test.autoconfigure.web.servlet.WebDriverTestExecutionListener, org.springframework.boot.test.autoconfigure.webservices.client.MockWebServiceServerTestExecutionListener, org.springframework.test.context.web.ServletTestExecutionListener, org.springframework.test.context.support.DirtiesContextBeforeModesTestExecutionListener, org.springframework.test.context.support.DependencyInjectionTestExecutionListener, org.springframework.test.context.support.DirtiesContextTestExecutionListener, org.springframework.test.context.transaction.TransactionalTestExecutionListener, org.springframework.test.context.jdbc.SqlScriptsTestExecutionListener, org.springframework.test.context.event.EventPublishingTestExecutionListener]
19:31:48.458 [main] INFO org.springframework.boot.test.context.SpringBootTestContextBootstrapper - Using TestExecutionListeners: [org.springframework.test.context.web.ServletTestExecutionListener@6c796cc1, org.springframework.test.context.support.DirtiesContextBeforeModesTestExecutionListener@226eba67, org.springframework.boot.test.mock.mockito.MockitoTestExecutionListener@1cb7936c, org.springframework.boot.test.autoconfigure.SpringBootDependencyInjectionTestExecutionListener@35342d2f, org.springframework.test.context.support.DirtiesContextTestExecutionListener@128c502c, org.springframework.test.context.transaction.TransactionalTestExecutionListener@45667d98, org.springframework.test.context.jdbc.SqlScriptsTestExecutionListener@65eabaab, org.springframework.test.context.event.EventPublishingTestExecutionListener@7123be6c, org.springframework.boot.test.mock.mockito.ResetMocksTestExecutionListener@1de9d54, org.springframework.boot.test.autoconfigure.restdocs.RestDocsTestExecutionListener@77a2aa4a, org.springframework.boot.test.autoconfigure.web.client.MockRestServiceServerResetTestExecutionListener@47ad69f7, org.springframework.boot.test.autoconfigure.web.servlet.MockMvcPrintOnlyOnFailureTestExecutionListener@2b917fb0, org.springframework.boot.test.autoconfigure.web.servlet.WebDriverTestExecutionListener@5e5073ab, org.springframework.boot.test.autoconfigure.webservices.client.MockWebServiceServerTestExecutionListener@3c4262d1]
19:31:48.471 [main] DEBUG org.springframework.test.context.support.AbstractDirtiesContextTestExecutionListener - Before test class: context [DefaultTestContext@7159a5cd testClass = PetclinicIntegrationTests, testInstance = [null], testMethod = [null], testException = [null], mergedContextConfiguration = [WebMergedContextConfiguration@4f966719 testClass = PetclinicIntegrationTests, locations = '{}', classes = '{class org.springframework.samples.petclinic.PetClinicApplication}', contextInitializerClasses = '[]', activeProfiles = '{}', propertySourceLocations = '{}', propertySourceProperties = '{org.springframework.boot.test.context.SpringBootTestContextBootstrapper=true}', contextCustomizers = set[org.springframework.boot.test.context.filter.ExcludeFilterContextCustomizer@24a1c17f, org.springframework.boot.test.json.DuplicateJsonObjectContextCustomizerFactory$DuplicateJsonObjectContextCustomizer@532721fd, org.springframework.boot.test.mock.mockito.MockitoContextCustomizer@0, org.springframework.boot.test.web.client.TestRestTemplateContextCustomizer@5922ae77, org.springframework.boot.test.autoconfigure.properties.PropertyMappingContextCustomizer@0, org.springframework.boot.test.autoconfigure.web.servlet.WebDriverContextCustomizerFactory$Customizer@23c388c2, org.springframework.boot.test.context.SpringBootTestArgs@1], resourceBasePath = 'src/main/webapp', contextLoader = 'org.springframework.boot.test.context.SpringBootContextLoader', parent = [null]], attributes = map['org.springframework.test.context.web.ServletTestExecutionListener.activateListener' -> true]], class annotated with @DirtiesContext [false] with mode [null].
19:31:48.586 [main] DEBUG org.springframework.test.context.support.TestPropertySourceUtils - Adding inlined properties to environment: {spring.jmx.enabled=false, org.springframework.boot.test.context.SpringBootTestContextBootstrapper=true}


              |\      _,,,--,,_
             /,`.-'`'   ._  \-;;,_
  _______ __|,4-  ) )_   .;.(__`'-'__     ___ __    _ ___ _______
 |       | '---''(_/._)-'(_\_)   |   |   |   |  |  | |   |       |
 |    _  |    ___|_     _|       |   |   |   |   |_| |   |       | __ _ _
 |   |_| |   |___  |   | |       |   |   |   |       |   |       | \ \ \ \
 |    ___|    ___| |   | |      _|   |___|   |  _    |   |      _|  \ \ \ \
 |   |   |   |___  |   | |     |_|       |   | | |   |   |     |_    ) ) ) )
 |___|   |_______| |___| |_______|_______|___|_|  |__|___|_______|  / / / /
 ==================================================================/_/_/_/

:: Built with Spring Boot :: 2.3.1.RELEASE


2024-04-18 19:31:49.543  INFO 123 --- [           main] o.s.s.p.PetclinicIntegrationTests        : Starting PetclinicIntegrationTests on 2ec8f00d495f with PID 123 (started by ? in /var/lib/jenkins/workspace/dockerImagePipe@2)
2024-04-18 19:31:49.552  INFO 123 --- [           main] o.s.s.p.PetclinicIntegrationTests        : No active profile set, falling back to default profiles: default
java.lang.instrument.IllegalClassFormatException: Error while instrumenting javax/sql/XADataSource.
	at org.jacoco.agent.rt.internal_43f5073.CoverageTransformer.transform(CoverageTransformer.java:94)
	at java.instrument/java.lang.instrument.ClassFileTransformer.transform(ClassFileTransformer.java:244)
	at java.instrument/sun.instrument.TransformerManager.transform(TransformerManager.java:188)
	at java.instrument/sun.instrument.InstrumentationImpl.transform(InstrumentationImpl.java:565)
	at java.base/java.lang.ClassLoader.defineClass2(Native Method)
	at java.base/java.lang.ClassLoader.defineClass(ClassLoader.java:1101)
	at java.base/java.security.SecureClassLoader.defineClass(SecureClassLoader.java:182)
	at java.base/jdk.internal.loader.BuiltinClassLoader.defineClass(BuiltinClassLoader.java:814)
	at java.base/jdk.internal.loader.BuiltinClassLoader.findClassInModuleOrNull(BuiltinClassLoader.java:735)
	at java.base/jdk.internal.loader.BuiltinClassLoader.loadClassOrNull(BuiltinClassLoader.java:660)
	at java.base/jdk.internal.loader.BuiltinClassLoader.loadClassOrNull(BuiltinClassLoader.java:695)
	at java.base/jdk.internal.loader.BuiltinClassLoader.loadClassOrNull(BuiltinClassLoader.java:664)
	at java.base/jdk.internal.loader.BuiltinClassLoader.loadClass(BuiltinClassLoader.java:634)
	at java.base/jdk.internal.loader.ClassLoaders$AppClassLoader.loadClass(ClassLoaders.java:182)
	at java.base/java.lang.ClassLoader.loadClass(ClassLoader.java:519)
	at java.base/java.lang.Class.forName0(Native Method)
	at java.base/java.lang.Class.forName(Class.java:466)
	at org.springframework.boot.autoconfigure.condition.FilteringSpringBootCondition.resolve(FilteringSpringBootCondition.java:108)
	at org.springframework.boot.autoconfigure.condition.OnBeanCondition.getBeanNamesForType(OnBeanCondition.java:213)
	at org.springframework.boot.autoconfigure.condition.OnBeanCondition.getMatchingBeans(OnBeanCondition.java:167)
	at org.springframework.boot.autoconfigure.condition.OnBeanCondition.getMatchOutcome(OnBeanCondition.java:142)
	at org.springframework.boot.autoconfigure.condition.SpringBootCondition.matches(SpringBootCondition.java:47)
	at org.springframework.context.annotation.ConditionEvaluator.shouldSkip(ConditionEvaluator.java:108)
	at org.springframework.context.annotation.ConfigurationClassBeanDefinitionReader$TrackedConditionEvaluator.shouldSkip(ConfigurationClassBeanDefinitionReader.java:469)
	at org.springframework.context.annotation.ConfigurationClassBeanDefinitionReader$TrackedConditionEvaluator.shouldSkip(ConfigurationClassBeanDefinitionReader.java:458)
	at org.springframework.context.annotation.ConfigurationClassBeanDefinitionReader.loadBeanDefinitionsForConfigurationClass(ConfigurationClassBeanDefinitionReader.java:131)
	at org.springframework.context.annotation.ConfigurationClassBeanDefinitionReader.loadBeanDefinitions(ConfigurationClassBeanDefinitionReader.java:120)
	at org.springframework.context.annotation.ConfigurationClassPostProcessor.processConfigBeanDefinitions(ConfigurationClassPostProcessor.java:331)
	at org.springframework.context.annotation.ConfigurationClassPostProcessor.postProcessBeanDefinitionRegistry(ConfigurationClassPostProcessor.java:236)
	at org.springframework.context.support.PostProcessorRegistrationDelegate.invokeBeanDefinitionRegistryPostProcessors(PostProcessorRegistrationDelegate.java:280)
	at org.springframework.context.support.PostProcessorRegistrationDelegate.invokeBeanFactoryPostProcessors(PostProcessorRegistrationDelegate.java:96)
	at org.springframework.context.support.AbstractApplicationContext.invokeBeanFactoryPostProcessors(AbstractApplicationContext.java:707)
	at org.springframework.context.support.AbstractApplicationContext.refresh(AbstractApplicationContext.java:533)
	at org.springframework.boot.SpringApplication.refresh(SpringApplication.java:758)
	at org.springframework.boot.SpringApplication.refresh(SpringApplication.java:750)
	at org.springframework.boot.SpringApplication.refreshContext(SpringApplication.java:397)
	at org.springframework.boot.SpringApplication.run(SpringApplication.java:315)
	at org.springframework.boot.test.context.SpringBootContextLoader.loadContext(SpringBootContextLoader.java:120)
	at org.springframework.test.context.cache.DefaultCacheAwareContextLoaderDelegate.loadContextInternal(DefaultCacheAwareContextLoaderDelegate.java:99)
	at org.springframework.test.context.cache.DefaultCacheAwareContextLoaderDelegate.loadContext(DefaultCacheAwareContextLoaderDelegate.java:124)
	at org.springframework.test.context.support.DefaultTestContext.getApplicationContext(DefaultTestContext.java:123)
	at org.springframework.test.context.web.ServletTestExecutionListener.setUpRequestContextIfNecessary(ServletTestExecutionListener.java:190)
	at org.springframework.test.context.web.ServletTestExecutionListener.prepareTestInstance(ServletTestExecutionListener.java:132)
	at org.springframework.test.context.TestContextManager.prepareTestInstance(TestContextManager.java:244)
	at org.springframework.test.context.junit.jupiter.SpringExtension.postProcessTestInstance(SpringExtension.java:98)
	at org.junit.jupiter.engine.descriptor.ClassBasedTestDescriptor.lambda$invokeTestInstancePostProcessors$5(ClassBasedTestDescriptor.java:341)
	at org.junit.jupiter.engine.descriptor.ClassBasedTestDescriptor.executeAndMaskThrowable(ClassBasedTestDescriptor.java:346)
	at org.junit.jupiter.engine.descriptor.ClassBasedTestDescriptor.lambda$invokeTestInstancePostProcessors$6(ClassBasedTestDescriptor.java:341)
	at java.base/java.util.stream.ReferencePipeline$3$1.accept(ReferencePipeline.java:197)
	at java.base/java.util.stream.ReferencePipeline$2$1.accept(ReferencePipeline.java:179)
	at java.base/java.util.ArrayList$ArrayListSpliterator.forEachRemaining(ArrayList.java:1625)
	at java.base/java.util.stream.AbstractPipeline.copyInto(AbstractPipeline.java:484)
	at java.base/java.util.stream.AbstractPipeline.wrapAndCopyInto(AbstractPipeline.java:474)
	at java.base/java.util.stream.StreamSpliterators$WrappingSpliterator.forEachRemaining(StreamSpliterators.java:312)
	at java.base/java.util.stream.Streams$ConcatSpliterator.forEachRemaining(Streams.java:735)
	at java.base/java.util.stream.Streams$ConcatSpliterator.forEachRemaining(Streams.java:734)
	at java.base/java.util.stream.ReferencePipeline$Head.forEach(ReferencePipeline.java:762)
	at org.junit.jupiter.engine.descriptor.ClassBasedTestDescriptor.invokeTestInstancePostProcessors(ClassBasedTestDescriptor.java:340)
	at org.junit.jupiter.engine.descriptor.ClassBasedTestDescriptor.instantiateAndPostProcessTestInstance(ClassBasedTestDescriptor.java:263)
	at org.junit.jupiter.engine.descriptor.ClassBasedTestDescriptor.lambda$testInstancesProvider$2(ClassBasedTestDescriptor.java:256)
	at java.base/java.util.Optional.orElseGet(Optional.java:364)
	at org.junit.jupiter.engine.descriptor.ClassBasedTestDescriptor.lambda$testInstancesProvider$3(ClassBasedTestDescriptor.java:255)
	at org.junit.jupiter.engine.execution.TestInstancesProvider.getTestInstances(TestInstancesProvider.java:29)
	at org.junit.jupiter.engine.descriptor.TestMethodTestDescriptor.lambda$prepare$0(TestMethodTestDescriptor.java:108)
	at org.junit.platform.engine.support.hierarchical.ThrowableCollector.execute(ThrowableCollector.java:73)
	at org.junit.jupiter.engine.descriptor.TestMethodTestDescriptor.prepare(TestMethodTestDescriptor.java:107)
	at org.junit.jupiter.engine.descriptor.TestMethodTestDescriptor.prepare(TestMethodTestDescriptor.java:71)
	at org.junit.platform.engine.support.hierarchical.NodeTestTask.lambda$prepare$1(NodeTestTask.java:107)
	at org.junit.platform.engine.support.hierarchical.ThrowableCollector.execute(ThrowableCollector.java:73)
	at org.junit.platform.engine.support.hierarchical.NodeTestTask.prepare(NodeTestTask.java:107)
	at org.junit.platform.engine.support.hierarchical.NodeTestTask.execute(NodeTestTask.java:75)
	at java.base/java.util.ArrayList.forEach(ArrayList.java:1511)
	at org.junit.platform.engine.support.hierarchical.SameThreadHierarchicalTestExecutorService.invokeAll(SameThreadHierarchicalTestExecutorService.java:38)
	at org.junit.platform.engine.support.hierarchical.NodeTestTask.lambda$executeRecursively$5(NodeTestTask.java:139)
	at org.junit.platform.engine.support.hierarchical.ThrowableCollector.execute(ThrowableCollector.java:73)
	at org.junit.platform.engine.support.hierarchical.NodeTestTask.lambda$executeRecursively$7(NodeTestTask.java:125)
	at org.junit.platform.engine.support.hierarchical.Node.around(Node.java:135)
	at org.junit.platform.engine.support.hierarchical.NodeTestTask.lambda$executeRecursively$8(NodeTestTask.java:123)
	at org.junit.platform.engine.support.hierarchical.ThrowableCollector.execute(ThrowableCollector.java:73)
	at org.junit.platform.engine.support.hierarchical.NodeTestTask.executeRecursively(NodeTestTask.java:122)
	at org.junit.platform.engine.support.hierarchical.NodeTestTask.execute(NodeTestTask.java:80)
	at java.base/java.util.ArrayList.forEach(ArrayList.java:1511)
	at org.junit.platform.engine.support.hierarchical.SameThreadHierarchicalTestExecutorService.invokeAll(SameThreadHierarchicalTestExecutorService.java:38)
	at org.junit.platform.engine.support.hierarchical.NodeTestTask.lambda$executeRecursively$5(NodeTestTask.java:139)
	at org.junit.platform.engine.support.hierarchical.ThrowableCollector.execute(ThrowableCollector.java:73)
	at org.junit.platform.engine.support.hierarchical.NodeTestTask.lambda$executeRecursively$7(NodeTestTask.java:125)
	at org.junit.platform.engine.support.hierarchical.Node.around(Node.java:135)
	at org.junit.platform.engine.support.hierarchical.NodeTestTask.lambda$executeRecursively$8(NodeTestTask.java:123)
	at org.junit.platform.engine.support.hierarchical.ThrowableCollector.execute(ThrowableCollector.java:73)
	at org.junit.platform.engine.support.hierarchical.NodeTestTask.executeRecursively(NodeTestTask.java:122)
	at org.junit.platform.engine.support.hierarchical.NodeTestTask.execute(NodeTestTask.java:80)
	at org.junit.platform.engine.support.hierarchical.SameThreadHierarchicalTestExecutorService.submit(SameThreadHierarchicalTestExecutorService.java:32)
	at org.junit.platform.engine.support.hierarchical.HierarchicalTestExecutor.execute(HierarchicalTestExecutor.java:57)
	at org.junit.platform.engine.support.hierarchical.HierarchicalTestEngine.execute(HierarchicalTestEngine.java:51)
	at org.junit.platform.launcher.core.DefaultLauncher.execute(DefaultLauncher.java:220)
	at org.junit.platform.launcher.core.DefaultLauncher.lambda$execute$6(DefaultLauncher.java:188)
	at org.junit.platform.launcher.core.DefaultLauncher.withInterceptedStreams(DefaultLauncher.java:202)
	at org.junit.platform.launcher.core.DefaultLauncher.execute(DefaultLauncher.java:181)
	at org.junit.platform.launcher.core.DefaultLauncher.execute(DefaultLauncher.java:128)
	at org.apache.maven.surefire.junitplatform.JUnitPlatformProvider.invokeAllTests(JUnitPlatformProvider.java:150)
	at org.apache.maven.surefire.junitplatform.JUnitPlatformProvider.invoke(JUnitPlatformProvider.java:124)
	at org.apache.maven.surefire.booter.ForkedBooter.invokeProviderInSameClassLoader(ForkedBooter.java:384)
	at org.apache.maven.surefire.booter.ForkedBooter.runSuitesInProcess(ForkedBooter.java:345)
	at org.apache.maven.surefire.booter.ForkedBooter.execute(ForkedBooter.java:126)
	at org.apache.maven.surefire.booter.ForkedBooter.main(ForkedBooter.java:418)
Caused by: java.io.IOException: Error while instrumenting javax/sql/XADataSource.
	at org.jacoco.agent.rt.internal_43f5073.core.instr.Instrumenter.instrumentError(Instrumenter.java:159)
	at org.jacoco.agent.rt.internal_43f5073.core.instr.Instrumenter.instrument(Instrumenter.java:109)
	at org.jacoco.agent.rt.internal_43f5073.CoverageTransformer.transform(CoverageTransformer.java:92)
	... 104 more
Caused by: java.lang.IllegalArgumentException: Unsupported class file major version 60
	at org.jacoco.agent.rt.internal_43f5073.asm.ClassReader.<init>(ClassReader.java:195)
	at org.jacoco.agent.rt.internal_43f5073.asm.ClassReader.<init>(ClassReader.java:176)
	at org.jacoco.agent.rt.internal_43f5073.asm.ClassReader.<init>(ClassReader.java:162)
	at org.jacoco.agent.rt.internal_43f5073.core.internal.instr.InstrSupport.classReaderFor(InstrSupport.java:280)
	at org.jacoco.agent.rt.internal_43f5073.core.instr.Instrumenter.instrument(Instrumenter.java:75)
	at org.jacoco.agent.rt.internal_43f5073.core.instr.Instrumenter.instrument(Instrumenter.java:107)
	... 105 more
2024-04-18 19:31:52.325  INFO 123 --- [           main] .s.d.r.c.RepositoryConfigurationDelegate : Bootstrapping Spring Data JPA repositories in DEFERRED mode.
2024-04-18 19:31:52.469  INFO 123 --- [           main] .s.d.r.c.RepositoryConfigurationDelegate : Finished Spring Data repository scanning in 126ms. Found 4 JPA repository interfaces.
2024-04-18 19:31:54.061  INFO 123 --- [           main] org.ehcache.core.EhcacheManager          : Cache 'vets' created in EhcacheManager.
2024-04-18 19:31:54.079  INFO 123 --- [           main] org.ehcache.jsr107.Eh107CacheManager     : Registering Ehcache MBean javax.cache:type=CacheStatistics,CacheManager=urn.X-ehcache.jsr107-default-config,Cache=vets
2024-04-18 19:31:54.105  INFO 123 --- [           main] org.ehcache.jsr107.Eh107CacheManager     : Registering Ehcache MBean javax.cache:type=CacheStatistics,CacheManager=urn.X-ehcache.jsr107-default-config,Cache=vets
2024-04-18 19:31:54.251  INFO 123 --- [           main] com.zaxxer.hikari.HikariDataSource       : HikariPool-1 - Starting...
2024-04-18 19:31:54.825  INFO 123 --- [           main] com.zaxxer.hikari.HikariDataSource       : HikariPool-1 - Start completed.
2024-04-18 19:31:55.259  INFO 123 --- [           main] o.s.s.concurrent.ThreadPoolTaskExecutor  : Initializing ExecutorService 'applicationTaskExecutor'
2024-04-18 19:31:55.433  INFO 123 --- [         task-1] o.hibernate.jpa.internal.util.LogHelper  : HHH000204: Processing PersistenceUnitInfo [name: default]
2024-04-18 19:31:55.643  INFO 123 --- [         task-1] org.hibernate.Version                    : HHH000412: Hibernate ORM core version 5.4.17.Final
2024-04-18 19:31:56.143  INFO 123 --- [         task-1] o.hibernate.annotations.common.Version   : HCANN000001: Hibernate Commons Annotations {5.1.0.Final}
2024-04-18 19:31:56.644  INFO 123 --- [         task-1] org.hibernate.dialect.Dialect            : HHH000400: Using dialect: org.hibernate.dialect.H2Dialect
2024-04-18 19:31:59.534  INFO 123 --- [         task-1] o.h.e.t.j.p.i.JtaPlatformInitiator       : HHH000490: Using JtaPlatform implementation: [org.hibernate.engine.transaction.jta.platform.internal.NoJtaPlatform]
2024-04-18 19:31:59.564  INFO 123 --- [         task-1] j.LocalContainerEntityManagerFactoryBean : Initialized JPA EntityManagerFactory for persistence unit 'default'
2024-04-18 19:32:00.044  INFO 123 --- [           main] o.s.b.a.e.web.EndpointLinksResolver      : Exposing 13 endpoint(s) beneath base path '/actuator'
2024-04-18 19:32:00.123  INFO 123 --- [           main] DeferredRepositoryInitializationListener : Triggering deferred initialization of Spring Data repositories…
2024-04-18 19:32:01.014  INFO 123 --- [           main] DeferredRepositoryInitializationListener : Spring Data repositories initialized!
2024-04-18 19:32:01.050  INFO 123 --- [           main] o.s.s.p.PetclinicIntegrationTests        : Started PetclinicIntegrationTests in 12.44 seconds (JVM running for 15.504)
[INFO] Tests run: 1, Failures: 0, Errors: 0, Skipped: 0, Time elapsed: 14.262 s - in org.springframework.samples.petclinic.PetclinicIntegrationTests
[INFO] Running org.springframework.samples.petclinic.system.CrashControllerTests
[WARNING] Tests run: 1, Failures: 0, Errors: 0, Skipped: 1, Time elapsed: 0 s - in org.springframework.samples.petclinic.system.CrashControllerTests
[INFO] Running org.springframework.samples.petclinic.service.ClinicServiceTests
2024-04-18 19:32:01.552  INFO 123 --- [           main] b.t.a.o.j.DataJpaTestContextBootstrapper : Neither @ContextConfiguration nor @ContextHierarchy found for test class [org.springframework.samples.petclinic.service.ClinicServiceTests], using SpringBootContextLoader
2024-04-18 19:32:01.555  INFO 123 --- [           main] o.s.t.c.support.AbstractContextLoader    : Could not detect default resource locations for test class [org.springframework.samples.petclinic.service.ClinicServiceTests]: no resource found for suffixes {-context.xml, Context.groovy}.
2024-04-18 19:32:01.555  INFO 123 --- [           main] t.c.s.AnnotationConfigContextLoaderUtils : Could not detect default configuration classes for test class [org.springframework.samples.petclinic.service.ClinicServiceTests]: ClinicServiceTests does not declare any static, non-private, non-final, nested classes annotated with @Configuration.
2024-04-18 19:32:01.599  INFO 123 --- [           main] .b.t.c.SpringBootTestContextBootstrapper : Found @SpringBootConfiguration org.springframework.samples.petclinic.PetClinicApplication for test class org.springframework.samples.petclinic.service.ClinicServiceTests
2024-04-18 19:32:01.609  INFO 123 --- [           main] b.t.a.o.j.DataJpaTestContextBootstrapper : Loaded default TestExecutionListener class names from location [META-INF/spring.factories]: [org.springframework.boot.test.mock.mockito.MockitoTestExecutionListener, org.springframework.boot.test.mock.mockito.ResetMocksTestExecutionListener, org.springframework.boot.test.autoconfigure.restdocs.RestDocsTestExecutionListener, org.springframework.boot.test.autoconfigure.web.client.MockRestServiceServerResetTestExecutionListener, org.springframework.boot.test.autoconfigure.web.servlet.MockMvcPrintOnlyOnFailureTestExecutionListener, org.springframework.boot.test.autoconfigure.web.servlet.WebDriverTestExecutionListener, org.springframework.boot.test.autoconfigure.webservices.client.MockWebServiceServerTestExecutionListener, org.springframework.test.context.web.ServletTestExecutionListener, org.springframework.test.context.support.DirtiesContextBeforeModesTestExecutionListener, org.springframework.test.context.support.DependencyInjectionTestExecutionListener, org.springframework.test.context.support.DirtiesContextTestExecutionListener, org.springframework.test.context.transaction.TransactionalTestExecutionListener, org.springframework.test.context.jdbc.SqlScriptsTestExecutionListener, org.springframework.test.context.event.EventPublishingTestExecutionListener]
2024-04-18 19:32:01.610  INFO 123 --- [           main] b.t.a.o.j.DataJpaTestContextBootstrapper : Using TestExecutionListeners: [org.springframework.test.context.web.ServletTestExecutionListener@7cdf5eed, org.springframework.test.context.support.DirtiesContextBeforeModesTestExecutionListener@15764a15, org.springframework.boot.test.mock.mockito.MockitoTestExecutionListener@19d4057, org.springframework.boot.test.autoconfigure.SpringBootDependencyInjectionTestExecutionListener@647407b4, org.springframework.test.context.support.DirtiesContextTestExecutionListener@625a05e1, org.springframework.test.context.transaction.TransactionalTestExecutionListener@455bdd5d, org.springframework.test.context.jdbc.SqlScriptsTestExecutionListener@2eafa259, org.springframework.test.context.event.EventPublishingTestExecutionListener@6aa2599f, org.springframework.boot.test.mock.mockito.ResetMocksTestExecutionListener@58e53c27, org.springframework.boot.test.autoconfigure.restdocs.RestDocsTestExecutionListener@434fa353, org.springframework.boot.test.autoconfigure.web.client.MockRestServiceServerResetTestExecutionListener@10216c09, org.springframework.boot.test.autoconfigure.web.servlet.MockMvcPrintOnlyOnFailureTestExecutionListener@68b7a133, org.springframework.boot.test.autoconfigure.web.servlet.WebDriverTestExecutionListener@1942bc06, org.springframework.boot.test.autoconfigure.webservices.client.MockWebServiceServerTestExecutionListener@27a9d146]


              |\      _,,,--,,_
             /,`.-'`'   ._  \-;;,_
  _______ __|,4-  ) )_   .;.(__`'-'__     ___ __    _ ___ _______
 |       | '---''(_/._)-'(_\_)   |   |   |   |  |  | |   |       |
 |    _  |    ___|_     _|       |   |   |   |   |_| |   |       | __ _ _
 |   |_| |   |___  |   | |       |   |   |   |       |   |       | \ \ \ \
 |    ___|    ___| |   | |      _|   |___|   |  _    |   |      _|  \ \ \ \
 |   |   |   |___  |   | |     |_|       |   | | |   |   |     |_    ) ) ) )
 |___|   |_______| |___| |_______|_______|___|_|  |__|___|_______|  / / / /
 ==================================================================/_/_/_/

:: Built with Spring Boot :: 2.3.1.RELEASE


2024-04-18 19:32:01.670  INFO 123 --- [           main] o.s.s.p.service.ClinicServiceTests       : Starting ClinicServiceTests on 2ec8f00d495f with PID 123 (started by ? in /var/lib/jenkins/workspace/dockerImagePipe@2)
2024-04-18 19:32:01.672  INFO 123 --- [           main] o.s.s.p.service.ClinicServiceTests       : No active profile set, falling back to default profiles: default
2024-04-18 19:32:01.928  INFO 123 --- [           main] .s.d.r.c.RepositoryConfigurationDelegate : Bootstrapping Spring Data JPA repositories in LAZY mode.
2024-04-18 19:32:01.953  INFO 123 --- [           main] .s.d.r.c.RepositoryConfigurationDelegate : Finished Spring Data repository scanning in 20ms. Found 4 JPA repository interfaces.
2024-04-18 19:32:01.974  INFO 123 --- [           main] beddedDataSourceBeanFactoryPostProcessor : Replacing 'dataSource' DataSource bean with embedded version
2024-04-18 19:32:02.017  INFO 123 --- [           main] o.s.j.d.e.EmbeddedDatabaseFactory        : Starting embedded database: url='jdbc:h2:mem:07d32b44-2749-4a18-b5bc-9fbedb517375;DB_CLOSE_DELAY=-1;DB_CLOSE_ON_EXIT=false', username='sa'
2024-04-18 19:32:02.209  INFO 123 --- [           main] o.hibernate.jpa.internal.util.LogHelper  : HHH000204: Processing PersistenceUnitInfo [name: default]
2024-04-18 19:32:02.222  INFO 123 --- [           main] org.hibernate.dialect.Dialect            : HHH000400: Using dialect: org.hibernate.dialect.H2Dialect
2024-04-18 19:32:02.506  INFO 123 --- [           main] o.h.e.t.j.p.i.JtaPlatformInitiator       : HHH000490: Using JtaPlatform implementation: [org.hibernate.engine.transaction.jta.platform.internal.NoJtaPlatform]
2024-04-18 19:32:02.507  INFO 123 --- [           main] j.LocalContainerEntityManagerFactoryBean : Initialized JPA EntityManagerFactory for persistence unit 'default'
2024-04-18 19:32:02.557  INFO 123 --- [           main] o.s.s.p.service.ClinicServiceTests       : Started ClinicServiceTests in 0.943 seconds (JVM running for 17.01)
2024-04-18 19:32:02.576  INFO 123 --- [           main] o.s.t.c.transaction.TransactionContext   : Began transaction (1) for test context [DefaultTestContext@26e61f3d testClass = ClinicServiceTests, testInstance = org.springframework.samples.petclinic.service.ClinicServiceTests@41ff6f38, testMethod = shouldFindVets@ClinicServiceTests, testException = [null], mergedContextConfiguration = [MergedContextConfiguration@76e9662b testClass = ClinicServiceTests, locations = '{}', classes = '{class org.springframework.samples.petclinic.PetClinicApplication}', contextInitializerClasses = '[]', activeProfiles = '{}', propertySourceLocations = '{}', propertySourceProperties = '{org.springframework.boot.test.autoconfigure.orm.jpa.DataJpaTestContextBootstrapper=true}', contextCustomizers = set[[ImportsContextCustomizer@106f7ddd key = [org.springframework.boot.autoconfigure.cache.CacheAutoConfiguration, org.springframework.boot.autoconfigure.data.jpa.JpaRepositoriesAutoConfiguration, org.springframework.boot.autoconfigure.flyway.FlywayAutoConfiguration, org.springframework.boot.autoconfigure.jdbc.DataSourceAutoConfiguration, org.springframework.boot.autoconfigure.jdbc.DataSourceTransactionManagerAutoConfiguration, org.springframework.boot.autoconfigure.jdbc.JdbcTemplateAutoConfiguration, org.springframework.boot.autoconfigure.liquibase.LiquibaseAutoConfiguration, org.springframework.boot.autoconfigure.orm.jpa.HibernateJpaAutoConfiguration, org.springframework.boot.autoconfigure.transaction.TransactionAutoConfiguration, org.springframework.boot.test.autoconfigure.jdbc.TestDatabaseAutoConfiguration, org.springframework.boot.test.autoconfigure.orm.jpa.TestEntityManagerAutoConfiguration]], org.springframework.boot.test.context.filter.ExcludeFilterContextCustomizer@24a1c17f, org.springframework.boot.test.json.DuplicateJsonObjectContextCustomizerFactory$DuplicateJsonObjectContextCustomizer@532721fd, org.springframework.boot.test.mock.mockito.MockitoContextCustomizer@0, org.springframework.boot.test.autoconfigure.OverrideAutoConfigurationContextCustomizerFactory$DisableAutoConfigurationContextCustomizer@43aa64e9, org.springframework.boot.test.autoconfigure.filter.TypeExcludeFiltersContextCustomizer@ad25f248, org.springframework.boot.test.autoconfigure.properties.PropertyMappingContextCustomizer@a381ee48, org.springframework.boot.test.autoconfigure.web.servlet.WebDriverContextCustomizerFactory$Customizer@23c388c2, org.springframework.boot.test.context.SpringBootTestArgs@1], contextLoader = 'org.springframework.boot.test.context.SpringBootContextLoader', parent = [null]], attributes = map[[empty]]]; transaction manager [org.springframework.orm.jpa.JpaTransactionManager@556f00f1]; rollback [true]
Hibernate: select vet0_.id as id1_5_, vet0_.first_name as first_na2_5_, vet0_.last_name as last_nam3_5_ from vets vet0_
Hibernate: select specialtie0_.vet_id as vet_id1_4_0_, specialtie0_.specialty_id as specialt2_4_0_, specialty1_.id as id1_2_1_, specialty1_.name as name2_2_1_ from vet_specialties specialtie0_ inner join specialties specialty1_ on specialtie0_.specialty_id=specialty1_.id where specialtie0_.vet_id=?
Hibernate: select specialtie0_.vet_id as vet_id1_4_0_, specialtie0_.specialty_id as specialt2_4_0_, specialty1_.id as id1_2_1_, specialty1_.name as name2_2_1_ from vet_specialties specialtie0_ inner join specialties specialty1_ on specialtie0_.specialty_id=specialty1_.id where specialtie0_.vet_id=?
Hibernate: select specialtie0_.vet_id as vet_id1_4_0_, specialtie0_.specialty_id as specialt2_4_0_, specialty1_.id as id1_2_1_, specialty1_.name as name2_2_1_ from vet_specialties specialtie0_ inner join specialties specialty1_ on specialtie0_.specialty_id=specialty1_.id where specialtie0_.vet_id=?
Hibernate: select specialtie0_.vet_id as vet_id1_4_0_, specialtie0_.specialty_id as specialt2_4_0_, specialty1_.id as id1_2_1_, specialty1_.name as name2_2_1_ from vet_specialties specialtie0_ inner join specialties specialty1_ on specialtie0_.specialty_id=specialty1_.id where specialtie0_.vet_id=?
Hibernate: select specialtie0_.vet_id as vet_id1_4_0_, specialtie0_.specialty_id as specialt2_4_0_, specialty1_.id as id1_2_1_, specialty1_.name as name2_2_1_ from vet_specialties specialtie0_ inner join specialties specialty1_ on specialtie0_.specialty_id=specialty1_.id where specialtie0_.vet_id=?
Hibernate: select specialtie0_.vet_id as vet_id1_4_0_, specialtie0_.specialty_id as specialt2_4_0_, specialty1_.id as id1_2_1_, specialty1_.name as name2_2_1_ from vet_specialties specialtie0_ inner join specialties specialty1_ on specialtie0_.specialty_id=specialty1_.id where specialtie0_.vet_id=?
2024-04-18 19:32:02.784  INFO 123 --- [           main] o.s.t.c.transaction.TransactionContext   : Rolled back transaction for test: [DefaultTestContext@26e61f3d testClass = ClinicServiceTests, testInstance = org.springframework.samples.petclinic.service.ClinicServiceTests@41ff6f38, testMethod = shouldFindVets@ClinicServiceTests, testException = [null], mergedContextConfiguration = [MergedContextConfiguration@76e9662b testClass = ClinicServiceTests, locations = '{}', classes = '{class org.springframework.samples.petclinic.PetClinicApplication}', contextInitializerClasses = '[]', activeProfiles = '{}', propertySourceLocations = '{}', propertySourceProperties = '{org.springframework.boot.test.autoconfigure.orm.jpa.DataJpaTestContextBootstrapper=true}', contextCustomizers = set[[ImportsContextCustomizer@106f7ddd key = [org.springframework.boot.autoconfigure.cache.CacheAutoConfiguration, org.springframework.boot.autoconfigure.data.jpa.JpaRepositoriesAutoConfiguration, org.springframework.boot.autoconfigure.flyway.FlywayAutoConfiguration, org.springframework.boot.autoconfigure.jdbc.DataSourceAutoConfiguration, org.springframework.boot.autoconfigure.jdbc.DataSourceTransactionManagerAutoConfiguration, org.springframework.boot.autoconfigure.jdbc.JdbcTemplateAutoConfiguration, org.springframework.boot.autoconfigure.liquibase.LiquibaseAutoConfiguration, org.springframework.boot.autoconfigure.orm.jpa.HibernateJpaAutoConfiguration, org.springframework.boot.autoconfigure.transaction.TransactionAutoConfiguration, org.springframework.boot.test.autoconfigure.jdbc.TestDatabaseAutoConfiguration, org.springframework.boot.test.autoconfigure.orm.jpa.TestEntityManagerAutoConfiguration]], org.springframework.boot.test.context.filter.ExcludeFilterContextCustomizer@24a1c17f, org.springframework.boot.test.json.DuplicateJsonObjectContextCustomizerFactory$DuplicateJsonObjectContextCustomizer@532721fd, org.springframework.boot.test.mock.mockito.MockitoContextCustomizer@0, org.springframework.boot.test.autoconfigure.OverrideAutoConfigurationContextCustomizerFactory$DisableAutoConfigurationContextCustomizer@43aa64e9, org.springframework.boot.test.autoconfigure.filter.TypeExcludeFiltersContextCustomizer@ad25f248, org.springframework.boot.test.autoconfigure.properties.PropertyMappingContextCustomizer@a381ee48, org.springframework.boot.test.autoconfigure.web.servlet.WebDriverContextCustomizerFactory$Customizer@23c388c2, org.springframework.boot.test.context.SpringBootTestArgs@1], contextLoader = 'org.springframework.boot.test.context.SpringBootContextLoader', parent = [null]], attributes = map[[empty]]]
2024-04-18 19:32:02.805  INFO 123 --- [           main] o.s.t.c.transaction.TransactionContext   : Began transaction (1) for test context [DefaultTestContext@26e61f3d testClass = ClinicServiceTests, testInstance = org.springframework.samples.petclinic.service.ClinicServiceTests@6f0c3da, testMethod = shouldFindOwnersByLastName@ClinicServiceTests, testException = [null], mergedContextConfiguration = [MergedContextConfiguration@76e9662b testClass = ClinicServiceTests, locations = '{}', classes = '{class org.springframework.samples.petclinic.PetClinicApplication}', contextInitializerClasses = '[]', activeProfiles = '{}', propertySourceLocations = '{}', propertySourceProperties = '{org.springframework.boot.test.autoconfigure.orm.jpa.DataJpaTestContextBootstrapper=true}', contextCustomizers = set[[ImportsContextCustomizer@106f7ddd key = [org.springframework.boot.autoconfigure.cache.CacheAutoConfiguration, org.springframework.boot.autoconfigure.data.jpa.JpaRepositoriesAutoConfiguration, org.springframework.boot.autoconfigure.flyway.FlywayAutoConfiguration, org.springframework.boot.autoconfigure.jdbc.DataSourceAutoConfiguration, org.springframework.boot.autoconfigure.jdbc.DataSourceTransactionManagerAutoConfiguration, org.springframework.boot.autoconfigure.jdbc.JdbcTemplateAutoConfiguration, org.springframework.boot.autoconfigure.liquibase.LiquibaseAutoConfiguration, org.springframework.boot.autoconfigure.orm.jpa.HibernateJpaAutoConfiguration, org.springframework.boot.autoconfigure.transaction.TransactionAutoConfiguration, org.springframework.boot.test.autoconfigure.jdbc.TestDatabaseAutoConfiguration, org.springframework.boot.test.autoconfigure.orm.jpa.TestEntityManagerAutoConfiguration]], org.springframework.boot.test.context.filter.ExcludeFilterContextCustomizer@24a1c17f, org.springframework.boot.test.json.DuplicateJsonObjectContextCustomizerFactory$DuplicateJsonObjectContextCustomizer@532721fd, org.springframework.boot.test.mock.mockito.MockitoContextCustomizer@0, org.springframework.boot.test.autoconfigure.OverrideAutoConfigurationContextCustomizerFactory$DisableAutoConfigurationContextCustomizer@43aa64e9, org.springframework.boot.test.autoconfigure.filter.TypeExcludeFiltersContextCustomizer@ad25f248, org.springframework.boot.test.autoconfigure.properties.PropertyMappingContextCustomizer@a381ee48, org.springframework.boot.test.autoconfigure.web.servlet.WebDriverContextCustomizerFactory$Customizer@23c388c2, org.springframework.boot.test.context.SpringBootTestArgs@1], contextLoader = 'org.springframework.boot.test.context.SpringBootContextLoader', parent = [null]], attributes = map[[empty]]]; transaction manager [org.springframework.orm.jpa.JpaTransactionManager@556f00f1]; rollback [true]
Hibernate: select distinct owner0_.id as id1_0_0_, pets1_.id as id1_1_1_, owner0_.first_name as first_na2_0_0_, owner0_.last_name as last_nam3_0_0_, owner0_.address as address4_0_0_, owner0_.city as city5_0_0_, owner0_.telephone as telephon6_0_0_, pets1_.name as name2_1_1_, pets1_.birth_date as birth_da3_1_1_, pets1_.owner_id as owner_id4_1_1_, pets1_.type_id as type_id5_1_1_, pets1_.owner_id as owner_id4_1_0__, pets1_.id as id1_1_0__ from owners owner0_ left outer join pets pets1_ on owner0_.id=pets1_.owner_id where owner0_.last_name like ?
Hibernate: select pettype0_.id as id1_3_0_, pettype0_.name as name2_3_0_ from types pettype0_ where pettype0_.id=?
Hibernate: select pettype0_.id as id1_3_0_, pettype0_.name as name2_3_0_ from types pettype0_ where pettype0_.id=?
Hibernate: select distinct owner0_.id as id1_0_0_, pets1_.id as id1_1_1_, owner0_.first_name as first_na2_0_0_, owner0_.last_name as last_nam3_0_0_, owner0_.address as address4_0_0_, owner0_.city as city5_0_0_, owner0_.telephone as telephon6_0_0_, pets1_.name as name2_1_1_, pets1_.birth_date as birth_da3_1_1_, pets1_.owner_id as owner_id4_1_1_, pets1_.type_id as type_id5_1_1_, pets1_.owner_id as owner_id4_1_0__, pets1_.id as id1_1_0__ from owners owner0_ left outer join pets pets1_ on owner0_.id=pets1_.owner_id where owner0_.last_name like ?
2024-04-18 19:32:02.925  INFO 123 --- [           main] o.s.t.c.transaction.TransactionContext   : Rolled back transaction for test: [DefaultTestContext@26e61f3d testClass = ClinicServiceTests, testInstance = org.springframework.samples.petclinic.service.ClinicServiceTests@6f0c3da, testMethod = shouldFindOwnersByLastName@ClinicServiceTests, testException = [null], mergedContextConfiguration = [MergedContextConfiguration@76e9662b testClass = ClinicServiceTests, locations = '{}', classes = '{class org.springframework.samples.petclinic.PetClinicApplication}', contextInitializerClasses = '[]', activeProfiles = '{}', propertySourceLocations = '{}', propertySourceProperties = '{org.springframework.boot.test.autoconfigure.orm.jpa.DataJpaTestContextBootstrapper=true}', contextCustomizers = set[[ImportsContextCustomizer@106f7ddd key = [org.springframework.boot.autoconfigure.cache.CacheAutoConfiguration, org.springframework.boot.autoconfigure.data.jpa.JpaRepositoriesAutoConfiguration, org.springframework.boot.autoconfigure.flyway.FlywayAutoConfiguration, org.springframework.boot.autoconfigure.jdbc.DataSourceAutoConfiguration, org.springframework.boot.autoconfigure.jdbc.DataSourceTransactionManagerAutoConfiguration, org.springframework.boot.autoconfigure.jdbc.JdbcTemplateAutoConfiguration, org.springframework.boot.autoconfigure.liquibase.LiquibaseAutoConfiguration, org.springframework.boot.autoconfigure.orm.jpa.HibernateJpaAutoConfiguration, org.springframework.boot.autoconfigure.transaction.TransactionAutoConfiguration, org.springframework.boot.test.autoconfigure.jdbc.TestDatabaseAutoConfiguration, org.springframework.boot.test.autoconfigure.orm.jpa.TestEntityManagerAutoConfiguration]], org.springframework.boot.test.context.filter.ExcludeFilterContextCustomizer@24a1c17f, org.springframework.boot.test.json.DuplicateJsonObjectContextCustomizerFactory$DuplicateJsonObjectContextCustomizer@532721fd, org.springframework.boot.test.mock.mockito.MockitoContextCustomizer@0, org.springframework.boot.test.autoconfigure.OverrideAutoConfigurationContextCustomizerFactory$DisableAutoConfigurationContextCustomizer@43aa64e9, org.springframework.boot.test.autoconfigure.filter.TypeExcludeFiltersContextCustomizer@ad25f248, org.springframework.boot.test.autoconfigure.properties.PropertyMappingContextCustomizer@a381ee48, org.springframework.boot.test.autoconfigure.web.servlet.WebDriverContextCustomizerFactory$Customizer@23c388c2, org.springframework.boot.test.context.SpringBootTestArgs@1], contextLoader = 'org.springframework.boot.test.context.SpringBootContextLoader', parent = [null]], attributes = map[[empty]]]
2024-04-18 19:32:02.931  INFO 123 --- [           main] o.s.t.c.transaction.TransactionContext   : Began transaction (1) for test context [DefaultTestContext@26e61f3d testClass = ClinicServiceTests, testInstance = org.springframework.samples.petclinic.service.ClinicServiceTests@645e2cfe, testMethod = shouldAddNewVisitForPet@ClinicServiceTests, testException = [null], mergedContextConfiguration = [MergedContextConfiguration@76e9662b testClass = ClinicServiceTests, locations = '{}', classes = '{class org.springframework.samples.petclinic.PetClinicApplication}', contextInitializerClasses = '[]', activeProfiles = '{}', propertySourceLocations = '{}', propertySourceProperties = '{org.springframework.boot.test.autoconfigure.orm.jpa.DataJpaTestContextBootstrapper=true}', contextCustomizers = set[[ImportsContextCustomizer@106f7ddd key = [org.springframework.boot.autoconfigure.cache.CacheAutoConfiguration, org.springframework.boot.autoconfigure.data.jpa.JpaRepositoriesAutoConfiguration, org.springframework.boot.autoconfigure.flyway.FlywayAutoConfiguration, org.springframework.boot.autoconfigure.jdbc.DataSourceAutoConfiguration, org.springframework.boot.autoconfigure.jdbc.DataSourceTransactionManagerAutoConfiguration, org.springframework.boot.autoconfigure.jdbc.JdbcTemplateAutoConfiguration, org.springframework.boot.autoconfigure.liquibase.LiquibaseAutoConfiguration, org.springframework.boot.autoconfigure.orm.jpa.HibernateJpaAutoConfiguration, org.springframework.boot.autoconfigure.transaction.TransactionAutoConfiguration, org.springframework.boot.test.autoconfigure.jdbc.TestDatabaseAutoConfiguration, org.springframework.boot.test.autoconfigure.orm.jpa.TestEntityManagerAutoConfiguration]], org.springframework.boot.test.context.filter.ExcludeFilterContextCustomizer@24a1c17f, org.springframework.boot.test.json.DuplicateJsonObjectContextCustomizerFactory$DuplicateJsonObjectContextCustomizer@532721fd, org.springframework.boot.test.mock.mockito.MockitoContextCustomizer@0, org.springframework.boot.test.autoconfigure.OverrideAutoConfigurationContextCustomizerFactory$DisableAutoConfigurationContextCustomizer@43aa64e9, org.springframework.boot.test.autoconfigure.filter.TypeExcludeFiltersContextCustomizer@ad25f248, org.springframework.boot.test.autoconfigure.properties.PropertyMappingContextCustomizer@a381ee48, org.springframework.boot.test.autoconfigure.web.servlet.WebDriverContextCustomizerFactory$Customizer@23c388c2, org.springframework.boot.test.context.SpringBootTestArgs@1], contextLoader = 'org.springframework.boot.test.context.SpringBootContextLoader', parent = [null]], attributes = map[[empty]]]; transaction manager [org.springframework.orm.jpa.JpaTransactionManager@556f00f1]; rollback [true]
Hibernate: select pet0_.id as id1_1_0_, pet0_.name as name2_1_0_, pet0_.birth_date as birth_da3_1_0_, pet0_.owner_id as owner_id4_1_0_, pet0_.type_id as type_id5_1_0_, owner1_.id as id1_0_1_, owner1_.first_name as first_na2_0_1_, owner1_.last_name as last_nam3_0_1_, owner1_.address as address4_0_1_, owner1_.city as city5_0_1_, owner1_.telephone as telephon6_0_1_, pettype2_.id as id1_3_2_, pettype2_.name as name2_3_2_ from pets pet0_ left outer join owners owner1_ on pet0_.owner_id=owner1_.id left outer join types pettype2_ on pet0_.type_id=pettype2_.id where pet0_.id=?
Hibernate: insert into visits (id, visit_date, description, pet_id) values (null, ?, ?, ?)
2024-04-18 19:32:03.076  INFO 123 --- [           main] o.s.t.c.transaction.TransactionContext   : Rolled back transaction for test: [DefaultTestContext@26e61f3d testClass = ClinicServiceTests, testInstance = org.springframework.samples.petclinic.service.ClinicServiceTests@645e2cfe, testMethod = shouldAddNewVisitForPet@ClinicServiceTests, testException = [null], mergedContextConfiguration = [MergedContextConfiguration@76e9662b testClass = ClinicServiceTests, locations = '{}', classes = '{class org.springframework.samples.petclinic.PetClinicApplication}', contextInitializerClasses = '[]', activeProfiles = '{}', propertySourceLocations = '{}', propertySourceProperties = '{org.springframework.boot.test.autoconfigure.orm.jpa.DataJpaTestContextBootstrapper=true}', contextCustomizers = set[[ImportsContextCustomizer@106f7ddd key = [org.springframework.boot.autoconfigure.cache.CacheAutoConfiguration, org.springframework.boot.autoconfigure.data.jpa.JpaRepositoriesAutoConfiguration, org.springframework.boot.autoconfigure.flyway.FlywayAutoConfiguration, org.springframework.boot.autoconfigure.jdbc.DataSourceAutoConfiguration, org.springframework.boot.autoconfigure.jdbc.DataSourceTransactionManagerAutoConfiguration, org.springframework.boot.autoconfigure.jdbc.JdbcTemplateAutoConfiguration, org.springframework.boot.autoconfigure.liquibase.LiquibaseAutoConfiguration, org.springframework.boot.autoconfigure.orm.jpa.HibernateJpaAutoConfiguration, org.springframework.boot.autoconfigure.transaction.TransactionAutoConfiguration, org.springframework.boot.test.autoconfigure.jdbc.TestDatabaseAutoConfiguration, org.springframework.boot.test.autoconfigure.orm.jpa.TestEntityManagerAutoConfiguration]], org.springframework.boot.test.context.filter.ExcludeFilterContextCustomizer@24a1c17f, org.springframework.boot.test.json.DuplicateJsonObjectContextCustomizerFactory$DuplicateJsonObjectContextCustomizer@532721fd, org.springframework.boot.test.mock.mockito.MockitoContextCustomizer@0, org.springframework.boot.test.autoconfigure.OverrideAutoConfigurationContextCustomizerFactory$DisableAutoConfigurationContextCustomizer@43aa64e9, org.springframework.boot.test.autoconfigure.filter.TypeExcludeFiltersContextCustomizer@ad25f248, org.springframework.boot.test.autoconfigure.properties.PropertyMappingContextCustomizer@a381ee48, org.springframework.boot.test.autoconfigure.web.servlet.WebDriverContextCustomizerFactory$Customizer@23c388c2, org.springframework.boot.test.context.SpringBootTestArgs@1], contextLoader = 'org.springframework.boot.test.context.SpringBootContextLoader', parent = [null]], attributes = map[[empty]]]
2024-04-18 19:32:03.081  INFO 123 --- [           main] o.s.t.c.transaction.TransactionContext   : Began transaction (1) for test context [DefaultTestContext@26e61f3d testClass = ClinicServiceTests, testInstance = org.springframework.samples.petclinic.service.ClinicServiceTests@1238c363, testMethod = shouldUpdateOwner@ClinicServiceTests, testException = [null], mergedContextConfiguration = [MergedContextConfiguration@76e9662b testClass = ClinicServiceTests, locations = '{}', classes = '{class org.springframework.samples.petclinic.PetClinicApplication}', contextInitializerClasses = '[]', activeProfiles = '{}', propertySourceLocations = '{}', propertySourceProperties = '{org.springframework.boot.test.autoconfigure.orm.jpa.DataJpaTestContextBootstrapper=true}', contextCustomizers = set[[ImportsContextCustomizer@106f7ddd key = [org.springframework.boot.autoconfigure.cache.CacheAutoConfiguration, org.springframework.boot.autoconfigure.data.jpa.JpaRepositoriesAutoConfiguration, org.springframework.boot.autoconfigure.flyway.FlywayAutoConfiguration, org.springframework.boot.autoconfigure.jdbc.DataSourceAutoConfiguration, org.springframework.boot.autoconfigure.jdbc.DataSourceTransactionManagerAutoConfiguration, org.springframework.boot.autoconfigure.jdbc.JdbcTemplateAutoConfiguration, org.springframework.boot.autoconfigure.liquibase.LiquibaseAutoConfiguration, org.springframework.boot.autoconfigure.orm.jpa.HibernateJpaAutoConfiguration, org.springframework.boot.autoconfigure.transaction.TransactionAutoConfiguration, org.springframework.boot.test.autoconfigure.jdbc.TestDatabaseAutoConfiguration, org.springframework.boot.test.autoconfigure.orm.jpa.TestEntityManagerAutoConfiguration]], org.springframework.boot.test.context.filter.ExcludeFilterContextCustomizer@24a1c17f, org.springframework.boot.test.json.DuplicateJsonObjectContextCustomizerFactory$DuplicateJsonObjectContextCustomizer@532721fd, org.springframework.boot.test.mock.mockito.MockitoContextCustomizer@0, org.springframework.boot.test.autoconfigure.OverrideAutoConfigurationContextCustomizerFactory$DisableAutoConfigurationContextCustomizer@43aa64e9, org.springframework.boot.test.autoconfigure.filter.TypeExcludeFiltersContextCustomizer@ad25f248, org.springframework.boot.test.autoconfigure.properties.PropertyMappingContextCustomizer@a381ee48, org.springframework.boot.test.autoconfigure.web.servlet.WebDriverContextCustomizerFactory$Customizer@23c388c2, org.springframework.boot.test.context.SpringBootTestArgs@1], contextLoader = 'org.springframework.boot.test.context.SpringBootContextLoader', parent = [null]], attributes = map[[empty]]]; transaction manager [org.springframework.orm.jpa.JpaTransactionManager@556f00f1]; rollback [true]
Hibernate: select owner0_.id as id1_0_0_, pets1_.id as id1_1_1_, owner0_.first_name as first_na2_0_0_, owner0_.last_name as last_nam3_0_0_, owner0_.address as address4_0_0_, owner0_.city as city5_0_0_, owner0_.telephone as telephon6_0_0_, pets1_.name as name2_1_1_, pets1_.birth_date as birth_da3_1_1_, pets1_.owner_id as owner_id4_1_1_, pets1_.type_id as type_id5_1_1_, pets1_.owner_id as owner_id4_1_0__, pets1_.id as id1_1_0__ from owners owner0_ left outer join pets pets1_ on owner0_.id=pets1_.owner_id where owner0_.id=?
Hibernate: select pettype0_.id as id1_3_0_, pettype0_.name as name2_3_0_ from types pettype0_ where pettype0_.id=?
Hibernate: update owners set first_name=?, last_name=?, address=?, city=?, telephone=? where id=?
Hibernate: select owner0_.id as id1_0_0_, pets1_.id as id1_1_1_, owner0_.first_name as first_na2_0_0_, owner0_.last_name as last_nam3_0_0_, owner0_.address as address4_0_0_, owner0_.city as city5_0_0_, owner0_.telephone as telephon6_0_0_, pets1_.name as name2_1_1_, pets1_.birth_date as birth_da3_1_1_, pets1_.owner_id as owner_id4_1_1_, pets1_.type_id as type_id5_1_1_, pets1_.owner_id as owner_id4_1_0__, pets1_.id as id1_1_0__ from owners owner0_ left outer join pets pets1_ on owner0_.id=pets1_.owner_id where owner0_.id=?
2024-04-18 19:32:03.119  INFO 123 --- [           main] o.s.t.c.transaction.TransactionContext   : Rolled back transaction for test: [DefaultTestContext@26e61f3d testClass = ClinicServiceTests, testInstance = org.springframework.samples.petclinic.service.ClinicServiceTests@1238c363, testMethod = shouldUpdateOwner@ClinicServiceTests, testException = [null], mergedContextConfiguration = [MergedContextConfiguration@76e9662b testClass = ClinicServiceTests, locations = '{}', classes = '{class org.springframework.samples.petclinic.PetClinicApplication}', contextInitializerClasses = '[]', activeProfiles = '{}', propertySourceLocations = '{}', propertySourceProperties = '{org.springframework.boot.test.autoconfigure.orm.jpa.DataJpaTestContextBootstrapper=true}', contextCustomizers = set[[ImportsContextCustomizer@106f7ddd key = [org.springframework.boot.autoconfigure.cache.CacheAutoConfiguration, org.springframework.boot.autoconfigure.data.jpa.JpaRepositoriesAutoConfiguration, org.springframework.boot.autoconfigure.flyway.FlywayAutoConfiguration, org.springframework.boot.autoconfigure.jdbc.DataSourceAutoConfiguration, org.springframework.boot.autoconfigure.jdbc.DataSourceTransactionManagerAutoConfiguration, org.springframework.boot.autoconfigure.jdbc.JdbcTemplateAutoConfiguration, org.springframework.boot.autoconfigure.liquibase.LiquibaseAutoConfiguration, org.springframework.boot.autoconfigure.orm.jpa.HibernateJpaAutoConfiguration, org.springframework.boot.autoconfigure.transaction.TransactionAutoConfiguration, org.springframework.boot.test.autoconfigure.jdbc.TestDatabaseAutoConfiguration, org.springframework.boot.test.autoconfigure.orm.jpa.TestEntityManagerAutoConfiguration]], org.springframework.boot.test.context.filter.ExcludeFilterContextCustomizer@24a1c17f, org.springframework.boot.test.json.DuplicateJsonObjectContextCustomizerFactory$DuplicateJsonObjectContextCustomizer@532721fd, org.springframework.boot.test.mock.mockito.MockitoContextCustomizer@0, org.springframework.boot.test.autoconfigure.OverrideAutoConfigurationContextCustomizerFactory$DisableAutoConfigurationContextCustomizer@43aa64e9, org.springframework.boot.test.autoconfigure.filter.TypeExcludeFiltersContextCustomizer@ad25f248, org.springframework.boot.test.autoconfigure.properties.PropertyMappingContextCustomizer@a381ee48, org.springframework.boot.test.autoconfigure.web.servlet.WebDriverContextCustomizerFactory$Customizer@23c388c2, org.springframework.boot.test.context.SpringBootTestArgs@1], contextLoader = 'org.springframework.boot.test.context.SpringBootContextLoader', parent = [null]], attributes = map[[empty]]]
2024-04-18 19:32:03.141  INFO 123 --- [           main] o.s.t.c.transaction.TransactionContext   : Began transaction (1) for test context [DefaultTestContext@26e61f3d testClass = ClinicServiceTests, testInstance = org.springframework.samples.petclinic.service.ClinicServiceTests@6e97885c, testMethod = shouldFindVisitsByPetId@ClinicServiceTests, testException = [null], mergedContextConfiguration = [MergedContextConfiguration@76e9662b testClass = ClinicServiceTests, locations = '{}', classes = '{class org.springframework.samples.petclinic.PetClinicApplication}', contextInitializerClasses = '[]', activeProfiles = '{}', propertySourceLocations = '{}', propertySourceProperties = '{org.springframework.boot.test.autoconfigure.orm.jpa.DataJpaTestContextBootstrapper=true}', contextCustomizers = set[[ImportsContextCustomizer@106f7ddd key = [org.springframework.boot.autoconfigure.cache.CacheAutoConfiguration, org.springframework.boot.autoconfigure.data.jpa.JpaRepositoriesAutoConfiguration, org.springframework.boot.autoconfigure.flyway.FlywayAutoConfiguration, org.springframework.boot.autoconfigure.jdbc.DataSourceAutoConfiguration, org.springframework.boot.autoconfigure.jdbc.DataSourceTransactionManagerAutoConfiguration, org.springframework.boot.autoconfigure.jdbc.JdbcTemplateAutoConfiguration, org.springframework.boot.autoconfigure.liquibase.LiquibaseAutoConfiguration, org.springframework.boot.autoconfigure.orm.jpa.HibernateJpaAutoConfiguration, org.springframework.boot.autoconfigure.transaction.TransactionAutoConfiguration, org.springframework.boot.test.autoconfigure.jdbc.TestDatabaseAutoConfiguration, org.springframework.boot.test.autoconfigure.orm.jpa.TestEntityManagerAutoConfiguration]], org.springframework.boot.test.context.filter.ExcludeFilterContextCustomizer@24a1c17f, org.springframework.boot.test.json.DuplicateJsonObjectContextCustomizerFactory$DuplicateJsonObjectContextCustomizer@532721fd, org.springframework.boot.test.mock.mockito.MockitoContextCustomizer@0, org.springframework.boot.test.autoconfigure.OverrideAutoConfigurationContextCustomizerFactory$DisableAutoConfigurationContextCustomizer@43aa64e9, org.springframework.boot.test.autoconfigure.filter.TypeExcludeFiltersContextCustomizer@ad25f248, org.springframework.boot.test.autoconfigure.properties.PropertyMappingContextCustomizer@a381ee48, org.springframework.boot.test.autoconfigure.web.servlet.WebDriverContextCustomizerFactory$Customizer@23c388c2, org.springframework.boot.test.context.SpringBootTestArgs@1], contextLoader = 'org.springframework.boot.test.context.SpringBootContextLoader', parent = [null]], attributes = map[[empty]]]; transaction manager [org.springframework.orm.jpa.JpaTransactionManager@556f00f1]; rollback [true]
Hibernate: select visit0_.id as id1_6_, visit0_.visit_date as visit_da2_6_, visit0_.description as descript3_6_, visit0_.pet_id as pet_id4_6_ from visits visit0_ where visit0_.pet_id=?
2024-04-18 19:32:03.163  INFO 123 --- [           main] o.s.t.c.transaction.TransactionContext   : Rolled back transaction for test: [DefaultTestContext@26e61f3d testClass = ClinicServiceTests, testInstance = org.springframework.samples.petclinic.service.ClinicServiceTests@6e97885c, testMethod = shouldFindVisitsByPetId@ClinicServiceTests, testException = [null], mergedContextConfiguration = [MergedContextConfiguration@76e9662b testClass = ClinicServiceTests, locations = '{}', classes = '{class org.springframework.samples.petclinic.PetClinicApplication}', contextInitializerClasses = '[]', activeProfiles = '{}', propertySourceLocations = '{}', propertySourceProperties = '{org.springframework.boot.test.autoconfigure.orm.jpa.DataJpaTestContextBootstrapper=true}', contextCustomizers = set[[ImportsContextCustomizer@106f7ddd key = [org.springframework.boot.autoconfigure.cache.CacheAutoConfiguration, org.springframework.boot.autoconfigure.data.jpa.JpaRepositoriesAutoConfiguration, org.springframework.boot.autoconfigure.flyway.FlywayAutoConfiguration, org.springframework.boot.autoconfigure.jdbc.DataSourceAutoConfiguration, org.springframework.boot.autoconfigure.jdbc.DataSourceTransactionManagerAutoConfiguration, org.springframework.boot.autoconfigure.jdbc.JdbcTemplateAutoConfiguration, org.springframework.boot.autoconfigure.liquibase.LiquibaseAutoConfiguration, org.springframework.boot.autoconfigure.orm.jpa.HibernateJpaAutoConfiguration, org.springframework.boot.autoconfigure.transaction.TransactionAutoConfiguration, org.springframework.boot.test.autoconfigure.jdbc.TestDatabaseAutoConfiguration, org.springframework.boot.test.autoconfigure.orm.jpa.TestEntityManagerAutoConfiguration]], org.springframework.boot.test.context.filter.ExcludeFilterContextCustomizer@24a1c17f, org.springframework.boot.test.json.DuplicateJsonObjectContextCustomizerFactory$DuplicateJsonObjectContextCustomizer@532721fd, org.springframework.boot.test.mock.mockito.MockitoContextCustomizer@0, org.springframework.boot.test.autoconfigure.OverrideAutoConfigurationContextCustomizerFactory$DisableAutoConfigurationContextCustomizer@43aa64e9, org.springframework.boot.test.autoconfigure.filter.TypeExcludeFiltersContextCustomizer@ad25f248, org.springframework.boot.test.autoconfigure.properties.PropertyMappingContextCustomizer@a381ee48, org.springframework.boot.test.autoconfigure.web.servlet.WebDriverContextCustomizerFactory$Customizer@23c388c2, org.springframework.boot.test.context.SpringBootTestArgs@1], contextLoader = 'org.springframework.boot.test.context.SpringBootContextLoader', parent = [null]], attributes = map[[empty]]]
2024-04-18 19:32:03.175  INFO 123 --- [           main] o.s.t.c.transaction.TransactionContext   : Began transaction (1) for test context [DefaultTestContext@26e61f3d testClass = ClinicServiceTests, testInstance = org.springframework.samples.petclinic.service.ClinicServiceTests@2b6deb26, testMethod = shouldInsertPetIntoDatabaseAndGenerateId@ClinicServiceTests, testException = [null], mergedContextConfiguration = [MergedContextConfiguration@76e9662b testClass = ClinicServiceTests, locations = '{}', classes = '{class org.springframework.samples.petclinic.PetClinicApplication}', contextInitializerClasses = '[]', activeProfiles = '{}', propertySourceLocations = '{}', propertySourceProperties = '{org.springframework.boot.test.autoconfigure.orm.jpa.DataJpaTestContextBootstrapper=true}', contextCustomizers = set[[ImportsContextCustomizer@106f7ddd key = [org.springframework.boot.autoconfigure.cache.CacheAutoConfiguration, org.springframework.boot.autoconfigure.data.jpa.JpaRepositoriesAutoConfiguration, org.springframework.boot.autoconfigure.flyway.FlywayAutoConfiguration, org.springframework.boot.autoconfigure.jdbc.DataSourceAutoConfiguration, org.springframework.boot.autoconfigure.jdbc.DataSourceTransactionManagerAutoConfiguration, org.springframework.boot.autoconfigure.jdbc.JdbcTemplateAutoConfiguration, org.springframework.boot.autoconfigure.liquibase.LiquibaseAutoConfiguration, org.springframework.boot.autoconfigure.orm.jpa.HibernateJpaAutoConfiguration, org.springframework.boot.autoconfigure.transaction.TransactionAutoConfiguration, org.springframework.boot.test.autoconfigure.jdbc.TestDatabaseAutoConfiguration, org.springframework.boot.test.autoconfigure.orm.jpa.TestEntityManagerAutoConfiguration]], org.springframework.boot.test.context.filter.ExcludeFilterContextCustomizer@24a1c17f, org.springframework.boot.test.json.DuplicateJsonObjectContextCustomizerFactory$DuplicateJsonObjectContextCustomizer@532721fd, org.springframework.boot.test.mock.mockito.MockitoContextCustomizer@0, org.springframework.boot.test.autoconfigure.OverrideAutoConfigurationContextCustomizerFactory$DisableAutoConfigurationContextCustomizer@43aa64e9, org.springframework.boot.test.autoconfigure.filter.TypeExcludeFiltersContextCustomizer@ad25f248, org.springframework.boot.test.autoconfigure.properties.PropertyMappingContextCustomizer@a381ee48, org.springframework.boot.test.autoconfigure.web.servlet.WebDriverContextCustomizerFactory$Customizer@23c388c2, org.springframework.boot.test.context.SpringBootTestArgs@1], contextLoader = 'org.springframework.boot.test.context.SpringBootContextLoader', parent = [null]], attributes = map[[empty]]]; transaction manager [org.springframework.orm.jpa.JpaTransactionManager@556f00f1]; rollback [true]
Hibernate: select owner0_.id as id1_0_0_, pets1_.id as id1_1_1_, owner0_.first_name as first_na2_0_0_, owner0_.last_name as last_nam3_0_0_, owner0_.address as address4_0_0_, owner0_.city as city5_0_0_, owner0_.telephone as telephon6_0_0_, pets1_.name as name2_1_1_, pets1_.birth_date as birth_da3_1_1_, pets1_.owner_id as owner_id4_1_1_, pets1_.type_id as type_id5_1_1_, pets1_.owner_id as owner_id4_1_0__, pets1_.id as id1_1_0__ from owners owner0_ left outer join pets pets1_ on owner0_.id=pets1_.owner_id where owner0_.id=?
Hibernate: select pettype0_.id as id1_3_0_, pettype0_.name as name2_3_0_ from types pettype0_ where pettype0_.id=?
Hibernate: select pettype0_.id as id1_3_, pettype0_.name as name2_3_ from types pettype0_ order by pettype0_.name
Hibernate: insert into pets (id, name, birth_date, owner_id, type_id) values (null, ?, ?, ?, ?)
Hibernate: select owner0_.id as id1_0_0_, pets1_.id as id1_1_1_, owner0_.first_name as first_na2_0_0_, owner0_.last_name as last_nam3_0_0_, owner0_.address as address4_0_0_, owner0_.city as city5_0_0_, owner0_.telephone as telephon6_0_0_, pets1_.name as name2_1_1_, pets1_.birth_date as birth_da3_1_1_, pets1_.owner_id as owner_id4_1_1_, pets1_.type_id as type_id5_1_1_, pets1_.owner_id as owner_id4_1_0__, pets1_.id as id1_1_0__ from owners owner0_ left outer join pets pets1_ on owner0_.id=pets1_.owner_id where owner0_.id=?
2024-04-18 19:32:03.225  INFO 123 --- [           main] o.s.t.c.transaction.TransactionContext   : Rolled back transaction for test: [DefaultTestContext@26e61f3d testClass = ClinicServiceTests, testInstance = org.springframework.samples.petclinic.service.ClinicServiceTests@2b6deb26, testMethod = shouldInsertPetIntoDatabaseAndGenerateId@ClinicServiceTests, testException = [null], mergedContextConfiguration = [MergedContextConfiguration@76e9662b testClass = ClinicServiceTests, locations = '{}', classes = '{class org.springframework.samples.petclinic.PetClinicApplication}', contextInitializerClasses = '[]', activeProfiles = '{}', propertySourceLocations = '{}', propertySourceProperties = '{org.springframework.boot.test.autoconfigure.orm.jpa.DataJpaTestContextBootstrapper=true}', contextCustomizers = set[[ImportsContextCustomizer@106f7ddd key = [org.springframework.boot.autoconfigure.cache.CacheAutoConfiguration, org.springframework.boot.autoconfigure.data.jpa.JpaRepositoriesAutoConfiguration, org.springframework.boot.autoconfigure.flyway.FlywayAutoConfiguration, org.springframework.boot.autoconfigure.jdbc.DataSourceAutoConfiguration, org.springframework.boot.autoconfigure.jdbc.DataSourceTransactionManagerAutoConfiguration, org.springframework.boot.autoconfigure.jdbc.JdbcTemplateAutoConfiguration, org.springframework.boot.autoconfigure.liquibase.LiquibaseAutoConfiguration, org.springframework.boot.autoconfigure.orm.jpa.HibernateJpaAutoConfiguration, org.springframework.boot.autoconfigure.transaction.TransactionAutoConfiguration, org.springframework.boot.test.autoconfigure.jdbc.TestDatabaseAutoConfiguration, org.springframework.boot.test.autoconfigure.orm.jpa.TestEntityManagerAutoConfiguration]], org.springframework.boot.test.context.filter.ExcludeFilterContextCustomizer@24a1c17f, org.springframework.boot.test.json.DuplicateJsonObjectContextCustomizerFactory$DuplicateJsonObjectContextCustomizer@532721fd, org.springframework.boot.test.mock.mockito.MockitoContextCustomizer@0, org.springframework.boot.test.autoconfigure.OverrideAutoConfigurationContextCustomizerFactory$DisableAutoConfigurationContextCustomizer@43aa64e9, org.springframework.boot.test.autoconfigure.filter.TypeExcludeFiltersContextCustomizer@ad25f248, org.springframework.boot.test.autoconfigure.properties.PropertyMappingContextCustomizer@a381ee48, org.springframework.boot.test.autoconfigure.web.servlet.WebDriverContextCustomizerFactory$Customizer@23c388c2, org.springframework.boot.test.context.SpringBootTestArgs@1], contextLoader = 'org.springframework.boot.test.context.SpringBootContextLoader', parent = [null]], attributes = map[[empty]]]
2024-04-18 19:32:03.235  INFO 123 --- [           main] o.s.t.c.transaction.TransactionContext   : Began transaction (1) for test context [DefaultTestContext@26e61f3d testClass = ClinicServiceTests, testInstance = org.springframework.samples.petclinic.service.ClinicServiceTests@6e892437, testMethod = shouldInsertOwner@ClinicServiceTests, testException = [null], mergedContextConfiguration = [MergedContextConfiguration@76e9662b testClass = ClinicServiceTests, locations = '{}', classes = '{class org.springframework.samples.petclinic.PetClinicApplication}', contextInitializerClasses = '[]', activeProfiles = '{}', propertySourceLocations = '{}', propertySourceProperties = '{org.springframework.boot.test.autoconfigure.orm.jpa.DataJpaTestContextBootstrapper=true}', contextCustomizers = set[[ImportsContextCustomizer@106f7ddd key = [org.springframework.boot.autoconfigure.cache.CacheAutoConfiguration, org.springframework.boot.autoconfigure.data.jpa.JpaRepositoriesAutoConfiguration, org.springframework.boot.autoconfigure.flyway.FlywayAutoConfiguration, org.springframework.boot.autoconfigure.jdbc.DataSourceAutoConfiguration, org.springframework.boot.autoconfigure.jdbc.DataSourceTransactionManagerAutoConfiguration, org.springframework.boot.autoconfigure.jdbc.JdbcTemplateAutoConfiguration, org.springframework.boot.autoconfigure.liquibase.LiquibaseAutoConfiguration, org.springframework.boot.autoconfigure.orm.jpa.HibernateJpaAutoConfiguration, org.springframework.boot.autoconfigure.transaction.TransactionAutoConfiguration, org.springframework.boot.test.autoconfigure.jdbc.TestDatabaseAutoConfiguration, org.springframework.boot.test.autoconfigure.orm.jpa.TestEntityManagerAutoConfiguration]], org.springframework.boot.test.context.filter.ExcludeFilterContextCustomizer@24a1c17f, org.springframework.boot.test.json.DuplicateJsonObjectContextCustomizerFactory$DuplicateJsonObjectContextCustomizer@532721fd, org.springframework.boot.test.mock.mockito.MockitoContextCustomizer@0, org.springframework.boot.test.autoconfigure.OverrideAutoConfigurationContextCustomizerFactory$DisableAutoConfigurationContextCustomizer@43aa64e9, org.springframework.boot.test.autoconfigure.filter.TypeExcludeFiltersContextCustomizer@ad25f248, org.springframework.boot.test.autoconfigure.properties.PropertyMappingContextCustomizer@a381ee48, org.springframework.boot.test.autoconfigure.web.servlet.WebDriverContextCustomizerFactory$Customizer@23c388c2, org.springframework.boot.test.context.SpringBootTestArgs@1], contextLoader = 'org.springframework.boot.test.context.SpringBootContextLoader', parent = [null]], attributes = map[[empty]]]; transaction manager [org.springframework.orm.jpa.JpaTransactionManager@556f00f1]; rollback [true]
Hibernate: select distinct owner0_.id as id1_0_0_, pets1_.id as id1_1_1_, owner0_.first_name as first_na2_0_0_, owner0_.last_name as last_nam3_0_0_, owner0_.address as address4_0_0_, owner0_.city as city5_0_0_, owner0_.telephone as telephon6_0_0_, pets1_.name as name2_1_1_, pets1_.birth_date as birth_da3_1_1_, pets1_.owner_id as owner_id4_1_1_, pets1_.type_id as type_id5_1_1_, pets1_.owner_id as owner_id4_1_0__, pets1_.id as id1_1_0__ from owners owner0_ left outer join pets pets1_ on owner0_.id=pets1_.owner_id where owner0_.last_name like ?
Hibernate: insert into owners (id, first_name, last_name, address, city, telephone) values (null, ?, ?, ?, ?, ?)
Hibernate: select distinct owner0_.id as id1_0_0_, pets1_.id as id1_1_1_, owner0_.first_name as first_na2_0_0_, owner0_.last_name as last_nam3_0_0_, owner0_.address as address4_0_0_, owner0_.city as city5_0_0_, owner0_.telephone as telephon6_0_0_, pets1_.name as name2_1_1_, pets1_.birth_date as birth_da3_1_1_, pets1_.owner_id as owner_id4_1_1_, pets1_.type_id as type_id5_1_1_, pets1_.owner_id as owner_id4_1_0__, pets1_.id as id1_1_0__ from owners owner0_ left outer join pets pets1_ on owner0_.id=pets1_.owner_id where owner0_.last_name like ?
2024-04-18 19:32:03.270  INFO 123 --- [           main] o.s.t.c.transaction.TransactionContext   : Rolled back transaction for test: [DefaultTestContext@26e61f3d testClass = ClinicServiceTests, testInstance = org.springframework.samples.petclinic.service.ClinicServiceTests@6e892437, testMethod = shouldInsertOwner@ClinicServiceTests, testException = [null], mergedContextConfiguration = [MergedContextConfiguration@76e9662b testClass = ClinicServiceTests, locations = '{}', classes = '{class org.springframework.samples.petclinic.PetClinicApplication}', contextInitializerClasses = '[]', activeProfiles = '{}', propertySourceLocations = '{}', propertySourceProperties = '{org.springframework.boot.test.autoconfigure.orm.jpa.DataJpaTestContextBootstrapper=true}', contextCustomizers = set[[ImportsContextCustomizer@106f7ddd key = [org.springframework.boot.autoconfigure.cache.CacheAutoConfiguration, org.springframework.boot.autoconfigure.data.jpa.JpaRepositoriesAutoConfiguration, org.springframework.boot.autoconfigure.flyway.FlywayAutoConfiguration, org.springframework.boot.autoconfigure.jdbc.DataSourceAutoConfiguration, org.springframework.boot.autoconfigure.jdbc.DataSourceTransactionManagerAutoConfiguration, org.springframework.boot.autoconfigure.jdbc.JdbcTemplateAutoConfiguration, org.springframework.boot.autoconfigure.liquibase.LiquibaseAutoConfiguration, org.springframework.boot.autoconfigure.orm.jpa.HibernateJpaAutoConfiguration, org.springframework.boot.autoconfigure.transaction.TransactionAutoConfiguration, org.springframework.boot.test.autoconfigure.jdbc.TestDatabaseAutoConfiguration, org.springframework.boot.test.autoconfigure.orm.jpa.TestEntityManagerAutoConfiguration]], org.springframework.boot.test.context.filter.ExcludeFilterContextCustomizer@24a1c17f, org.springframework.boot.test.json.DuplicateJsonObjectContextCustomizerFactory$DuplicateJsonObjectContextCustomizer@532721fd, org.springframework.boot.test.mock.mockito.MockitoContextCustomizer@0, org.springframework.boot.test.autoconfigure.OverrideAutoConfigurationContextCustomizerFactory$DisableAutoConfigurationContextCustomizer@43aa64e9, org.springframework.boot.test.autoconfigure.filter.TypeExcludeFiltersContextCustomizer@ad25f248, org.springframework.boot.test.autoconfigure.properties.PropertyMappingContextCustomizer@a381ee48, org.springframework.boot.test.autoconfigure.web.servlet.WebDriverContextCustomizerFactory$Customizer@23c388c2, org.springframework.boot.test.context.SpringBootTestArgs@1], contextLoader = 'org.springframework.boot.test.context.SpringBootContextLoader', parent = [null]], attributes = map[[empty]]]
2024-04-18 19:32:03.278  INFO 123 --- [           main] o.s.t.c.transaction.TransactionContext   : Began transaction (1) for test context [DefaultTestContext@26e61f3d testClass = ClinicServiceTests, testInstance = org.springframework.samples.petclinic.service.ClinicServiceTests@94fab8f, testMethod = shouldFindSingleOwnerWithPet@ClinicServiceTests, testException = [null], mergedContextConfiguration = [MergedContextConfiguration@76e9662b testClass = ClinicServiceTests, locations = '{}', classes = '{class org.springframework.samples.petclinic.PetClinicApplication}', contextInitializerClasses = '[]', activeProfiles = '{}', propertySourceLocations = '{}', propertySourceProperties = '{org.springframework.boot.test.autoconfigure.orm.jpa.DataJpaTestContextBootstrapper=true}', contextCustomizers = set[[ImportsContextCustomizer@106f7ddd key = [org.springframework.boot.autoconfigure.cache.CacheAutoConfiguration, org.springframework.boot.autoconfigure.data.jpa.JpaRepositoriesAutoConfiguration, org.springframework.boot.autoconfigure.flyway.FlywayAutoConfiguration, org.springframework.boot.autoconfigure.jdbc.DataSourceAutoConfiguration, org.springframework.boot.autoconfigure.jdbc.DataSourceTransactionManagerAutoConfiguration, org.springframework.boot.autoconfigure.jdbc.JdbcTemplateAutoConfiguration, org.springframework.boot.autoconfigure.liquibase.LiquibaseAutoConfiguration, org.springframework.boot.autoconfigure.orm.jpa.HibernateJpaAutoConfiguration, org.springframework.boot.autoconfigure.transaction.TransactionAutoConfiguration, org.springframework.boot.test.autoconfigure.jdbc.TestDatabaseAutoConfiguration, org.springframework.boot.test.autoconfigure.orm.jpa.TestEntityManagerAutoConfiguration]], org.springframework.boot.test.context.filter.ExcludeFilterContextCustomizer@24a1c17f, org.springframework.boot.test.json.DuplicateJsonObjectContextCustomizerFactory$DuplicateJsonObjectContextCustomizer@532721fd, org.springframework.boot.test.mock.mockito.MockitoContextCustomizer@0, org.springframework.boot.test.autoconfigure.OverrideAutoConfigurationContextCustomizerFactory$DisableAutoConfigurationContextCustomizer@43aa64e9, org.springframework.boot.test.autoconfigure.filter.TypeExcludeFiltersContextCustomizer@ad25f248, org.springframework.boot.test.autoconfigure.properties.PropertyMappingContextCustomizer@a381ee48, org.springframework.boot.test.autoconfigure.web.servlet.WebDriverContextCustomizerFactory$Customizer@23c388c2, org.springframework.boot.test.context.SpringBootTestArgs@1], contextLoader = 'org.springframework.boot.test.context.SpringBootContextLoader', parent = [null]], attributes = map[[empty]]]; transaction manager [org.springframework.orm.jpa.JpaTransactionManager@556f00f1]; rollback [true]
Hibernate: select owner0_.id as id1_0_0_, pets1_.id as id1_1_1_, owner0_.first_name as first_na2_0_0_, owner0_.last_name as last_nam3_0_0_, owner0_.address as address4_0_0_, owner0_.city as city5_0_0_, owner0_.telephone as telephon6_0_0_, pets1_.name as name2_1_1_, pets1_.birth_date as birth_da3_1_1_, pets1_.owner_id as owner_id4_1_1_, pets1_.type_id as type_id5_1_1_, pets1_.owner_id as owner_id4_1_0__, pets1_.id as id1_1_0__ from owners owner0_ left outer join pets pets1_ on owner0_.id=pets1_.owner_id where owner0_.id=?
Hibernate: select pettype0_.id as id1_3_0_, pettype0_.name as name2_3_0_ from types pettype0_ where pettype0_.id=?
2024-04-18 19:32:03.323  INFO 123 --- [           main] o.s.t.c.transaction.TransactionContext   : Rolled back transaction for test: [DefaultTestContext@26e61f3d testClass = ClinicServiceTests, testInstance = org.springframework.samples.petclinic.service.ClinicServiceTests@94fab8f, testMethod = shouldFindSingleOwnerWithPet@ClinicServiceTests, testException = [null], mergedContextConfiguration = [MergedContextConfiguration@76e9662b testClass = ClinicServiceTests, locations = '{}', classes = '{class org.springframework.samples.petclinic.PetClinicApplication}', contextInitializerClasses = '[]', activeProfiles = '{}', propertySourceLocations = '{}', propertySourceProperties = '{org.springframework.boot.test.autoconfigure.orm.jpa.DataJpaTestContextBootstrapper=true}', contextCustomizers = set[[ImportsContextCustomizer@106f7ddd key = [org.springframework.boot.autoconfigure.cache.CacheAutoConfiguration, org.springframework.boot.autoconfigure.data.jpa.JpaRepositoriesAutoConfiguration, org.springframework.boot.autoconfigure.flyway.FlywayAutoConfiguration, org.springframework.boot.autoconfigure.jdbc.DataSourceAutoConfiguration, org.springframework.boot.autoconfigure.jdbc.DataSourceTransactionManagerAutoConfiguration, org.springframework.boot.autoconfigure.jdbc.JdbcTemplateAutoConfiguration, org.springframework.boot.autoconfigure.liquibase.LiquibaseAutoConfiguration, org.springframework.boot.autoconfigure.orm.jpa.HibernateJpaAutoConfiguration, org.springframework.boot.autoconfigure.transaction.TransactionAutoConfiguration, org.springframework.boot.test.autoconfigure.jdbc.TestDatabaseAutoConfiguration, org.springframework.boot.test.autoconfigure.orm.jpa.TestEntityManagerAutoConfiguration]], org.springframework.boot.test.context.filter.ExcludeFilterContextCustomizer@24a1c17f, org.springframework.boot.test.json.DuplicateJsonObjectContextCustomizerFactory$DuplicateJsonObjectContextCustomizer@532721fd, org.springframework.boot.test.mock.mockito.MockitoContextCustomizer@0, org.springframework.boot.test.autoconfigure.OverrideAutoConfigurationContextCustomizerFactory$DisableAutoConfigurationContextCustomizer@43aa64e9, org.springframework.boot.test.autoconfigure.filter.TypeExcludeFiltersContextCustomizer@ad25f248, org.springframework.boot.test.autoconfigure.properties.PropertyMappingContextCustomizer@a381ee48, org.springframework.boot.test.autoconfigure.web.servlet.WebDriverContextCustomizerFactory$Customizer@23c388c2, org.springframework.boot.test.context.SpringBootTestArgs@1], contextLoader = 'org.springframework.boot.test.context.SpringBootContextLoader', parent = [null]], attributes = map[[empty]]]
2024-04-18 19:32:03.328  INFO 123 --- [           main] o.s.t.c.transaction.TransactionContext   : Began transaction (1) for test context [DefaultTestContext@26e61f3d testClass = ClinicServiceTests, testInstance = org.springframework.samples.petclinic.service.ClinicServiceTests@1f678943, testMethod = shouldUpdatePetName@ClinicServiceTests, testException = [null], mergedContextConfiguration = [MergedContextConfiguration@76e9662b testClass = ClinicServiceTests, locations = '{}', classes = '{class org.springframework.samples.petclinic.PetClinicApplication}', contextInitializerClasses = '[]', activeProfiles = '{}', propertySourceLocations = '{}', propertySourceProperties = '{org.springframework.boot.test.autoconfigure.orm.jpa.DataJpaTestContextBootstrapper=true}', contextCustomizers = set[[ImportsContextCustomizer@106f7ddd key = [org.springframework.boot.autoconfigure.cache.CacheAutoConfiguration, org.springframework.boot.autoconfigure.data.jpa.JpaRepositoriesAutoConfiguration, org.springframework.boot.autoconfigure.flyway.FlywayAutoConfiguration, org.springframework.boot.autoconfigure.jdbc.DataSourceAutoConfiguration, org.springframework.boot.autoconfigure.jdbc.DataSourceTransactionManagerAutoConfiguration, org.springframework.boot.autoconfigure.jdbc.JdbcTemplateAutoConfiguration, org.springframework.boot.autoconfigure.liquibase.LiquibaseAutoConfiguration, org.springframework.boot.autoconfigure.orm.jpa.HibernateJpaAutoConfiguration, org.springframework.boot.autoconfigure.transaction.TransactionAutoConfiguration, org.springframework.boot.test.autoconfigure.jdbc.TestDatabaseAutoConfiguration, org.springframework.boot.test.autoconfigure.orm.jpa.TestEntityManagerAutoConfiguration]], org.springframework.boot.test.context.filter.ExcludeFilterContextCustomizer@24a1c17f, org.springframework.boot.test.json.DuplicateJsonObjectContextCustomizerFactory$DuplicateJsonObjectContextCustomizer@532721fd, org.springframework.boot.test.mock.mockito.MockitoContextCustomizer@0, org.springframework.boot.test.autoconfigure.OverrideAutoConfigurationContextCustomizerFactory$DisableAutoConfigurationContextCustomizer@43aa64e9, org.springframework.boot.test.autoconfigure.filter.TypeExcludeFiltersContextCustomizer@ad25f248, org.springframework.boot.test.autoconfigure.properties.PropertyMappingContextCustomizer@a381ee48, org.springframework.boot.test.autoconfigure.web.servlet.WebDriverContextCustomizerFactory$Customizer@23c388c2, org.springframework.boot.test.context.SpringBootTestArgs@1], contextLoader = 'org.springframework.boot.test.context.SpringBootContextLoader', parent = [null]], attributes = map[[empty]]]; transaction manager [org.springframework.orm.jpa.JpaTransactionManager@556f00f1]; rollback [true]
Hibernate: select pet0_.id as id1_1_0_, pet0_.name as name2_1_0_, pet0_.birth_date as birth_da3_1_0_, pet0_.owner_id as owner_id4_1_0_, pet0_.type_id as type_id5_1_0_, owner1_.id as id1_0_1_, owner1_.first_name as first_na2_0_1_, owner1_.last_name as last_nam3_0_1_, owner1_.address as address4_0_1_, owner1_.city as city5_0_1_, owner1_.telephone as telephon6_0_1_, pettype2_.id as id1_3_2_, pettype2_.name as name2_3_2_ from pets pet0_ left outer join owners owner1_ on pet0_.owner_id=owner1_.id left outer join types pettype2_ on pet0_.type_id=pettype2_.id where pet0_.id=?
2024-04-18 19:32:03.351  INFO 123 --- [           main] o.s.t.c.transaction.TransactionContext   : Rolled back transaction for test: [DefaultTestContext@26e61f3d testClass = ClinicServiceTests, testInstance = org.springframework.samples.petclinic.service.ClinicServiceTests@1f678943, testMethod = shouldUpdatePetName@ClinicServiceTests, testException = [null], mergedContextConfiguration = [MergedContextConfiguration@76e9662b testClass = ClinicServiceTests, locations = '{}', classes = '{class org.springframework.samples.petclinic.PetClinicApplication}', contextInitializerClasses = '[]', activeProfiles = '{}', propertySourceLocations = '{}', propertySourceProperties = '{org.springframework.boot.test.autoconfigure.orm.jpa.DataJpaTestContextBootstrapper=true}', contextCustomizers = set[[ImportsContextCustomizer@106f7ddd key = [org.springframework.boot.autoconfigure.cache.CacheAutoConfiguration, org.springframework.boot.autoconfigure.data.jpa.JpaRepositoriesAutoConfiguration, org.springframework.boot.autoconfigure.flyway.FlywayAutoConfiguration, org.springframework.boot.autoconfigure.jdbc.DataSourceAutoConfiguration, org.springframework.boot.autoconfigure.jdbc.DataSourceTransactionManagerAutoConfiguration, org.springframework.boot.autoconfigure.jdbc.JdbcTemplateAutoConfiguration, org.springframework.boot.autoconfigure.liquibase.LiquibaseAutoConfiguration, org.springframework.boot.autoconfigure.orm.jpa.HibernateJpaAutoConfiguration, org.springframework.boot.autoconfigure.transaction.TransactionAutoConfiguration, org.springframework.boot.test.autoconfigure.jdbc.TestDatabaseAutoConfiguration, org.springframework.boot.test.autoconfigure.orm.jpa.TestEntityManagerAutoConfiguration]], org.springframework.boot.test.context.filter.ExcludeFilterContextCustomizer@24a1c17f, org.springframework.boot.test.json.DuplicateJsonObjectContextCustomizerFactory$DuplicateJsonObjectContextCustomizer@532721fd, org.springframework.boot.test.mock.mockito.MockitoContextCustomizer@0, org.springframework.boot.test.autoconfigure.OverrideAutoConfigurationContextCustomizerFactory$DisableAutoConfigurationContextCustomizer@43aa64e9, org.springframework.boot.test.autoconfigure.filter.TypeExcludeFiltersContextCustomizer@ad25f248, org.springframework.boot.test.autoconfigure.properties.PropertyMappingContextCustomizer@a381ee48, org.springframework.boot.test.autoconfigure.web.servlet.WebDriverContextCustomizerFactory$Customizer@23c388c2, org.springframework.boot.test.context.SpringBootTestArgs@1], contextLoader = 'org.springframework.boot.test.context.SpringBootContextLoader', parent = [null]], attributes = map[[empty]]]
2024-04-18 19:32:03.354  INFO 123 --- [           main] o.s.t.c.transaction.TransactionContext   : Began transaction (1) for test context [DefaultTestContext@26e61f3d testClass = ClinicServiceTests, testInstance = org.springframework.samples.petclinic.service.ClinicServiceTests@21c06106, testMethod = shouldFindAllPetTypes@ClinicServiceTests, testException = [null], mergedContextConfiguration = [MergedContextConfiguration@76e9662b testClass = ClinicServiceTests, locations = '{}', classes = '{class org.springframework.samples.petclinic.PetClinicApplication}', contextInitializerClasses = '[]', activeProfiles = '{}', propertySourceLocations = '{}', propertySourceProperties = '{org.springframework.boot.test.autoconfigure.orm.jpa.DataJpaTestContextBootstrapper=true}', contextCustomizers = set[[ImportsContextCustomizer@106f7ddd key = [org.springframework.boot.autoconfigure.cache.CacheAutoConfiguration, org.springframework.boot.autoconfigure.data.jpa.JpaRepositoriesAutoConfiguration, org.springframework.boot.autoconfigure.flyway.FlywayAutoConfiguration, org.springframework.boot.autoconfigure.jdbc.DataSourceAutoConfiguration, org.springframework.boot.autoconfigure.jdbc.DataSourceTransactionManagerAutoConfiguration, org.springframework.boot.autoconfigure.jdbc.JdbcTemplateAutoConfiguration, org.springframework.boot.autoconfigure.liquibase.LiquibaseAutoConfiguration, org.springframework.boot.autoconfigure.orm.jpa.HibernateJpaAutoConfiguration, org.springframework.boot.autoconfigure.transaction.TransactionAutoConfiguration, org.springframework.boot.test.autoconfigure.jdbc.TestDatabaseAutoConfiguration, org.springframework.boot.test.autoconfigure.orm.jpa.TestEntityManagerAutoConfiguration]], org.springframework.boot.test.context.filter.ExcludeFilterContextCustomizer@24a1c17f, org.springframework.boot.test.json.DuplicateJsonObjectContextCustomizerFactory$DuplicateJsonObjectContextCustomizer@532721fd, org.springframework.boot.test.mock.mockito.MockitoContextCustomizer@0, org.springframework.boot.test.autoconfigure.OverrideAutoConfigurationContextCustomizerFactory$DisableAutoConfigurationContextCustomizer@43aa64e9, org.springframework.boot.test.autoconfigure.filter.TypeExcludeFiltersContextCustomizer@ad25f248, org.springframework.boot.test.autoconfigure.properties.PropertyMappingContextCustomizer@a381ee48, org.springframework.boot.test.autoconfigure.web.servlet.WebDriverContextCustomizerFactory$Customizer@23c388c2, org.springframework.boot.test.context.SpringBootTestArgs@1], contextLoader = 'org.springframework.boot.test.context.SpringBootContextLoader', parent = [null]], attributes = map[[empty]]]; transaction manager [org.springframework.orm.jpa.JpaTransactionManager@556f00f1]; rollback [true]
Hibernate: select pettype0_.id as id1_3_, pettype0_.name as name2_3_ from types pettype0_ order by pettype0_.name
2024-04-18 19:32:03.381  INFO 123 --- [           main] o.s.t.c.transaction.TransactionContext   : Rolled back transaction for test: [DefaultTestContext@26e61f3d testClass = ClinicServiceTests, testInstance = org.springframework.samples.petclinic.service.ClinicServiceTests@21c06106, testMethod = shouldFindAllPetTypes@ClinicServiceTests, testException = [null], mergedContextConfiguration = [MergedContextConfiguration@76e9662b testClass = ClinicServiceTests, locations = '{}', classes = '{class org.springframework.samples.petclinic.PetClinicApplication}', contextInitializerClasses = '[]', activeProfiles = '{}', propertySourceLocations = '{}', propertySourceProperties = '{org.springframework.boot.test.autoconfigure.orm.jpa.DataJpaTestContextBootstrapper=true}', contextCustomizers = set[[ImportsContextCustomizer@106f7ddd key = [org.springframework.boot.autoconfigure.cache.CacheAutoConfiguration, org.springframework.boot.autoconfigure.data.jpa.JpaRepositoriesAutoConfiguration, org.springframework.boot.autoconfigure.flyway.FlywayAutoConfiguration, org.springframework.boot.autoconfigure.jdbc.DataSourceAutoConfiguration, org.springframework.boot.autoconfigure.jdbc.DataSourceTransactionManagerAutoConfiguration, org.springframework.boot.autoconfigure.jdbc.JdbcTemplateAutoConfiguration, org.springframework.boot.autoconfigure.liquibase.LiquibaseAutoConfiguration, org.springframework.boot.autoconfigure.orm.jpa.HibernateJpaAutoConfiguration, org.springframework.boot.autoconfigure.transaction.TransactionAutoConfiguration, org.springframework.boot.test.autoconfigure.jdbc.TestDatabaseAutoConfiguration, org.springframework.boot.test.autoconfigure.orm.jpa.TestEntityManagerAutoConfiguration]], org.springframework.boot.test.context.filter.ExcludeFilterContextCustomizer@24a1c17f, org.springframework.boot.test.json.DuplicateJsonObjectContextCustomizerFactory$DuplicateJsonObjectContextCustomizer@532721fd, org.springframework.boot.test.mock.mockito.MockitoContextCustomizer@0, org.springframework.boot.test.autoconfigure.OverrideAutoConfigurationContextCustomizerFactory$DisableAutoConfigurationContextCustomizer@43aa64e9, org.springframework.boot.test.autoconfigure.filter.TypeExcludeFiltersContextCustomizer@ad25f248, org.springframework.boot.test.autoconfigure.properties.PropertyMappingContextCustomizer@a381ee48, org.springframework.boot.test.autoconfigure.web.servlet.WebDriverContextCustomizerFactory$Customizer@23c388c2, org.springframework.boot.test.context.SpringBootTestArgs@1], contextLoader = 'org.springframework.boot.test.context.SpringBootContextLoader', parent = [null]], attributes = map[[empty]]]
2024-04-18 19:32:03.393  INFO 123 --- [           main] o.s.t.c.transaction.TransactionContext   : Began transaction (1) for test context [DefaultTestContext@26e61f3d testClass = ClinicServiceTests, testInstance = org.springframework.samples.petclinic.service.ClinicServiceTests@69fb4b2, testMethod = shouldFindPetWithCorrectId@ClinicServiceTests, testException = [null], mergedContextConfiguration = [MergedContextConfiguration@76e9662b testClass = ClinicServiceTests, locations = '{}', classes = '{class org.springframework.samples.petclinic.PetClinicApplication}', contextInitializerClasses = '[]', activeProfiles = '{}', propertySourceLocations = '{}', propertySourceProperties = '{org.springframework.boot.test.autoconfigure.orm.jpa.DataJpaTestContextBootstrapper=true}', contextCustomizers = set[[ImportsContextCustomizer@106f7ddd key = [org.springframework.boot.autoconfigure.cache.CacheAutoConfiguration, org.springframework.boot.autoconfigure.data.jpa.JpaRepositoriesAutoConfiguration, org.springframework.boot.autoconfigure.flyway.FlywayAutoConfiguration, org.springframework.boot.autoconfigure.jdbc.DataSourceAutoConfiguration, org.springframework.boot.autoconfigure.jdbc.DataSourceTransactionManagerAutoConfiguration, org.springframework.boot.autoconfigure.jdbc.JdbcTemplateAutoConfiguration, org.springframework.boot.autoconfigure.liquibase.LiquibaseAutoConfiguration, org.springframework.boot.autoconfigure.orm.jpa.HibernateJpaAutoConfiguration, org.springframework.boot.autoconfigure.transaction.TransactionAutoConfiguration, org.springframework.boot.test.autoconfigure.jdbc.TestDatabaseAutoConfiguration, org.springframework.boot.test.autoconfigure.orm.jpa.TestEntityManagerAutoConfiguration]], org.springframework.boot.test.context.filter.ExcludeFilterContextCustomizer@24a1c17f, org.springframework.boot.test.json.DuplicateJsonObjectContextCustomizerFactory$DuplicateJsonObjectContextCustomizer@532721fd, org.springframework.boot.test.mock.mockito.MockitoContextCustomizer@0, org.springframework.boot.test.autoconfigure.OverrideAutoConfigurationContextCustomizerFactory$DisableAutoConfigurationContextCustomizer@43aa64e9, org.springframework.boot.test.autoconfigure.filter.TypeExcludeFiltersContextCustomizer@ad25f248, org.springframework.boot.test.autoconfigure.properties.PropertyMappingContextCustomizer@a381ee48, org.springframework.boot.test.autoconfigure.web.servlet.WebDriverContextCustomizerFactory$Customizer@23c388c2, org.springframework.boot.test.context.SpringBootTestArgs@1], contextLoader = 'org.springframework.boot.test.context.SpringBootContextLoader', parent = [null]], attributes = map[[empty]]]; transaction manager [org.springframework.orm.jpa.JpaTransactionManager@556f00f1]; rollback [true]
Hibernate: select pet0_.id as id1_1_0_, pet0_.name as name2_1_0_, pet0_.birth_date as birth_da3_1_0_, pet0_.owner_id as owner_id4_1_0_, pet0_.type_id as type_id5_1_0_, owner1_.id as id1_0_1_, owner1_.first_name as first_na2_0_1_, owner1_.last_name as last_nam3_0_1_, owner1_.address as address4_0_1_, owner1_.city as city5_0_1_, owner1_.telephone as telephon6_0_1_, pettype2_.id as id1_3_2_, pettype2_.name as name2_3_2_ from pets pet0_ left outer join owners owner1_ on pet0_.owner_id=owner1_.id left outer join types pettype2_ on pet0_.type_id=pettype2_.id where pet0_.id=?
2024-04-18 19:32:03.399  INFO 123 --- [           main] o.s.t.c.transaction.TransactionContext   : Rolled back transaction for test: [DefaultTestContext@26e61f3d testClass = ClinicServiceTests, testInstance = org.springframework.samples.petclinic.service.ClinicServiceTests@69fb4b2, testMethod = shouldFindPetWithCorrectId@ClinicServiceTests, testException = [null], mergedContextConfiguration = [MergedContextConfiguration@76e9662b testClass = ClinicServiceTests, locations = '{}', classes = '{class org.springframework.samples.petclinic.PetClinicApplication}', contextInitializerClasses = '[]', activeProfiles = '{}', propertySourceLocations = '{}', propertySourceProperties = '{org.springframework.boot.test.autoconfigure.orm.jpa.DataJpaTestContextBootstrapper=true}', contextCustomizers = set[[ImportsContextCustomizer@106f7ddd key = [org.springframework.boot.autoconfigure.cache.CacheAutoConfiguration, org.springframework.boot.autoconfigure.data.jpa.JpaRepositoriesAutoConfiguration, org.springframework.boot.autoconfigure.flyway.FlywayAutoConfiguration, org.springframework.boot.autoconfigure.jdbc.DataSourceAutoConfiguration, org.springframework.boot.autoconfigure.jdbc.DataSourceTransactionManagerAutoConfiguration, org.springframework.boot.autoconfigure.jdbc.JdbcTemplateAutoConfiguration, org.springframework.boot.autoconfigure.liquibase.LiquibaseAutoConfiguration, org.springframework.boot.autoconfigure.orm.jpa.HibernateJpaAutoConfiguration, org.springframework.boot.autoconfigure.transaction.TransactionAutoConfiguration, org.springframework.boot.test.autoconfigure.jdbc.TestDatabaseAutoConfiguration, org.springframework.boot.test.autoconfigure.orm.jpa.TestEntityManagerAutoConfiguration]], org.springframework.boot.test.context.filter.ExcludeFilterContextCustomizer@24a1c17f, org.springframework.boot.test.json.DuplicateJsonObjectContextCustomizerFactory$DuplicateJsonObjectContextCustomizer@532721fd, org.springframework.boot.test.mock.mockito.MockitoContextCustomizer@0, org.springframework.boot.test.autoconfigure.OverrideAutoConfigurationContextCustomizerFactory$DisableAutoConfigurationContextCustomizer@43aa64e9, org.springframework.boot.test.autoconfigure.filter.TypeExcludeFiltersContextCustomizer@ad25f248, org.springframework.boot.test.autoconfigure.properties.PropertyMappingContextCustomizer@a381ee48, org.springframework.boot.test.autoconfigure.web.servlet.WebDriverContextCustomizerFactory$Customizer@23c388c2, org.springframework.boot.test.context.SpringBootTestArgs@1], contextLoader = 'org.springframework.boot.test.context.SpringBootContextLoader', parent = [null]], attributes = map[[empty]]]
[INFO] Tests run: 11, Failures: 0, Errors: 0, Skipped: 0, Time elapsed: 1.853 s - in org.springframework.samples.petclinic.service.ClinicServiceTests
[INFO] Running org.springframework.samples.petclinic.model.ValidatorTests
[INFO] Tests run: 1, Failures: 0, Errors: 0, Skipped: 0, Time elapsed: 0.025 s - in org.springframework.samples.petclinic.model.ValidatorTests
[INFO] Running org.springframework.samples.petclinic.owner.PetControllerTests
2024-04-18 19:32:03.528  INFO 123 --- [           main] .b.t.a.w.s.WebMvcTestContextBootstrapper : Neither @ContextConfiguration nor @ContextHierarchy found for test class [org.springframework.samples.petclinic.owner.PetControllerTests], using SpringBootContextLoader
2024-04-18 19:32:03.529  INFO 123 --- [           main] o.s.t.c.support.AbstractContextLoader    : Could not detect default resource locations for test class [org.springframework.samples.petclinic.owner.PetControllerTests]: no resource found for suffixes {-context.xml, Context.groovy}.
2024-04-18 19:32:03.529  INFO 123 --- [           main] t.c.s.AnnotationConfigContextLoaderUtils : Could not detect default configuration classes for test class [org.springframework.samples.petclinic.owner.PetControllerTests]: PetControllerTests does not declare any static, non-private, non-final, nested classes annotated with @Configuration.
2024-04-18 19:32:03.547  INFO 123 --- [           main] .b.t.c.SpringBootTestContextBootstrapper : Found @SpringBootConfiguration org.springframework.samples.petclinic.PetClinicApplication for test class org.springframework.samples.petclinic.owner.PetControllerTests
2024-04-18 19:32:03.548  INFO 123 --- [           main] .b.t.a.w.s.WebMvcTestContextBootstrapper : Loaded default TestExecutionListener class names from location [META-INF/spring.factories]: [org.springframework.boot.test.mock.mockito.MockitoTestExecutionListener, org.springframework.boot.test.mock.mockito.ResetMocksTestExecutionListener, org.springframework.boot.test.autoconfigure.restdocs.RestDocsTestExecutionListener, org.springframework.boot.test.autoconfigure.web.client.MockRestServiceServerResetTestExecutionListener, org.springframework.boot.test.autoconfigure.web.servlet.MockMvcPrintOnlyOnFailureTestExecutionListener, org.springframework.boot.test.autoconfigure.web.servlet.WebDriverTestExecutionListener, org.springframework.boot.test.autoconfigure.webservices.client.MockWebServiceServerTestExecutionListener, org.springframework.test.context.web.ServletTestExecutionListener, org.springframework.test.context.support.DirtiesContextBeforeModesTestExecutionListener, org.springframework.test.context.support.DependencyInjectionTestExecutionListener, org.springframework.test.context.support.DirtiesContextTestExecutionListener, org.springframework.test.context.transaction.TransactionalTestExecutionListener, org.springframework.test.context.jdbc.SqlScriptsTestExecutionListener, org.springframework.test.context.event.EventPublishingTestExecutionListener]
2024-04-18 19:32:03.549  INFO 123 --- [           main] .b.t.a.w.s.WebMvcTestContextBootstrapper : Using TestExecutionListeners: [org.springframework.test.context.web.ServletTestExecutionListener@3c38bb38, org.springframework.test.context.support.DirtiesContextBeforeModesTestExecutionListener@6e330ce7, org.springframework.boot.test.mock.mockito.MockitoTestExecutionListener@25757934, org.springframework.boot.test.autoconfigure.SpringBootDependencyInjectionTestExecutionListener@2a178b15, org.springframework.test.context.support.DirtiesContextTestExecutionListener@530f0414, org.springframework.test.context.transaction.TransactionalTestExecutionListener@252d6ea6, org.springframework.test.context.jdbc.SqlScriptsTestExecutionListener@2b9f0fee, org.springframework.test.context.event.EventPublishingTestExecutionListener@3dc666ab, org.springframework.boot.test.mock.mockito.ResetMocksTestExecutionListener@16c2eaa3, org.springframework.boot.test.autoconfigure.restdocs.RestDocsTestExecutionListener@58d4ee83, org.springframework.boot.test.autoconfigure.web.client.MockRestServiceServerResetTestExecutionListener@be77a08, org.springframework.boot.test.autoconfigure.web.servlet.MockMvcPrintOnlyOnFailureTestExecutionListener@51aa6e1, org.springframework.boot.test.autoconfigure.web.servlet.WebDriverTestExecutionListener@48cd313, org.springframework.boot.test.autoconfigure.webservices.client.MockWebServiceServerTestExecutionListener@7bd395f7]


              |\      _,,,--,,_
             /,`.-'`'   ._  \-;;,_
  _______ __|,4-  ) )_   .;.(__`'-'__     ___ __    _ ___ _______
 |       | '---''(_/._)-'(_\_)   |   |   |   |  |  | |   |       |
 |    _  |    ___|_     _|       |   |   |   |   |_| |   |       | __ _ _
 |   |_| |   |___  |   | |       |   |   |   |       |   |       | \ \ \ \
 |    ___|    ___| |   | |      _|   |___|   |  _    |   |      _|  \ \ \ \
 |   |   |   |___  |   | |     |_|       |   | | |   |   |     |_    ) ) ) )
 |___|   |_______| |___| |_______|_______|___|_|  |__|___|_______|  / / / /
 ==================================================================/_/_/_/

:: Built with Spring Boot :: 2.3.1.RELEASE


2024-04-18 19:32:03.577  INFO 123 --- [           main] o.s.s.p.owner.PetControllerTests         : Starting PetControllerTests on 2ec8f00d495f with PID 123 (started by ? in /var/lib/jenkins/workspace/dockerImagePipe@2)
2024-04-18 19:32:03.580  INFO 123 --- [           main] o.s.s.p.owner.PetControllerTests         : No active profile set, falling back to default profiles: default
2024-04-18 19:32:04.636  INFO 123 --- [           main] o.s.s.concurrent.ThreadPoolTaskExecutor  : Initializing ExecutorService 'applicationTaskExecutor'
2024-04-18 19:32:05.335  INFO 123 --- [           main] o.s.b.t.m.w.SpringBootMockServletContext : Initializing Spring TestDispatcherServlet ''
2024-04-18 19:32:05.335  INFO 123 --- [           main] o.s.t.web.servlet.TestDispatcherServlet  : Initializing Servlet ''
2024-04-18 19:32:05.349  INFO 123 --- [           main] o.s.t.web.servlet.TestDispatcherServlet  : Completed initialization in 14 ms
2024-04-18 19:32:05.371  INFO 123 --- [           main] o.s.s.p.owner.PetControllerTests         : Started PetControllerTests in 1.82 seconds (JVM running for 19.825)
[INFO] Tests run: 6, Failures: 0, Errors: 0, Skipped: 0, Time elapsed: 3.103 s - in org.springframework.samples.petclinic.owner.PetControllerTests
[INFO] Running org.springframework.samples.petclinic.owner.PetTypeFormatterTests
[INFO] Tests run: 3, Failures: 0, Errors: 0, Skipped: 0, Time elapsed: 0.038 s - in org.springframework.samples.petclinic.owner.PetTypeFormatterTests
[INFO] Running org.springframework.samples.petclinic.owner.OwnerControllerTests
2024-04-18 19:32:06.665  INFO 123 --- [           main] .b.t.a.w.s.WebMvcTestContextBootstrapper : Neither @ContextConfiguration nor @ContextHierarchy found for test class [org.springframework.samples.petclinic.owner.OwnerControllerTests], using SpringBootContextLoader
2024-04-18 19:32:06.667  INFO 123 --- [           main] o.s.t.c.support.AbstractContextLoader    : Could not detect default resource locations for test class [org.springframework.samples.petclinic.owner.OwnerControllerTests]: no resource found for suffixes {-context.xml, Context.groovy}.
2024-04-18 19:32:06.670  INFO 123 --- [           main] t.c.s.AnnotationConfigContextLoaderUtils : Could not detect default configuration classes for test class [org.springframework.samples.petclinic.owner.OwnerControllerTests]: OwnerControllerTests does not declare any static, non-private, non-final, nested classes annotated with @Configuration.
2024-04-18 19:32:06.680  INFO 123 --- [           main] .b.t.c.SpringBootTestContextBootstrapper : Found @SpringBootConfiguration org.springframework.samples.petclinic.PetClinicApplication for test class org.springframework.samples.petclinic.owner.OwnerControllerTests
2024-04-18 19:32:06.681  INFO 123 --- [           main] .b.t.a.w.s.WebMvcTestContextBootstrapper : Loaded default TestExecutionListener class names from location [META-INF/spring.factories]: [org.springframework.boot.test.mock.mockito.MockitoTestExecutionListener, org.springframework.boot.test.mock.mockito.ResetMocksTestExecutionListener, org.springframework.boot.test.autoconfigure.restdocs.RestDocsTestExecutionListener, org.springframework.boot.test.autoconfigure.web.client.MockRestServiceServerResetTestExecutionListener, org.springframework.boot.test.autoconfigure.web.servlet.MockMvcPrintOnlyOnFailureTestExecutionListener, org.springframework.boot.test.autoconfigure.web.servlet.WebDriverTestExecutionListener, org.springframework.boot.test.autoconfigure.webservices.client.MockWebServiceServerTestExecutionListener, org.springframework.test.context.web.ServletTestExecutionListener, org.springframework.test.context.support.DirtiesContextBeforeModesTestExecutionListener, org.springframework.test.context.support.DependencyInjectionTestExecutionListener, org.springframework.test.context.support.DirtiesContextTestExecutionListener, org.springframework.test.context.transaction.TransactionalTestExecutionListener, org.springframework.test.context.jdbc.SqlScriptsTestExecutionListener, org.springframework.test.context.event.EventPublishingTestExecutionListener]
2024-04-18 19:32:06.683  INFO 123 --- [           main] .b.t.a.w.s.WebMvcTestContextBootstrapper : Using TestExecutionListeners: [org.springframework.test.context.web.ServletTestExecutionListener@3fa3b360, org.springframework.test.context.support.DirtiesContextBeforeModesTestExecutionListener@321aaff0, org.springframework.boot.test.mock.mockito.MockitoTestExecutionListener@7b5f0c4c, org.springframework.boot.test.autoconfigure.SpringBootDependencyInjectionTestExecutionListener@4094dfbc, org.springframework.test.context.support.DirtiesContextTestExecutionListener@628e4c7d, org.springframework.test.context.transaction.TransactionalTestExecutionListener@50c1af3, org.springframework.test.context.jdbc.SqlScriptsTestExecutionListener@6b24b72, org.springframework.test.context.event.EventPublishingTestExecutionListener@60bd0d27, org.springframework.boot.test.mock.mockito.ResetMocksTestExecutionListener@70c058e9, org.springframework.boot.test.autoconfigure.restdocs.RestDocsTestExecutionListener@157e0f80, org.springframework.boot.test.autoconfigure.web.client.MockRestServiceServerResetTestExecutionListener@1833f86, org.springframework.boot.test.autoconfigure.web.servlet.MockMvcPrintOnlyOnFailureTestExecutionListener@95fdea4, org.springframework.boot.test.autoconfigure.web.servlet.WebDriverTestExecutionListener@7b2ac876, org.springframework.boot.test.autoconfigure.webservices.client.MockWebServiceServerTestExecutionListener@1ecdca9c]


              |\      _,,,--,,_
             /,`.-'`'   ._  \-;;,_
  _______ __|,4-  ) )_   .;.(__`'-'__     ___ __    _ ___ _______
 |       | '---''(_/._)-'(_\_)   |   |   |   |  |  | |   |       |
 |    _  |    ___|_     _|       |   |   |   |   |_| |   |       | __ _ _
 |   |_| |   |___  |   | |       |   |   |   |       |   |       | \ \ \ \
 |    ___|    ___| |   | |      _|   |___|   |  _    |   |      _|  \ \ \ \
 |   |   |   |___  |   | |     |_|       |   | | |   |   |     |_    ) ) ) )
 |___|   |_______| |___| |_______|_______|___|_|  |__|___|_______|  / / / /
 ==================================================================/_/_/_/

:: Built with Spring Boot :: 2.3.1.RELEASE


2024-04-18 19:32:06.713  INFO 123 --- [           main] o.s.s.p.owner.OwnerControllerTests       : Starting OwnerControllerTests on 2ec8f00d495f with PID 123 (started by ? in /var/lib/jenkins/workspace/dockerImagePipe@2)
2024-04-18 19:32:06.715  INFO 123 --- [           main] o.s.s.p.owner.OwnerControllerTests       : No active profile set, falling back to default profiles: default
2024-04-18 19:32:07.089  INFO 123 --- [           main] o.s.s.concurrent.ThreadPoolTaskExecutor  : Initializing ExecutorService 'applicationTaskExecutor'
2024-04-18 19:32:07.527  INFO 123 --- [           main] o.s.b.t.m.w.SpringBootMockServletContext : Initializing Spring TestDispatcherServlet ''
2024-04-18 19:32:07.528  INFO 123 --- [           main] o.s.t.web.servlet.TestDispatcherServlet  : Initializing Servlet ''
2024-04-18 19:32:07.534  INFO 123 --- [           main] o.s.t.web.servlet.TestDispatcherServlet  : Completed initialization in 6 ms
2024-04-18 19:32:07.548  INFO 123 --- [           main] o.s.s.p.owner.OwnerControllerTests       : Started OwnerControllerTests in 0.861 seconds (JVM running for 22.001)
[INFO] Tests run: 11, Failures: 0, Errors: 0, Skipped: 0, Time elapsed: 1.264 s - in org.springframework.samples.petclinic.owner.OwnerControllerTests
[INFO] Running org.springframework.samples.petclinic.owner.VisitControllerTests
2024-04-18 19:32:07.928  INFO 123 --- [           main] .b.t.a.w.s.WebMvcTestContextBootstrapper : Neither @ContextConfiguration nor @ContextHierarchy found for test class [org.springframework.samples.petclinic.owner.VisitControllerTests], using SpringBootContextLoader
2024-04-18 19:32:07.929  INFO 123 --- [           main] o.s.t.c.support.AbstractContextLoader    : Could not detect default resource locations for test class [org.springframework.samples.petclinic.owner.VisitControllerTests]: no resource found for suffixes {-context.xml, Context.groovy}.
2024-04-18 19:32:07.929  INFO 123 --- [           main] t.c.s.AnnotationConfigContextLoaderUtils : Could not detect default configuration classes for test class [org.springframework.samples.petclinic.owner.VisitControllerTests]: VisitControllerTests does not declare any static, non-private, non-final, nested classes annotated with @Configuration.
2024-04-18 19:32:07.937  INFO 123 --- [           main] .b.t.c.SpringBootTestContextBootstrapper : Found @SpringBootConfiguration org.springframework.samples.petclinic.PetClinicApplication for test class org.springframework.samples.petclinic.owner.VisitControllerTests
2024-04-18 19:32:07.937  INFO 123 --- [           main] .b.t.a.w.s.WebMvcTestContextBootstrapper : Loaded default TestExecutionListener class names from location [META-INF/spring.factories]: [org.springframework.boot.test.mock.mockito.MockitoTestExecutionListener, org.springframework.boot.test.mock.mockito.ResetMocksTestExecutionListener, org.springframework.boot.test.autoconfigure.restdocs.RestDocsTestExecutionListener, org.springframework.boot.test.autoconfigure.web.client.MockRestServiceServerResetTestExecutionListener, org.springframework.boot.test.autoconfigure.web.servlet.MockMvcPrintOnlyOnFailureTestExecutionListener, org.springframework.boot.test.autoconfigure.web.servlet.WebDriverTestExecutionListener, org.springframework.boot.test.autoconfigure.webservices.client.MockWebServiceServerTestExecutionListener, org.springframework.test.context.web.ServletTestExecutionListener, org.springframework.test.context.support.DirtiesContextBeforeModesTestExecutionListener, org.springframework.test.context.support.DependencyInjectionTestExecutionListener, org.springframework.test.context.support.DirtiesContextTestExecutionListener, org.springframework.test.context.transaction.TransactionalTestExecutionListener, org.springframework.test.context.jdbc.SqlScriptsTestExecutionListener, org.springframework.test.context.event.EventPublishingTestExecutionListener]
2024-04-18 19:32:07.937  INFO 123 --- [           main] .b.t.a.w.s.WebMvcTestContextBootstrapper : Using TestExecutionListeners: [org.springframework.test.context.web.ServletTestExecutionListener@35b4bd21, org.springframework.test.context.support.DirtiesContextBeforeModesTestExecutionListener@20fcc1c7, org.springframework.boot.test.mock.mockito.MockitoTestExecutionListener@5b3349bb, org.springframework.boot.test.autoconfigure.SpringBootDependencyInjectionTestExecutionListener@50a071c5, org.springframework.test.context.support.DirtiesContextTestExecutionListener@40ed9345, org.springframework.test.context.transaction.TransactionalTestExecutionListener@6599066, org.springframework.test.context.jdbc.SqlScriptsTestExecutionListener@47e67f87, org.springframework.test.context.event.EventPublishingTestExecutionListener@149b10e7, org.springframework.boot.test.mock.mockito.ResetMocksTestExecutionListener@38c0ce8a, org.springframework.boot.test.autoconfigure.restdocs.RestDocsTestExecutionListener@72d0a354, org.springframework.boot.test.autoconfigure.web.client.MockRestServiceServerResetTestExecutionListener@63ef0ce, org.springframework.boot.test.autoconfigure.web.servlet.MockMvcPrintOnlyOnFailureTestExecutionListener@4a6ed4c6, org.springframework.boot.test.autoconfigure.web.servlet.WebDriverTestExecutionListener@7464e79f, org.springframework.boot.test.autoconfigure.webservices.client.MockWebServiceServerTestExecutionListener@3592044]


              |\      _,,,--,,_
             /,`.-'`'   ._  \-;;,_
  _______ __|,4-  ) )_   .;.(__`'-'__     ___ __    _ ___ _______
 |       | '---''(_/._)-'(_\_)   |   |   |   |  |  | |   |       |
 |    _  |    ___|_     _|       |   |   |   |   |_| |   |       | __ _ _
 |   |_| |   |___  |   | |       |   |   |   |       |   |       | \ \ \ \
 |    ___|    ___| |   | |      _|   |___|   |  _    |   |      _|  \ \ \ \
 |   |   |   |___  |   | |     |_|       |   | | |   |   |     |_    ) ) ) )
 |___|   |_______| |___| |_______|_______|___|_|  |__|___|_______|  / / / /
 ==================================================================/_/_/_/

:: Built with Spring Boot :: 2.3.1.RELEASE


2024-04-18 19:32:07.956  INFO 123 --- [           main] o.s.s.p.owner.VisitControllerTests       : Starting VisitControllerTests on 2ec8f00d495f with PID 123 (started by ? in /var/lib/jenkins/workspace/dockerImagePipe@2)
2024-04-18 19:32:07.962  INFO 123 --- [           main] o.s.s.p.owner.VisitControllerTests       : No active profile set, falling back to default profiles: default
2024-04-18 19:32:08.321  INFO 123 --- [           main] o.s.s.concurrent.ThreadPoolTaskExecutor  : Initializing ExecutorService 'applicationTaskExecutor'
2024-04-18 19:32:08.740  INFO 123 --- [           main] o.s.b.t.m.w.SpringBootMockServletContext : Initializing Spring TestDispatcherServlet ''
2024-04-18 19:32:08.741  INFO 123 --- [           main] o.s.t.web.servlet.TestDispatcherServlet  : Initializing Servlet ''
2024-04-18 19:32:08.747  INFO 123 --- [           main] o.s.t.web.servlet.TestDispatcherServlet  : Completed initialization in 6 ms
2024-04-18 19:32:08.759  INFO 123 --- [           main] o.s.s.p.owner.VisitControllerTests       : Started VisitControllerTests in 0.819 seconds (JVM running for 23.212)
[INFO] Tests run: 3, Failures: 0, Errors: 0, Skipped: 0, Time elapsed: 0.986 s - in org.springframework.samples.petclinic.owner.VisitControllerTests
[INFO] Running org.springframework.samples.petclinic.vet.VetTests
[INFO] Tests run: 1, Failures: 0, Errors: 0, Skipped: 0, Time elapsed: 0 s - in org.springframework.samples.petclinic.vet.VetTests
[INFO] Running org.springframework.samples.petclinic.vet.VetControllerTests
2024-04-18 19:32:08.929  INFO 123 --- [           main] .b.t.a.w.s.WebMvcTestContextBootstrapper : Neither @ContextConfiguration nor @ContextHierarchy found for test class [org.springframework.samples.petclinic.vet.VetControllerTests], using SpringBootContextLoader
2024-04-18 19:32:08.930  INFO 123 --- [           main] o.s.t.c.support.AbstractContextLoader    : Could not detect default resource locations for test class [org.springframework.samples.petclinic.vet.VetControllerTests]: no resource found for suffixes {-context.xml, Context.groovy}.
2024-04-18 19:32:08.930  INFO 123 --- [           main] t.c.s.AnnotationConfigContextLoaderUtils : Could not detect default configuration classes for test class [org.springframework.samples.petclinic.vet.VetControllerTests]: VetControllerTests does not declare any static, non-private, non-final, nested classes annotated with @Configuration.
2024-04-18 19:32:08.940  INFO 123 --- [           main] .b.t.c.SpringBootTestContextBootstrapper : Found @SpringBootConfiguration org.springframework.samples.petclinic.PetClinicApplication for test class org.springframework.samples.petclinic.vet.VetControllerTests
2024-04-18 19:32:08.941  INFO 123 --- [           main] .b.t.a.w.s.WebMvcTestContextBootstrapper : Loaded default TestExecutionListener class names from location [META-INF/spring.factories]: [org.springframework.boot.test.mock.mockito.MockitoTestExecutionListener, org.springframework.boot.test.mock.mockito.ResetMocksTestExecutionListener, org.springframework.boot.test.autoconfigure.restdocs.RestDocsTestExecutionListener, org.springframework.boot.test.autoconfigure.web.client.MockRestServiceServerResetTestExecutionListener, org.springframework.boot.test.autoconfigure.web.servlet.MockMvcPrintOnlyOnFailureTestExecutionListener, org.springframework.boot.test.autoconfigure.web.servlet.WebDriverTestExecutionListener, org.springframework.boot.test.autoconfigure.webservices.client.MockWebServiceServerTestExecutionListener, org.springframework.test.context.web.ServletTestExecutionListener, org.springframework.test.context.support.DirtiesContextBeforeModesTestExecutionListener, org.springframework.test.context.support.DependencyInjectionTestExecutionListener, org.springframework.test.context.support.DirtiesContextTestExecutionListener, org.springframework.test.context.transaction.TransactionalTestExecutionListener, org.springframework.test.context.jdbc.SqlScriptsTestExecutionListener, org.springframework.test.context.event.EventPublishingTestExecutionListener]
2024-04-18 19:32:08.941  INFO 123 --- [           main] .b.t.a.w.s.WebMvcTestContextBootstrapper : Using TestExecutionListeners: [org.springframework.test.context.web.ServletTestExecutionListener@64f65e77, org.springframework.test.context.support.DirtiesContextBeforeModesTestExecutionListener@662c5207, org.springframework.boot.test.mock.mockito.MockitoTestExecutionListener@5fea3c16, org.springframework.boot.test.autoconfigure.SpringBootDependencyInjectionTestExecutionListener@7dea7d05, org.springframework.test.context.support.DirtiesContextTestExecutionListener@2b399129, org.springframework.test.context.transaction.TransactionalTestExecutionListener@2f815223, org.springframework.test.context.jdbc.SqlScriptsTestExecutionListener@2105c149, org.springframework.test.context.event.EventPublishingTestExecutionListener@f299239, org.springframework.boot.test.mock.mockito.ResetMocksTestExecutionListener@68fefa2c, org.springframework.boot.test.autoconfigure.restdocs.RestDocsTestExecutionListener@4d4bad5a, org.springframework.boot.test.autoconfigure.web.client.MockRestServiceServerResetTestExecutionListener@424b3233, org.springframework.boot.test.autoconfigure.web.servlet.MockMvcPrintOnlyOnFailureTestExecutionListener@1b0c819, org.springframework.boot.test.autoconfigure.web.servlet.WebDriverTestExecutionListener@1e006d99, org.springframework.boot.test.autoconfigure.webservices.client.MockWebServiceServerTestExecutionListener@eb1327e]


              |\      _,,,--,,_
             /,`.-'`'   ._  \-;;,_
  _______ __|,4-  ) )_   .;.(__`'-'__     ___ __    _ ___ _______
 |       | '---''(_/._)-'(_\_)   |   |   |   |  |  | |   |       |
 |    _  |    ___|_     _|       |   |   |   |   |_| |   |       | __ _ _
 |   |_| |   |___  |   | |       |   |   |   |       |   |       | \ \ \ \
 |    ___|    ___| |   | |      _|   |___|   |  _    |   |      _|  \ \ \ \
 |   |   |   |___  |   | |     |_|       |   | | |   |   |     |_    ) ) ) )
 |___|   |_______| |___| |_______|_______|___|_|  |__|___|_______|  / / / /
 ==================================================================/_/_/_/

:: Built with Spring Boot :: 2.3.1.RELEASE


2024-04-18 19:32:08.973  INFO 123 --- [           main] o.s.s.petclinic.vet.VetControllerTests   : Starting VetControllerTests on 2ec8f00d495f with PID 123 (started by ? in /var/lib/jenkins/workspace/dockerImagePipe@2)
2024-04-18 19:32:08.974  INFO 123 --- [           main] o.s.s.petclinic.vet.VetControllerTests   : No active profile set, falling back to default profiles: default
2024-04-18 19:32:09.332  INFO 123 --- [           main] o.s.s.concurrent.ThreadPoolTaskExecutor  : Initializing ExecutorService 'applicationTaskExecutor'
2024-04-18 19:32:09.666  INFO 123 --- [           main] o.s.b.t.m.w.SpringBootMockServletContext : Initializing Spring TestDispatcherServlet ''
2024-04-18 19:32:09.667  INFO 123 --- [           main] o.s.t.web.servlet.TestDispatcherServlet  : Initializing Servlet ''
2024-04-18 19:32:09.673  INFO 123 --- [           main] o.s.t.web.servlet.TestDispatcherServlet  : Completed initialization in 6 ms
2024-04-18 19:32:09.684  INFO 123 --- [           main] o.s.s.petclinic.vet.VetControllerTests   : Started VetControllerTests in 0.739 seconds (JVM running for 24.138)
[INFO] Tests run: 2, Failures: 0, Errors: 0, Skipped: 0, Time elapsed: 0.992 s - in org.springframework.samples.petclinic.vet.VetControllerTests
2024-04-18 19:32:10.180  INFO 123 --- [extShutdownHook] o.s.s.concurrent.ThreadPoolTaskExecutor  : Shutting down ExecutorService 'applicationTaskExecutor'
2024-04-18 19:32:10.180  INFO 123 --- [extShutdownHook] o.s.s.concurrent.ThreadPoolTaskExecutor  : Shutting down ExecutorService 'applicationTaskExecutor'
2024-04-18 19:32:10.181  INFO 123 --- [extShutdownHook] o.s.s.concurrent.ThreadPoolTaskExecutor  : Shutting down ExecutorService 'applicationTaskExecutor'
2024-04-18 19:32:10.181  INFO 123 --- [extShutdownHook] o.s.s.concurrent.ThreadPoolTaskExecutor  : Shutting down ExecutorService 'applicationTaskExecutor'
2024-04-18 19:32:10.184  INFO 123 --- [extShutdownHook] j.LocalContainerEntityManagerFactoryBean : Closing JPA EntityManagerFactory for persistence unit 'default'
2024-04-18 19:32:10.188  INFO 123 --- [extShutdownHook] j.LocalContainerEntityManagerFactoryBean : Closing JPA EntityManagerFactory for persistence unit 'default'
2024-04-18 19:32:10.194  INFO 123 --- [extShutdownHook] o.s.s.concurrent.ThreadPoolTaskExecutor  : Shutting down ExecutorService 'applicationTaskExecutor'
2024-04-18 19:32:10.196  INFO 123 --- [extShutdownHook] com.zaxxer.hikari.HikariDataSource       : HikariPool-1 - Shutdown initiated...
2024-04-18 19:32:10.200  INFO 123 --- [extShutdownHook] com.zaxxer.hikari.HikariDataSource       : HikariPool-1 - Shutdown completed.
2024-04-18 19:32:10.205  INFO 123 --- [extShutdownHook] org.ehcache.core.EhcacheManager          : Cache 'vets' removed from EhcacheManager.
[INFO] 
[INFO] Results:
[INFO] 
[WARNING] Tests run: 40, Failures: 0, Errors: 0, Skipped: 1
[INFO] 
[INFO] 
[INFO] --- jacoco-maven-plugin:0.8.5:report (report) @ spring-petclinic ---
[INFO] Loading execution data file /var/lib/jenkins/workspace/dockerImagePipe@2/target/jacoco.exec
[INFO] Analyzed bundle 'petclinic' with 20 classes
[INFO] 
[INFO] --- maven-jar-plugin:3.2.0:jar (default-jar) @ spring-petclinic ---
[INFO] Building jar: /var/lib/jenkins/workspace/dockerImagePipe@2/target/spring-petclinic-2.3.1.BUILD-SNAPSHOT.jar
[INFO] 
[INFO] --- spring-boot-maven-plugin:2.3.1.RELEASE:repackage (repackage) @ spring-petclinic ---
[INFO] Replacing main artifact with repackaged archive
[INFO] 
[INFO] >>> maven-pmd-plugin:3.14.0:check (default) > :pmd @ spring-petclinic >>>
[INFO] 
[INFO] --- maven-pmd-plugin:3.14.0:pmd (pmd) @ spring-petclinic ---
[WARNING] Unable to locate Source XRef to link to - DISABLED
[WARNING] Unable to locate Source XRef to link to - DISABLED
[INFO] ------------------------------------------------------------------------
[INFO] BUILD FAILURE
[INFO] ------------------------------------------------------------------------
[INFO] Total time:  01:31 min
[INFO] Finished at: 2024-04-18T19:32:12Z
[INFO] ------------------------------------------------------------------------
[ERROR] Failed to execute goal org.apache.maven.plugins:maven-pmd-plugin:3.14.0:pmd (pmd) on project spring-petclinic: Execution pmd of goal org.apache.maven.plugins:maven-pmd-plugin:3.14.0:pmd failed: org.apache.maven.reporting.MavenReportException: Could not find resource 'ruleset.xml'. -> [Help 1]
[ERROR] 
[ERROR] To see the full stack trace of the errors, re-run Maven with the -e switch.
[ERROR] Re-run Maven using the -X switch to enable full debug logging.
[ERROR] 
[ERROR] For more information about the errors and possible solutions, please read the following articles:
[ERROR] [Help 1] http://cwiki.apache.org/confluence/display/MAVEN/PluginExecutionException
[8mha:////4KIuyvAHeja/VkkZLHJ6lTHMO20J6/0j9HwSdO3z6Go5AAAApB+LCAAAAAAAAP9tjTEOwjAQBC9BFLSUPOIiAR2iSmu54QUmNsaJdWdsh6TiRXyNPxCIRMUWq51t5vmCZYpw5GixNdQ5So3D4Hs7LRw4dhfPA7Z8xoYpsTcozSBZm3pGydnAnKKEhYCVocZzcmQzrEWr7qryimx1ynH6DgJKp2/wgEJM5qxi/sIYYXPtdWL6ef4KYAwhQ7nbf2r7Bij33Ma+AAAA[0m[Pipeline] }
$ docker stop --time=1 2ec8f00d495f490493558a719287abebf6fff7b633f756275dac93d99724040a
$ docker rm -f --volumes 2ec8f00d495f490493558a719287abebf6fff7b633f756275dac93d99724040a
[8mha:////4FMEfYnVyd48kt+QH9Dk99mTkKn4bDFs5+VCqrb/RZ8aAAAApB+LCAAAAAAAAP9tjTEOwjAQBC9BFLSUPOIihKgQVVrLDS8wsTFOrDtjOyQVL+Jr/IFAJCq2WO1sM88XLFOEI0eLraHOUWocBt/baeHAsbt4HrDlMzZMib1BaQbJ2tQzSs4G5hQlLASsDDWekyObYS1adVeVV2SrU47TdxBQOn2DBxRiMmcV8xfGCJtrrxPTz/NXAGMIGcrd/lPbNzd1iZS+AAAA[0m[Pipeline] // withDockerContainer
[8mha:////4MtwvHA677YJOg0K46yvfZLbbblf9PqTGoeLIcRNQCsnAAAApR+LCAAAAAAAAP9tjTEOwjAQBC9BFLSUPOIiAaJBqWgtN7zAJMY4se6C7eBUvIiv8QcsIlGxxWpnm3m9YRk81OwNdpp6S6GxOLjR5IWJfX91nLDjCzZMgZ1GqZPkVp9mlBw1zClKWAhYaWocB0smwlp06qEqp8hU5+jzdxRQ2vYOTyhENkfl4xcmD5vb2Aamn+evAKZhiFDuDrm2+w9Xwmx7vgAAAA==[0m[Pipeline] }
[8mha:////4FzC36zK2s1I2Sh0sKRrRm/xv2H6u3dVatrjmSRJl0jsAAAApR+LCAAAAAAAAP9tjTEOwjAQBC9BFLSUPMKRSEGBqNJaaXiBiQ/jxLoztkNS8SK+xh+wiETFFqudbeb1hnUMcOJgRI80WIqdFd6NJi8xcRiujifR80V0TJEdihanljU2C7acEJYUJawkbJA6x9GSSbCVvXqoyiky1TmF/B0llFbf4QmFzOakQvrCHGB3G3Vk+nn+CmD2PkFZH3Lt6w9RhFQuvgAAAA==[0m[Pipeline] // withEnv
[8mha:////4CsZLdZpo1vvgzl7lssAxcpZWHlH06NYis5rBsAQdcZ5AAAApR+LCAAAAAAAAP9tjTEOwjAQBC9BFLSUPOIioEFCqWgtN7zAJMY4se6C7eBUvIiv8QcsIlGxxWpnm3m9YRk81OwNdpp6S6GxOLjR5IWJfX91nLDjCzZMgZ1GqZPkVp9mlBw1zClKWAhYaWocB0smwlp06qEqp8hU5+jzdxRQ2vYOTyhENkfl4xcmD5vb2Aamn+evAKZhiFDuD7l22w+oVwwxvgAAAA==[0m[Pipeline] }
[8mha:////4ERJeHEAj0jc6qSjIqK6nAnb5hS46yRQMuVViD7eOBO9AAAApR+LCAAAAAAAAP9tjTEOwjAQBC9BFLSUPOKCoEIoFa3lhheYxBgn1l2wHZyKF/E1/oBFJCq2WO1sM683LIOHmr3BTlNvKTQWBzeavDCx76+OE3Z8wYYpsNModZLc6tOMkqOGOUUJCwErTY3jYMlEWItOPVTlFJnqHH3+jgJK297hCYXI5qh8/MLkYXMb28D08/wVwDQMEcr9Iddu+wGbtFeNvgAAAA==[0m[Pipeline] // node
[8mha:////4CmXhYoLOMUGoBt/4ed8b4T/9MJfw+T4JfqngD7kRqpnAAAApR+LCAAAAAAAAP9tjTEOwjAQBC9BFLSUPOICEg1CqWgtN7zAJMY4se6C7eBUvIiv8QcsIlGxxWpnm3m9YRk81OwNdpp6S6GxOLjR5IWJfX91nLDjCzZMgZ1GqZPkVp9mlBw1zClKWAhYaWocB0smwlp06qEqp8hU5+jzdxRQ2vYOTyhENkfl4xcmD5vb2Aamn+evAKZhiFDut7l2hw+6MA49vgAAAA==[0m[Pipeline] }
[8mha:////4C6OqXTrI0+MOs52T+76/aoxJz9PWcfMeP6RqN13SJFCAAAAph+LCAAAAAAAAP9tjTEOwjAQBC9BFLSUPOKiSBRIiCqtlYYXmNgYJ9adsR2SihfxNf6ARSQqtljtbDOvN6xjgBMHg72mwVLsLHo3mrxw4jBcHU/Y8wU7pshOY6unlpVuFmw5aVhSlLASsNHUOY6WTIKt6OVDVk6Sqc4p5O8ooLTqDk8oRDYnGdIX5gC726gi08/zVwCz9wnKfZ2rPnwAidNVgb4AAAA=[0m[Pipeline] // stage
[8mha:////4B7MWlhzRm7xxKwRGLfhhkXQQKPS/FVOJATnXDlUu/x/AAAApx+LCAAAAAAAAP9tjTEOwjAUQ3+LOrAycohURWyIqWvUhROEJoSk0f8lSUknTsTVuAOBSkx4sGxL1nu+oAoejuQ1swoHg6E3bHSTzokl8sPFUWKWzqwnDOQU61TqSKp2qR1FBYuKElYc1gp7R8GgjrDhVtxF7QTq+hR93g4cSiNv8ICCZ3IUPn7L7GF7nWQg/HH+AmAeI5RNk22/+zyrN8gjksnCAAAA[0m[Pipeline] stage
[8mha:////4CGlJJbVdtBTwI92uZdktidM+o6ZSIjWUqphZZV82PK2AAAApx+LCAAAAAAAAP9tjTEOwjAUQ3+LOrAycohUAjbE1DXKwglCE0La6P/yk9JOnIircQdaKjHhwbItWe/1hiIynIidaCy2HmPtRRd6NyUxELfXQINo6CJqwkjBCmUHRcZWS1WULCzKclhJWFusA0WPLsFGNvqhy6DRlefE03aUkHtzhydkciInzelbRobtrTeR8Mf5C4CxS5AfdrPt52fxAXzhjwPCAAAA[0m[Pipeline] { (Docker Build)
Stage "Docker Build" skipped due to earlier failure(s)
[8mha:////4AqYqAKvk228jN70uE5fd4LFcC6B++pNgnHaFPppdISaAAAAox+LCAAAAAAAAP9tjTEOwjAQBC9BFLSUPOJSkA5R0VppeIFJjLFj3Tm2g1PxIr7GHwhEomKL1c4283zBOgY4ctBoFfWGYmvQu1HPCzOH/uo4o+ULtkyRncJG5YY7dVqw4aRgSVHCSsBGUes4GtIJtsLKu6ycJF2dU5i/g4DSdAM8oBCzOcmQvjAF2N3GLjL9PH8FMHmfoKzrT+3f9289O74AAAA=[0m[Pipeline] }
[8mha:////4BwKj5fNOEEX9U3JiXoFdgUjWC914RlZM+OuotZ6DUZJAAAApB+LCAAAAAAAAP9tjTEOwjAQBC9BFLSUPOIiIagQVVrLDS8wsTFOrDtjOyQVL+Jr/IFAJCq2WO1sM88XLFOEI0eLraHOUWocBt/baeHAsbt4HrDlMzZMib1BaQbJ2tQzSs4G5hQlLASsDDWekyObYS1adVeVV2SrU47TdxBQOn2DBxRiMmcV8xfGCJtrrxPTz/NXAGMIGcrd/lPbN8SMZoe+AAAA[0m[Pipeline] // stage
[8mha:////4KMdDDdlSOWtkEcHNlsa9TVx/99BEzstE8p88/YFMYpaAAAAqB+LCAAAAAAAAP9tjTEOwjAUQ3+LOrAycohUlRALYuoadeEEoQkhafR/SVLSiRNxNe5AoBITHizbkvWeL6iChyN5zazCwWDoDRvdpHNiifxwcZSYpTPrCQM5xTqVOpKqXWpHUcGiooQVh7XC3lEwqCNsuBV3UTuBuj5Fn7cDh9LIGzyg4JkchY/fMnvYXicZCH+cvwCYxwhl02Tb7T/P6g3eYQNSwgAAAA==[0m[Pipeline] stage
[8mha:////4K9/HTUkls0d/EzcD5BbXBwyIKXZVK4Cs7lB7XzmkNr+AAAApx+LCAAAAAAAAP9tjTEOwjAUQ3+LOrAycoh0QTAgpq5RFk4QmhDSRv+Xn5R24kRcjTvQUokJD5ZtyXqvNxSR4UTsRGOx9RhrL7rQuymJgbi9BhpEQxdRE0YKVig7KDK2WqqiZGFRlsNKwtpiHSh6dAk2stEPXQaNrjwnnrajhNybOzwhkxM5aU7fMjJsb72JhD/OXwCMXYJ8t5/tMD+LD+jQxyjCAAAA[0m[Pipeline] { (Docker Push)
Stage "Docker Push" skipped due to earlier failure(s)
[8mha:////4FHI2g9kItNL4G18vcKpinnzVCzxOuPsCvMtfBIbVUXZAAAApR+LCAAAAAAAAP9tjTEOwjAQBC9BFLSUPOLSIIGEqNJabniBiY1xYt0Z2yGpeBFf4w8EIlGxxWpnm3m+YJkiHDlabA11jlLjMPjeTgsHjt3F84Atn7FhSuwNSjNI1qaeUXI2MKcoYSFgZajxnBzZDGvRqruqvCJbnXKcvoOA0ukbPKAQkzmrmL8wRthce52Yfp6/AhhDyFBu95/avQGVa5JLvgAAAA==[0m[Pipeline] }
[8mha:////4IrShQmBf/WygVH8L3qQpYWeacB/474ReSHBoVu8zETYAAAApR+LCAAAAAAAAP9tjTEOwjAQBC9BFLSUPOLSICSEqNJabniBiY1xYt0Z2yGpeBFf4w8EIlGxxWpnm3m+YJkiHDlabA11jlLjMPjeTgsHjt3F84Atn7FhSuwNSjNI1qaeUXI2MKcoYSFgZajxnBzZDGvRqruqvCJbnXKcvoOA0ukbPKAQkzmrmL8wRthce52Yfp6/AhhDyFBu95/avQGmiMn3vgAAAA==[0m[Pipeline] // stage
[8mha:////4MS1UPhN46IKGqtrKRQymo5Cspzb8izWm7wgvfnbdDSAAAAApB+LCAAAAAAAAP9tjTEOwjAQBC9BFLSUPMIhBRWiSmul4QUmPowT687YDknFi/gaf8AiEhVbrHa2mdcb1jHAiYMRPdJgKXZWeDeavMTEYbg6nkTPF9ExRXYoWpxa1tgs2HJCWFKUsJKwQeocR0smwVb26qEqp8hU5xTyd5RQWn2HJxQym5MK6QtzgN1t1JHp5/krgNn7BOVhn6uuPzyzopW+AAAA[0m[Pipeline] }
[8mha:////4F/RShBY6GBeXvxrjdMaNVxTAtjsbZYhbWgElcm5lyCqAAAApB+LCAAAAAAAAP9tjTEOwjAQBC9BFLSUPMIhBRWiSmul4QUmPowT687YDknFi/gaf8AiEhVbrHa2mdcb1jHAiYMRPdJgKXZWeDeavMTEYbg6nkTPF9ExRXYoWpxa1tgs2HJCWFKUsJKwQeocR0smwVb26qEqp8hU5xTyd5RQWn2HJxQym5MK6QtzgN1t1JHp5/krgNn7BOWhzlXvPw9Q+Sm+AAAA[0m[Pipeline] // withEnv
[8mha:////4BKGq9E/dAzQcw/44AXYUp1okjFJQ1+5eLOu13qsxmu/AAAAox+LCAAAAAAAAP9tjTEOwjAQBDdBFLSUPMKREFSIitZKwwtMYowT6y7YF5KKF/E1/kBEJCq22plmXm8sU8SRo1ONpdZTqrzqQu+mpwaO7TXwoBq+qIopcbCqtEPJtT3NWLJYzMtyLDRWlqrAyZMTrHVjHqYIhlxxlji5g0bu6zueyPRUFhPlC2PE5tbXienX+RvA2HWCfL8VZLsP8zoUM70AAAA=[0m[Pipeline] }
[8mha:////4KeNtqUP6sxPyqcmsGBkNWz1AyKs7ca13Fc5aIAYhUbbAAAAox+LCAAAAAAAAP9tjTESgjAQRT84FraWHiIUjJVjZZuh8QQRYgxkdjFZhMoTeTXvICMzVv7qv9e81xvrFHHk6FRrqfOUaq/6MLj5qZFjdw08qpYvqmZKHKyq7FhxY08LViwWy7IcK42NpTpw8uQEW92ahymCIVecJc7uoJH75o4nMj2XxUT5whSxuw1NYvp1/gYw9b0g35eCrPwA4IYQkL0AAAA=[0m[Pipeline] // node
[8mha:////4Iol+O0FksKzBefIy+IrY7SFlYKGbGWiWk1FdAbDVX6YAAAAox+LCAAAAAAAAP9tjTEOwjAQBDdBFLSUPMKREFSIitZKwwtMYowT6y7YF5KKF/E1/kBEJCq22plmXm8sU8SRo1ONpdZTqrzqQu+mpwaO7TXwoBq+qIopcbCqtEPJtT3NWLJYzMtyLDRWlqrAyZMTrHVjHqYIhlxxlji5g0bu6zueyPRUFhPlC2PE5tbXienX+RvA2HWCfL8TZNsPZmo3Vb0AAAA=[0m[Pipeline] End of Pipeline
ERROR: script returned exit code 1
Finished: FAILURE
